Checking whether the ASM compiler is GNU using "--version" did not match "(GNU assembler)|(GCC)|(Free Software Foundation)":
Apple LLVM version 10.0.0 (clang-1000.11.45.5)
Target: x86_64-apple-darwin18.2.0
Thread model: posix
InstalledDir: /Applications/Xcode.app/Contents/Developer/Toolchains/XcodeDefault.xctoolchain/usr/bin
Checking whether the ASM compiler is Clang using "--version" did not match "(clang version)":
Apple LLVM version 10.0.0 (clang-1000.11.45.5)
Target: x86_64-apple-darwin18.2.0
Thread model: posix
InstalledDir: /Applications/Xcode.app/Contents/Developer/Toolchains/XcodeDefault.xctoolchain/usr/bin
Determining if files asm/types.h exist failed with the following output:
Change Dir: /Users/spinlock/src/wrmsr/cpython/cmake-build-debug/CMakeFiles/CMakeTmp

Run Build Command:"/usr/local/bin/gmake" "cmTC_e11a3/fast"
/usr/local/bin/gmake -f CMakeFiles/cmTC_e11a3.dir/build.make CMakeFiles/cmTC_e11a3.dir/build
gmake[1]: Entering directory '/Users/spinlock/src/wrmsr/cpython/cmake-build-debug/CMakeFiles/CMakeTmp'
Building C object CMakeFiles/cmTC_e11a3.dir/HAVE_ASM_TYPES_H.c.o
/Applications/Xcode.app/Contents/Developer/Toolchains/XcodeDefault.xctoolchain/usr/bin/cc   -arch x86_64 -isysroot /Applications/Xcode.app/Contents/Developer/Platforms/MacOSX.platform/Developer/SDKs/MacOSX10.14.sdk   -o CMakeFiles/cmTC_e11a3.dir/HAVE_ASM_TYPES_H.c.o   -c /Users/spinlock/src/wrmsr/cpython/cmake-build-debug/CMakeFiles/CheckIncludeFiles/HAVE_ASM_TYPES_H.c
/Users/spinlock/src/wrmsr/cpython/cmake-build-debug/CMakeFiles/CheckIncludeFiles/HAVE_ASM_TYPES_H.c:2:10: fatal error: 'asm/types.h' file not found
#include <asm/types.h>
         ^~~~~~~~~~~~~
1 error generated.
gmake[1]: *** [CMakeFiles/cmTC_e11a3.dir/build.make:66: CMakeFiles/cmTC_e11a3.dir/HAVE_ASM_TYPES_H.c.o] Error 1
gmake[1]: Leaving directory '/Users/spinlock/src/wrmsr/cpython/cmake-build-debug/CMakeFiles/CMakeTmp'
gmake: *** [Makefile:121: cmTC_e11a3/fast] Error 2

Source:
/* */
#include <asm/types.h>


int main(void){return 0;}

Determining if files bluetooth/bluetooth.h exist failed with the following output:
Change Dir: /Users/spinlock/src/wrmsr/cpython/cmake-build-debug/CMakeFiles/CMakeTmp

Run Build Command:"/usr/local/bin/gmake" "cmTC_48996/fast"
/usr/local/bin/gmake -f CMakeFiles/cmTC_48996.dir/build.make CMakeFiles/cmTC_48996.dir/build
gmake[1]: Entering directory '/Users/spinlock/src/wrmsr/cpython/cmake-build-debug/CMakeFiles/CMakeTmp'
Building C object CMakeFiles/cmTC_48996.dir/HAVE_BLUETOOTH_BLUETOOTH_H.c.o
/Applications/Xcode.app/Contents/Developer/Toolchains/XcodeDefault.xctoolchain/usr/bin/cc   -arch x86_64 -isysroot /Applications/Xcode.app/Contents/Developer/Platforms/MacOSX.platform/Developer/SDKs/MacOSX10.14.sdk   -o CMakeFiles/cmTC_48996.dir/HAVE_BLUETOOTH_BLUETOOTH_H.c.o   -c /Users/spinlock/src/wrmsr/cpython/cmake-build-debug/CMakeFiles/CheckIncludeFiles/HAVE_BLUETOOTH_BLUETOOTH_H.c
/Users/spinlock/src/wrmsr/cpython/cmake-build-debug/CMakeFiles/CheckIncludeFiles/HAVE_BLUETOOTH_BLUETOOTH_H.c:2:10: fatal error: 'bluetooth/bluetooth.h' file not found
#include <bluetooth/bluetooth.h>
         ^~~~~~~~~~~~~~~~~~~~~~~
1 error generated.
gmake[1]: *** [CMakeFiles/cmTC_48996.dir/build.make:66: CMakeFiles/cmTC_48996.dir/HAVE_BLUETOOTH_BLUETOOTH_H.c.o] Error 1
gmake[1]: Leaving directory '/Users/spinlock/src/wrmsr/cpython/cmake-build-debug/CMakeFiles/CMakeTmp'
gmake: *** [Makefile:121: cmTC_48996/fast] Error 2

Source:
/* */
#include <bluetooth/bluetooth.h>


int main(void){return 0;}

Determining if files bluetooth.h exist failed with the following output:
Change Dir: /Users/spinlock/src/wrmsr/cpython/cmake-build-debug/CMakeFiles/CMakeTmp

Run Build Command:"/usr/local/bin/gmake" "cmTC_5c074/fast"
/usr/local/bin/gmake -f CMakeFiles/cmTC_5c074.dir/build.make CMakeFiles/cmTC_5c074.dir/build
gmake[1]: Entering directory '/Users/spinlock/src/wrmsr/cpython/cmake-build-debug/CMakeFiles/CMakeTmp'
Building C object CMakeFiles/cmTC_5c074.dir/HAVE_BLUETOOTH_H.c.o
/Applications/Xcode.app/Contents/Developer/Toolchains/XcodeDefault.xctoolchain/usr/bin/cc   -arch x86_64 -isysroot /Applications/Xcode.app/Contents/Developer/Platforms/MacOSX.platform/Developer/SDKs/MacOSX10.14.sdk   -o CMakeFiles/cmTC_5c074.dir/HAVE_BLUETOOTH_H.c.o   -c /Users/spinlock/src/wrmsr/cpython/cmake-build-debug/CMakeFiles/CheckIncludeFiles/HAVE_BLUETOOTH_H.c
/Users/spinlock/src/wrmsr/cpython/cmake-build-debug/CMakeFiles/CheckIncludeFiles/HAVE_BLUETOOTH_H.c:2:10: fatal error: 'bluetooth.h' file not found
#include <bluetooth.h>
         ^~~~~~~~~~~~~
1 error generated.
gmake[1]: *** [CMakeFiles/cmTC_5c074.dir/build.make:66: CMakeFiles/cmTC_5c074.dir/HAVE_BLUETOOTH_H.c.o] Error 1
gmake[1]: Leaving directory '/Users/spinlock/src/wrmsr/cpython/cmake-build-debug/CMakeFiles/CMakeTmp'
gmake: *** [Makefile:121: cmTC_5c074/fast] Error 2

Source:
/* */
#include <bluetooth.h>


int main(void){return 0;}

Determining if files conio.h exist failed with the following output:
Change Dir: /Users/spinlock/src/wrmsr/cpython/cmake-build-debug/CMakeFiles/CMakeTmp

Run Build Command:"/usr/local/bin/gmake" "cmTC_f57f9/fast"
/usr/local/bin/gmake -f CMakeFiles/cmTC_f57f9.dir/build.make CMakeFiles/cmTC_f57f9.dir/build
gmake[1]: Entering directory '/Users/spinlock/src/wrmsr/cpython/cmake-build-debug/CMakeFiles/CMakeTmp'
Building C object CMakeFiles/cmTC_f57f9.dir/HAVE_CONIO_H.c.o
/Applications/Xcode.app/Contents/Developer/Toolchains/XcodeDefault.xctoolchain/usr/bin/cc   -arch x86_64 -isysroot /Applications/Xcode.app/Contents/Developer/Platforms/MacOSX.platform/Developer/SDKs/MacOSX10.14.sdk   -o CMakeFiles/cmTC_f57f9.dir/HAVE_CONIO_H.c.o   -c /Users/spinlock/src/wrmsr/cpython/cmake-build-debug/CMakeFiles/CheckIncludeFiles/HAVE_CONIO_H.c
/Users/spinlock/src/wrmsr/cpython/cmake-build-debug/CMakeFiles/CheckIncludeFiles/HAVE_CONIO_H.c:2:10: fatal error: 'conio.h' file not found
#include <conio.h>
         ^~~~~~~~~
1 error generated.
gmake[1]: *** [CMakeFiles/cmTC_f57f9.dir/build.make:66: CMakeFiles/cmTC_f57f9.dir/HAVE_CONIO_H.c.o] Error 1
gmake[1]: Leaving directory '/Users/spinlock/src/wrmsr/cpython/cmake-build-debug/CMakeFiles/CMakeTmp'
gmake: *** [Makefile:121: cmTC_f57f9/fast] Error 2

Source:
/* */
#include <conio.h>


int main(void){return 0;}

Determining if files direct.h exist failed with the following output:
Change Dir: /Users/spinlock/src/wrmsr/cpython/cmake-build-debug/CMakeFiles/CMakeTmp

Run Build Command:"/usr/local/bin/gmake" "cmTC_c1558/fast"
/usr/local/bin/gmake -f CMakeFiles/cmTC_c1558.dir/build.make CMakeFiles/cmTC_c1558.dir/build
gmake[1]: Entering directory '/Users/spinlock/src/wrmsr/cpython/cmake-build-debug/CMakeFiles/CMakeTmp'
Building C object CMakeFiles/cmTC_c1558.dir/HAVE_DIRECT_H.c.o
/Applications/Xcode.app/Contents/Developer/Toolchains/XcodeDefault.xctoolchain/usr/bin/cc   -arch x86_64 -isysroot /Applications/Xcode.app/Contents/Developer/Platforms/MacOSX.platform/Developer/SDKs/MacOSX10.14.sdk   -o CMakeFiles/cmTC_c1558.dir/HAVE_DIRECT_H.c.o   -c /Users/spinlock/src/wrmsr/cpython/cmake-build-debug/CMakeFiles/CheckIncludeFiles/HAVE_DIRECT_H.c
/Users/spinlock/src/wrmsr/cpython/cmake-build-debug/CMakeFiles/CheckIncludeFiles/HAVE_DIRECT_H.c:2:10: fatal error: 'direct.h' file not found
#include <direct.h>
         ^~~~~~~~~~
1 error generated.
gmake[1]: *** [CMakeFiles/cmTC_c1558.dir/build.make:66: CMakeFiles/cmTC_c1558.dir/HAVE_DIRECT_H.c.o] Error 1
gmake[1]: Leaving directory '/Users/spinlock/src/wrmsr/cpython/cmake-build-debug/CMakeFiles/CMakeTmp'
gmake: *** [Makefile:121: cmTC_c1558/fast] Error 2

Source:
/* */
#include <direct.h>


int main(void){return 0;}

Determining if files fpu_control.h exist failed with the following output:
Change Dir: /Users/spinlock/src/wrmsr/cpython/cmake-build-debug/CMakeFiles/CMakeTmp

Run Build Command:"/usr/local/bin/gmake" "cmTC_1466e/fast"
/usr/local/bin/gmake -f CMakeFiles/cmTC_1466e.dir/build.make CMakeFiles/cmTC_1466e.dir/build
gmake[1]: Entering directory '/Users/spinlock/src/wrmsr/cpython/cmake-build-debug/CMakeFiles/CMakeTmp'
Building C object CMakeFiles/cmTC_1466e.dir/HAVE_FPU_CONTROL_H.c.o
/Applications/Xcode.app/Contents/Developer/Toolchains/XcodeDefault.xctoolchain/usr/bin/cc   -arch x86_64 -isysroot /Applications/Xcode.app/Contents/Developer/Platforms/MacOSX.platform/Developer/SDKs/MacOSX10.14.sdk   -o CMakeFiles/cmTC_1466e.dir/HAVE_FPU_CONTROL_H.c.o   -c /Users/spinlock/src/wrmsr/cpython/cmake-build-debug/CMakeFiles/CheckIncludeFiles/HAVE_FPU_CONTROL_H.c
/Users/spinlock/src/wrmsr/cpython/cmake-build-debug/CMakeFiles/CheckIncludeFiles/HAVE_FPU_CONTROL_H.c:2:10: fatal error: 'fpu_control.h' file not found
#include <fpu_control.h>
         ^~~~~~~~~~~~~~~
1 error generated.
gmake[1]: *** [CMakeFiles/cmTC_1466e.dir/build.make:66: CMakeFiles/cmTC_1466e.dir/HAVE_FPU_CONTROL_H.c.o] Error 1
gmake[1]: Leaving directory '/Users/spinlock/src/wrmsr/cpython/cmake-build-debug/CMakeFiles/CMakeTmp'
gmake: *** [Makefile:121: cmTC_1466e/fast] Error 2

Source:
/* */
#include <fpu_control.h>


int main(void){return 0;}

Determining if files ieeefp.h exist failed with the following output:
Change Dir: /Users/spinlock/src/wrmsr/cpython/cmake-build-debug/CMakeFiles/CMakeTmp

Run Build Command:"/usr/local/bin/gmake" "cmTC_02972/fast"
/usr/local/bin/gmake -f CMakeFiles/cmTC_02972.dir/build.make CMakeFiles/cmTC_02972.dir/build
gmake[1]: Entering directory '/Users/spinlock/src/wrmsr/cpython/cmake-build-debug/CMakeFiles/CMakeTmp'
Building C object CMakeFiles/cmTC_02972.dir/HAVE_IEEEFP_H.c.o
/Applications/Xcode.app/Contents/Developer/Toolchains/XcodeDefault.xctoolchain/usr/bin/cc   -arch x86_64 -isysroot /Applications/Xcode.app/Contents/Developer/Platforms/MacOSX.platform/Developer/SDKs/MacOSX10.14.sdk   -o CMakeFiles/cmTC_02972.dir/HAVE_IEEEFP_H.c.o   -c /Users/spinlock/src/wrmsr/cpython/cmake-build-debug/CMakeFiles/CheckIncludeFiles/HAVE_IEEEFP_H.c
/Users/spinlock/src/wrmsr/cpython/cmake-build-debug/CMakeFiles/CheckIncludeFiles/HAVE_IEEEFP_H.c:2:10: fatal error: 'ieeefp.h' file not found
#include <ieeefp.h>
         ^~~~~~~~~~
1 error generated.
gmake[1]: *** [CMakeFiles/cmTC_02972.dir/build.make:66: CMakeFiles/cmTC_02972.dir/HAVE_IEEEFP_H.c.o] Error 1
gmake[1]: Leaving directory '/Users/spinlock/src/wrmsr/cpython/cmake-build-debug/CMakeFiles/CMakeTmp'
gmake: *** [Makefile:121: cmTC_02972/fast] Error 2

Source:
/* */
#include <ieeefp.h>


int main(void){return 0;}

Determining if files io.h exist failed with the following output:
Change Dir: /Users/spinlock/src/wrmsr/cpython/cmake-build-debug/CMakeFiles/CMakeTmp

Run Build Command:"/usr/local/bin/gmake" "cmTC_9651a/fast"
/usr/local/bin/gmake -f CMakeFiles/cmTC_9651a.dir/build.make CMakeFiles/cmTC_9651a.dir/build
gmake[1]: Entering directory '/Users/spinlock/src/wrmsr/cpython/cmake-build-debug/CMakeFiles/CMakeTmp'
Building C object CMakeFiles/cmTC_9651a.dir/HAVE_IO_H.c.o
/Applications/Xcode.app/Contents/Developer/Toolchains/XcodeDefault.xctoolchain/usr/bin/cc   -arch x86_64 -isysroot /Applications/Xcode.app/Contents/Developer/Platforms/MacOSX.platform/Developer/SDKs/MacOSX10.14.sdk   -o CMakeFiles/cmTC_9651a.dir/HAVE_IO_H.c.o   -c /Users/spinlock/src/wrmsr/cpython/cmake-build-debug/CMakeFiles/CheckIncludeFiles/HAVE_IO_H.c
/Users/spinlock/src/wrmsr/cpython/cmake-build-debug/CMakeFiles/CheckIncludeFiles/HAVE_IO_H.c:2:10: fatal error: 'io.h' file not found
#include <io.h>
         ^~~~~~
1 error generated.
gmake[1]: *** [CMakeFiles/cmTC_9651a.dir/build.make:66: CMakeFiles/cmTC_9651a.dir/HAVE_IO_H.c.o] Error 1
gmake[1]: Leaving directory '/Users/spinlock/src/wrmsr/cpython/cmake-build-debug/CMakeFiles/CMakeTmp'
gmake: *** [Makefile:121: cmTC_9651a/fast] Error 2

Source:
/* */
#include <io.h>


int main(void){return 0;}

Determining if files libintl.h exist failed with the following output:
Change Dir: /Users/spinlock/src/wrmsr/cpython/cmake-build-debug/CMakeFiles/CMakeTmp

Run Build Command:"/usr/local/bin/gmake" "cmTC_66413/fast"
/usr/local/bin/gmake -f CMakeFiles/cmTC_66413.dir/build.make CMakeFiles/cmTC_66413.dir/build
gmake[1]: Entering directory '/Users/spinlock/src/wrmsr/cpython/cmake-build-debug/CMakeFiles/CMakeTmp'
Building C object CMakeFiles/cmTC_66413.dir/HAVE_LIBINTL_H.c.o
/Applications/Xcode.app/Contents/Developer/Toolchains/XcodeDefault.xctoolchain/usr/bin/cc   -arch x86_64 -isysroot /Applications/Xcode.app/Contents/Developer/Platforms/MacOSX.platform/Developer/SDKs/MacOSX10.14.sdk   -o CMakeFiles/cmTC_66413.dir/HAVE_LIBINTL_H.c.o   -c /Users/spinlock/src/wrmsr/cpython/cmake-build-debug/CMakeFiles/CheckIncludeFiles/HAVE_LIBINTL_H.c
/Users/spinlock/src/wrmsr/cpython/cmake-build-debug/CMakeFiles/CheckIncludeFiles/HAVE_LIBINTL_H.c:2:10: fatal error: 'libintl.h' file not found
#include <libintl.h>
         ^~~~~~~~~~~
1 error generated.
gmake[1]: *** [CMakeFiles/cmTC_66413.dir/build.make:66: CMakeFiles/cmTC_66413.dir/HAVE_LIBINTL_H.c.o] Error 1
gmake[1]: Leaving directory '/Users/spinlock/src/wrmsr/cpython/cmake-build-debug/CMakeFiles/CMakeTmp'
gmake: *** [Makefile:121: cmTC_66413/fast] Error 2

Source:
/* */
#include <libintl.h>


int main(void){return 0;}

Determining if files libutil.h exist failed with the following output:
Change Dir: /Users/spinlock/src/wrmsr/cpython/cmake-build-debug/CMakeFiles/CMakeTmp

Run Build Command:"/usr/local/bin/gmake" "cmTC_a6244/fast"
/usr/local/bin/gmake -f CMakeFiles/cmTC_a6244.dir/build.make CMakeFiles/cmTC_a6244.dir/build
gmake[1]: Entering directory '/Users/spinlock/src/wrmsr/cpython/cmake-build-debug/CMakeFiles/CMakeTmp'
Building C object CMakeFiles/cmTC_a6244.dir/HAVE_LIBUTIL_H.c.o
/Applications/Xcode.app/Contents/Developer/Toolchains/XcodeDefault.xctoolchain/usr/bin/cc   -arch x86_64 -isysroot /Applications/Xcode.app/Contents/Developer/Platforms/MacOSX.platform/Developer/SDKs/MacOSX10.14.sdk   -o CMakeFiles/cmTC_a6244.dir/HAVE_LIBUTIL_H.c.o   -c /Users/spinlock/src/wrmsr/cpython/cmake-build-debug/CMakeFiles/CheckIncludeFiles/HAVE_LIBUTIL_H.c
/Users/spinlock/src/wrmsr/cpython/cmake-build-debug/CMakeFiles/CheckIncludeFiles/HAVE_LIBUTIL_H.c:2:10: fatal error: 'libutil.h' file not found
#include <libutil.h>
         ^~~~~~~~~~~
1 error generated.
gmake[1]: *** [CMakeFiles/cmTC_a6244.dir/build.make:66: CMakeFiles/cmTC_a6244.dir/HAVE_LIBUTIL_H.c.o] Error 1
gmake[1]: Leaving directory '/Users/spinlock/src/wrmsr/cpython/cmake-build-debug/CMakeFiles/CMakeTmp'
gmake: *** [Makefile:121: cmTC_a6244/fast] Error 2

Source:
/* */
#include <libutil.h>


int main(void){return 0;}

Determining if files linux/tipc.h exist failed with the following output:
Change Dir: /Users/spinlock/src/wrmsr/cpython/cmake-build-debug/CMakeFiles/CMakeTmp

Run Build Command:"/usr/local/bin/gmake" "cmTC_9583d/fast"
/usr/local/bin/gmake -f CMakeFiles/cmTC_9583d.dir/build.make CMakeFiles/cmTC_9583d.dir/build
gmake[1]: Entering directory '/Users/spinlock/src/wrmsr/cpython/cmake-build-debug/CMakeFiles/CMakeTmp'
Building C object CMakeFiles/cmTC_9583d.dir/HAVE_LINUX_TIPC_H.c.o
/Applications/Xcode.app/Contents/Developer/Toolchains/XcodeDefault.xctoolchain/usr/bin/cc   -arch x86_64 -isysroot /Applications/Xcode.app/Contents/Developer/Platforms/MacOSX.platform/Developer/SDKs/MacOSX10.14.sdk   -o CMakeFiles/cmTC_9583d.dir/HAVE_LINUX_TIPC_H.c.o   -c /Users/spinlock/src/wrmsr/cpython/cmake-build-debug/CMakeFiles/CheckIncludeFiles/HAVE_LINUX_TIPC_H.c
/Users/spinlock/src/wrmsr/cpython/cmake-build-debug/CMakeFiles/CheckIncludeFiles/HAVE_LINUX_TIPC_H.c:2:10: fatal error: 'linux/tipc.h' file not found
#include <linux/tipc.h>
         ^~~~~~~~~~~~~~
1 error generated.
gmake[1]: *** [CMakeFiles/cmTC_9583d.dir/build.make:66: CMakeFiles/cmTC_9583d.dir/HAVE_LINUX_TIPC_H.c.o] Error 1
gmake[1]: Leaving directory '/Users/spinlock/src/wrmsr/cpython/cmake-build-debug/CMakeFiles/CMakeTmp'
gmake: *** [Makefile:121: cmTC_9583d/fast] Error 2

Source:
/* */
#include <linux/tipc.h>


int main(void){return 0;}

Determining if files sys/socket.h;linux/netlink.h exist failed with the following output:
Change Dir: /Users/spinlock/src/wrmsr/cpython/cmake-build-debug/CMakeFiles/CMakeTmp

Run Build Command:"/usr/local/bin/gmake" "cmTC_2a6ae/fast"
/usr/local/bin/gmake -f CMakeFiles/cmTC_2a6ae.dir/build.make CMakeFiles/cmTC_2a6ae.dir/build
gmake[1]: Entering directory '/Users/spinlock/src/wrmsr/cpython/cmake-build-debug/CMakeFiles/CMakeTmp'
Building C object CMakeFiles/cmTC_2a6ae.dir/HAVE_LINUX_NETLINK_H.c.o
/Applications/Xcode.app/Contents/Developer/Toolchains/XcodeDefault.xctoolchain/usr/bin/cc   -arch x86_64 -isysroot /Applications/Xcode.app/Contents/Developer/Platforms/MacOSX.platform/Developer/SDKs/MacOSX10.14.sdk   -o CMakeFiles/cmTC_2a6ae.dir/HAVE_LINUX_NETLINK_H.c.o   -c /Users/spinlock/src/wrmsr/cpython/cmake-build-debug/CMakeFiles/CheckIncludeFiles/HAVE_LINUX_NETLINK_H.c
/Users/spinlock/src/wrmsr/cpython/cmake-build-debug/CMakeFiles/CheckIncludeFiles/HAVE_LINUX_NETLINK_H.c:3:10: fatal error: 'linux/netlink.h' file not found
#include <linux/netlink.h>
         ^~~~~~~~~~~~~~~~~
1 error generated.
gmake[1]: *** [CMakeFiles/cmTC_2a6ae.dir/build.make:66: CMakeFiles/cmTC_2a6ae.dir/HAVE_LINUX_NETLINK_H.c.o] Error 1
gmake[1]: Leaving directory '/Users/spinlock/src/wrmsr/cpython/cmake-build-debug/CMakeFiles/CMakeTmp'
gmake: *** [Makefile:121: cmTC_2a6ae/fast] Error 2

Source:
/* */
#include <sys/socket.h>
#include <linux/netlink.h>


int main(void){return 0;}

Determining if files sys/socket.h;linux/can.h exist failed with the following output:
Change Dir: /Users/spinlock/src/wrmsr/cpython/cmake-build-debug/CMakeFiles/CMakeTmp

Run Build Command:"/usr/local/bin/gmake" "cmTC_a0154/fast"
/usr/local/bin/gmake -f CMakeFiles/cmTC_a0154.dir/build.make CMakeFiles/cmTC_a0154.dir/build
gmake[1]: Entering directory '/Users/spinlock/src/wrmsr/cpython/cmake-build-debug/CMakeFiles/CMakeTmp'
Building C object CMakeFiles/cmTC_a0154.dir/HAVE_LINUX_CAN_H.c.o
/Applications/Xcode.app/Contents/Developer/Toolchains/XcodeDefault.xctoolchain/usr/bin/cc   -arch x86_64 -isysroot /Applications/Xcode.app/Contents/Developer/Platforms/MacOSX.platform/Developer/SDKs/MacOSX10.14.sdk   -o CMakeFiles/cmTC_a0154.dir/HAVE_LINUX_CAN_H.c.o   -c /Users/spinlock/src/wrmsr/cpython/cmake-build-debug/CMakeFiles/CheckIncludeFiles/HAVE_LINUX_CAN_H.c
/Users/spinlock/src/wrmsr/cpython/cmake-build-debug/CMakeFiles/CheckIncludeFiles/HAVE_LINUX_CAN_H.c:3:10: fatal error: 'linux/can.h' file not found
#include <linux/can.h>
         ^~~~~~~~~~~~~
1 error generated.
gmake[1]: *** [CMakeFiles/cmTC_a0154.dir/build.make:66: CMakeFiles/cmTC_a0154.dir/HAVE_LINUX_CAN_H.c.o] Error 1
gmake[1]: Leaving directory '/Users/spinlock/src/wrmsr/cpython/cmake-build-debug/CMakeFiles/CMakeTmp'
gmake: *** [Makefile:121: cmTC_a0154/fast] Error 2

Source:
/* */
#include <sys/socket.h>
#include <linux/can.h>


int main(void){return 0;}

Determining if files sys/socket.h;linux/can/bcm.h exist failed with the following output:
Change Dir: /Users/spinlock/src/wrmsr/cpython/cmake-build-debug/CMakeFiles/CMakeTmp

Run Build Command:"/usr/local/bin/gmake" "cmTC_de619/fast"
/usr/local/bin/gmake -f CMakeFiles/cmTC_de619.dir/build.make CMakeFiles/cmTC_de619.dir/build
gmake[1]: Entering directory '/Users/spinlock/src/wrmsr/cpython/cmake-build-debug/CMakeFiles/CMakeTmp'
Building C object CMakeFiles/cmTC_de619.dir/HAVE_LINUX_CAN_BCM_H.c.o
/Applications/Xcode.app/Contents/Developer/Toolchains/XcodeDefault.xctoolchain/usr/bin/cc   -arch x86_64 -isysroot /Applications/Xcode.app/Contents/Developer/Platforms/MacOSX.platform/Developer/SDKs/MacOSX10.14.sdk   -o CMakeFiles/cmTC_de619.dir/HAVE_LINUX_CAN_BCM_H.c.o   -c /Users/spinlock/src/wrmsr/cpython/cmake-build-debug/CMakeFiles/CheckIncludeFiles/HAVE_LINUX_CAN_BCM_H.c
/Users/spinlock/src/wrmsr/cpython/cmake-build-debug/CMakeFiles/CheckIncludeFiles/HAVE_LINUX_CAN_BCM_H.c:3:10: fatal error: 'linux/can/bcm.h' file not found
#include <linux/can/bcm.h>
         ^~~~~~~~~~~~~~~~~
1 error generated.
gmake[1]: *** [CMakeFiles/cmTC_de619.dir/build.make:66: CMakeFiles/cmTC_de619.dir/HAVE_LINUX_CAN_BCM_H.c.o] Error 1
gmake[1]: Leaving directory '/Users/spinlock/src/wrmsr/cpython/cmake-build-debug/CMakeFiles/CMakeTmp'
gmake: *** [Makefile:121: cmTC_de619/fast] Error 2

Source:
/* */
#include <sys/socket.h>
#include <linux/can/bcm.h>


int main(void){return 0;}

Determining if files sys/socket.h;linux/can/raw.h exist failed with the following output:
Change Dir: /Users/spinlock/src/wrmsr/cpython/cmake-build-debug/CMakeFiles/CMakeTmp

Run Build Command:"/usr/local/bin/gmake" "cmTC_a767c/fast"
/usr/local/bin/gmake -f CMakeFiles/cmTC_a767c.dir/build.make CMakeFiles/cmTC_a767c.dir/build
gmake[1]: Entering directory '/Users/spinlock/src/wrmsr/cpython/cmake-build-debug/CMakeFiles/CMakeTmp'
Building C object CMakeFiles/cmTC_a767c.dir/HAVE_LINUX_CAN_RAW_H.c.o
/Applications/Xcode.app/Contents/Developer/Toolchains/XcodeDefault.xctoolchain/usr/bin/cc   -arch x86_64 -isysroot /Applications/Xcode.app/Contents/Developer/Platforms/MacOSX.platform/Developer/SDKs/MacOSX10.14.sdk   -o CMakeFiles/cmTC_a767c.dir/HAVE_LINUX_CAN_RAW_H.c.o   -c /Users/spinlock/src/wrmsr/cpython/cmake-build-debug/CMakeFiles/CheckIncludeFiles/HAVE_LINUX_CAN_RAW_H.c
/Users/spinlock/src/wrmsr/cpython/cmake-build-debug/CMakeFiles/CheckIncludeFiles/HAVE_LINUX_CAN_RAW_H.c:3:10: fatal error: 'linux/can/raw.h' file not found
#include <linux/can/raw.h>
         ^~~~~~~~~~~~~~~~~
1 error generated.
gmake[1]: *** [CMakeFiles/cmTC_a767c.dir/build.make:66: CMakeFiles/cmTC_a767c.dir/HAVE_LINUX_CAN_RAW_H.c.o] Error 1
gmake[1]: Leaving directory '/Users/spinlock/src/wrmsr/cpython/cmake-build-debug/CMakeFiles/CMakeTmp'
gmake: *** [Makefile:121: cmTC_a767c/fast] Error 2

Source:
/* */
#include <sys/socket.h>
#include <linux/can/raw.h>


int main(void){return 0;}

Determining if files minix/config.h exist failed with the following output:
Change Dir: /Users/spinlock/src/wrmsr/cpython/cmake-build-debug/CMakeFiles/CMakeTmp

Run Build Command:"/usr/local/bin/gmake" "cmTC_68025/fast"
/usr/local/bin/gmake -f CMakeFiles/cmTC_68025.dir/build.make CMakeFiles/cmTC_68025.dir/build
gmake[1]: Entering directory '/Users/spinlock/src/wrmsr/cpython/cmake-build-debug/CMakeFiles/CMakeTmp'
Building C object CMakeFiles/cmTC_68025.dir/HAVE_MINIX_CONFIG_H.c.o
/Applications/Xcode.app/Contents/Developer/Toolchains/XcodeDefault.xctoolchain/usr/bin/cc   -arch x86_64 -isysroot /Applications/Xcode.app/Contents/Developer/Platforms/MacOSX.platform/Developer/SDKs/MacOSX10.14.sdk   -o CMakeFiles/cmTC_68025.dir/HAVE_MINIX_CONFIG_H.c.o   -c /Users/spinlock/src/wrmsr/cpython/cmake-build-debug/CMakeFiles/CheckIncludeFiles/HAVE_MINIX_CONFIG_H.c
/Users/spinlock/src/wrmsr/cpython/cmake-build-debug/CMakeFiles/CheckIncludeFiles/HAVE_MINIX_CONFIG_H.c:2:10: fatal error: 'minix/config.h' file not found
#include <minix/config.h>
         ^~~~~~~~~~~~~~~~
1 error generated.
gmake[1]: *** [CMakeFiles/cmTC_68025.dir/build.make:66: CMakeFiles/cmTC_68025.dir/HAVE_MINIX_CONFIG_H.c.o] Error 1
gmake[1]: Leaving directory '/Users/spinlock/src/wrmsr/cpython/cmake-build-debug/CMakeFiles/CMakeTmp'
gmake: *** [Makefile:121: cmTC_68025/fast] Error 2

Source:
/* */
#include <minix/config.h>


int main(void){return 0;}

Determining if files ncurses/panel.h exist failed with the following output:
Change Dir: /Users/spinlock/src/wrmsr/cpython/cmake-build-debug/CMakeFiles/CMakeTmp

Run Build Command:"/usr/local/bin/gmake" "cmTC_0e8ae/fast"
/usr/local/bin/gmake -f CMakeFiles/cmTC_0e8ae.dir/build.make CMakeFiles/cmTC_0e8ae.dir/build
gmake[1]: Entering directory '/Users/spinlock/src/wrmsr/cpython/cmake-build-debug/CMakeFiles/CMakeTmp'
Building C object CMakeFiles/cmTC_0e8ae.dir/HAVE_NCURSES_PANEL_H.c.o
/Applications/Xcode.app/Contents/Developer/Toolchains/XcodeDefault.xctoolchain/usr/bin/cc   -arch x86_64 -isysroot /Applications/Xcode.app/Contents/Developer/Platforms/MacOSX.platform/Developer/SDKs/MacOSX10.14.sdk   -o CMakeFiles/cmTC_0e8ae.dir/HAVE_NCURSES_PANEL_H.c.o   -c /Users/spinlock/src/wrmsr/cpython/cmake-build-debug/CMakeFiles/CheckIncludeFiles/HAVE_NCURSES_PANEL_H.c
/Users/spinlock/src/wrmsr/cpython/cmake-build-debug/CMakeFiles/CheckIncludeFiles/HAVE_NCURSES_PANEL_H.c:2:10: fatal error: 'ncurses/panel.h' file not found
#include <ncurses/panel.h>
         ^~~~~~~~~~~~~~~~~
1 error generated.
gmake[1]: *** [CMakeFiles/cmTC_0e8ae.dir/build.make:66: CMakeFiles/cmTC_0e8ae.dir/HAVE_NCURSES_PANEL_H.c.o] Error 1
gmake[1]: Leaving directory '/Users/spinlock/src/wrmsr/cpython/cmake-build-debug/CMakeFiles/CMakeTmp'
gmake: *** [Makefile:121: cmTC_0e8ae/fast] Error 2

Source:
/* */
#include <ncurses/panel.h>


int main(void){return 0;}

Determining if files netpacket/packet.h exist failed with the following output:
Change Dir: /Users/spinlock/src/wrmsr/cpython/cmake-build-debug/CMakeFiles/CMakeTmp

Run Build Command:"/usr/local/bin/gmake" "cmTC_9c9e2/fast"
/usr/local/bin/gmake -f CMakeFiles/cmTC_9c9e2.dir/build.make CMakeFiles/cmTC_9c9e2.dir/build
gmake[1]: Entering directory '/Users/spinlock/src/wrmsr/cpython/cmake-build-debug/CMakeFiles/CMakeTmp'
Building C object CMakeFiles/cmTC_9c9e2.dir/HAVE_NETPACKET_PACKET_H.c.o
/Applications/Xcode.app/Contents/Developer/Toolchains/XcodeDefault.xctoolchain/usr/bin/cc   -arch x86_64 -isysroot /Applications/Xcode.app/Contents/Developer/Platforms/MacOSX.platform/Developer/SDKs/MacOSX10.14.sdk   -o CMakeFiles/cmTC_9c9e2.dir/HAVE_NETPACKET_PACKET_H.c.o   -c /Users/spinlock/src/wrmsr/cpython/cmake-build-debug/CMakeFiles/CheckIncludeFiles/HAVE_NETPACKET_PACKET_H.c
/Users/spinlock/src/wrmsr/cpython/cmake-build-debug/CMakeFiles/CheckIncludeFiles/HAVE_NETPACKET_PACKET_H.c:2:10: fatal error: 'netpacket/packet.h' file not found
#include <netpacket/packet.h>
         ^~~~~~~~~~~~~~~~~~~~
1 error generated.
gmake[1]: *** [CMakeFiles/cmTC_9c9e2.dir/build.make:66: CMakeFiles/cmTC_9c9e2.dir/HAVE_NETPACKET_PACKET_H.c.o] Error 1
gmake[1]: Leaving directory '/Users/spinlock/src/wrmsr/cpython/cmake-build-debug/CMakeFiles/CMakeTmp'
gmake: *** [Makefile:121: cmTC_9c9e2/fast] Error 2

Source:
/* */
#include <netpacket/packet.h>


int main(void){return 0;}

Determining if files process.h exist failed with the following output:
Change Dir: /Users/spinlock/src/wrmsr/cpython/cmake-build-debug/CMakeFiles/CMakeTmp

Run Build Command:"/usr/local/bin/gmake" "cmTC_83fcb/fast"
/usr/local/bin/gmake -f CMakeFiles/cmTC_83fcb.dir/build.make CMakeFiles/cmTC_83fcb.dir/build
gmake[1]: Entering directory '/Users/spinlock/src/wrmsr/cpython/cmake-build-debug/CMakeFiles/CMakeTmp'
Building C object CMakeFiles/cmTC_83fcb.dir/HAVE_PROCESS_H.c.o
/Applications/Xcode.app/Contents/Developer/Toolchains/XcodeDefault.xctoolchain/usr/bin/cc   -arch x86_64 -isysroot /Applications/Xcode.app/Contents/Developer/Platforms/MacOSX.platform/Developer/SDKs/MacOSX10.14.sdk   -o CMakeFiles/cmTC_83fcb.dir/HAVE_PROCESS_H.c.o   -c /Users/spinlock/src/wrmsr/cpython/cmake-build-debug/CMakeFiles/CheckIncludeFiles/HAVE_PROCESS_H.c
/Users/spinlock/src/wrmsr/cpython/cmake-build-debug/CMakeFiles/CheckIncludeFiles/HAVE_PROCESS_H.c:2:10: fatal error: 'process.h' file not found
#include <process.h>
         ^~~~~~~~~~~
1 error generated.
gmake[1]: *** [CMakeFiles/cmTC_83fcb.dir/build.make:66: CMakeFiles/cmTC_83fcb.dir/HAVE_PROCESS_H.c.o] Error 1
gmake[1]: Leaving directory '/Users/spinlock/src/wrmsr/cpython/cmake-build-debug/CMakeFiles/CMakeTmp'
gmake: *** [Makefile:121: cmTC_83fcb/fast] Error 2

Source:
/* */
#include <process.h>


int main(void){return 0;}

Determining if files pty.h exist failed with the following output:
Change Dir: /Users/spinlock/src/wrmsr/cpython/cmake-build-debug/CMakeFiles/CMakeTmp

Run Build Command:"/usr/local/bin/gmake" "cmTC_2fd4e/fast"
/usr/local/bin/gmake -f CMakeFiles/cmTC_2fd4e.dir/build.make CMakeFiles/cmTC_2fd4e.dir/build
gmake[1]: Entering directory '/Users/spinlock/src/wrmsr/cpython/cmake-build-debug/CMakeFiles/CMakeTmp'
Building C object CMakeFiles/cmTC_2fd4e.dir/HAVE_PTY_H.c.o
/Applications/Xcode.app/Contents/Developer/Toolchains/XcodeDefault.xctoolchain/usr/bin/cc   -arch x86_64 -isysroot /Applications/Xcode.app/Contents/Developer/Platforms/MacOSX.platform/Developer/SDKs/MacOSX10.14.sdk   -o CMakeFiles/cmTC_2fd4e.dir/HAVE_PTY_H.c.o   -c /Users/spinlock/src/wrmsr/cpython/cmake-build-debug/CMakeFiles/CheckIncludeFiles/HAVE_PTY_H.c
/Users/spinlock/src/wrmsr/cpython/cmake-build-debug/CMakeFiles/CheckIncludeFiles/HAVE_PTY_H.c:2:10: fatal error: 'pty.h' file not found
#include <pty.h>
         ^~~~~~~
1 error generated.
gmake[1]: *** [CMakeFiles/cmTC_2fd4e.dir/build.make:66: CMakeFiles/cmTC_2fd4e.dir/HAVE_PTY_H.c.o] Error 1
gmake[1]: Leaving directory '/Users/spinlock/src/wrmsr/cpython/cmake-build-debug/CMakeFiles/CMakeTmp'
gmake: *** [Makefile:121: cmTC_2fd4e/fast] Error 2

Source:
/* */
#include <pty.h>


int main(void){return 0;}

Determining if files shadow.h exist failed with the following output:
Change Dir: /Users/spinlock/src/wrmsr/cpython/cmake-build-debug/CMakeFiles/CMakeTmp

Run Build Command:"/usr/local/bin/gmake" "cmTC_de026/fast"
/usr/local/bin/gmake -f CMakeFiles/cmTC_de026.dir/build.make CMakeFiles/cmTC_de026.dir/build
gmake[1]: Entering directory '/Users/spinlock/src/wrmsr/cpython/cmake-build-debug/CMakeFiles/CMakeTmp'
Building C object CMakeFiles/cmTC_de026.dir/HAVE_SHADOW_H.c.o
/Applications/Xcode.app/Contents/Developer/Toolchains/XcodeDefault.xctoolchain/usr/bin/cc   -arch x86_64 -isysroot /Applications/Xcode.app/Contents/Developer/Platforms/MacOSX.platform/Developer/SDKs/MacOSX10.14.sdk   -o CMakeFiles/cmTC_de026.dir/HAVE_SHADOW_H.c.o   -c /Users/spinlock/src/wrmsr/cpython/cmake-build-debug/CMakeFiles/CheckIncludeFiles/HAVE_SHADOW_H.c
/Users/spinlock/src/wrmsr/cpython/cmake-build-debug/CMakeFiles/CheckIncludeFiles/HAVE_SHADOW_H.c:2:10: fatal error: 'shadow.h' file not found
#include <shadow.h>
         ^~~~~~~~~~
1 error generated.
gmake[1]: *** [CMakeFiles/cmTC_de026.dir/build.make:66: CMakeFiles/cmTC_de026.dir/HAVE_SHADOW_H.c.o] Error 1
gmake[1]: Leaving directory '/Users/spinlock/src/wrmsr/cpython/cmake-build-debug/CMakeFiles/CMakeTmp'
gmake: *** [Makefile:121: cmTC_de026/fast] Error 2

Source:
/* */
#include <shadow.h>


int main(void){return 0;}

Determining if files stropts.h exist failed with the following output:
Change Dir: /Users/spinlock/src/wrmsr/cpython/cmake-build-debug/CMakeFiles/CMakeTmp

Run Build Command:"/usr/local/bin/gmake" "cmTC_fa82f/fast"
/usr/local/bin/gmake -f CMakeFiles/cmTC_fa82f.dir/build.make CMakeFiles/cmTC_fa82f.dir/build
gmake[1]: Entering directory '/Users/spinlock/src/wrmsr/cpython/cmake-build-debug/CMakeFiles/CMakeTmp'
Building C object CMakeFiles/cmTC_fa82f.dir/HAVE_STROPTS_H.c.o
/Applications/Xcode.app/Contents/Developer/Toolchains/XcodeDefault.xctoolchain/usr/bin/cc   -arch x86_64 -isysroot /Applications/Xcode.app/Contents/Developer/Platforms/MacOSX.platform/Developer/SDKs/MacOSX10.14.sdk   -o CMakeFiles/cmTC_fa82f.dir/HAVE_STROPTS_H.c.o   -c /Users/spinlock/src/wrmsr/cpython/cmake-build-debug/CMakeFiles/CheckIncludeFiles/HAVE_STROPTS_H.c
/Users/spinlock/src/wrmsr/cpython/cmake-build-debug/CMakeFiles/CheckIncludeFiles/HAVE_STROPTS_H.c:2:10: fatal error: 'stropts.h' file not found
#include <stropts.h>
         ^~~~~~~~~~~
1 error generated.
gmake[1]: *** [CMakeFiles/cmTC_fa82f.dir/build.make:66: CMakeFiles/cmTC_fa82f.dir/HAVE_STROPTS_H.c.o] Error 1
gmake[1]: Leaving directory '/Users/spinlock/src/wrmsr/cpython/cmake-build-debug/CMakeFiles/CMakeTmp'
gmake: *** [Makefile:121: cmTC_fa82f/fast] Error 2

Source:
/* */
#include <stropts.h>


int main(void){return 0;}

Determining if files sys/audioio.h exist failed with the following output:
Change Dir: /Users/spinlock/src/wrmsr/cpython/cmake-build-debug/CMakeFiles/CMakeTmp

Run Build Command:"/usr/local/bin/gmake" "cmTC_077c6/fast"
/usr/local/bin/gmake -f CMakeFiles/cmTC_077c6.dir/build.make CMakeFiles/cmTC_077c6.dir/build
gmake[1]: Entering directory '/Users/spinlock/src/wrmsr/cpython/cmake-build-debug/CMakeFiles/CMakeTmp'
Building C object CMakeFiles/cmTC_077c6.dir/HAVE_SYS_AUDIOIO_H.c.o
/Applications/Xcode.app/Contents/Developer/Toolchains/XcodeDefault.xctoolchain/usr/bin/cc   -arch x86_64 -isysroot /Applications/Xcode.app/Contents/Developer/Platforms/MacOSX.platform/Developer/SDKs/MacOSX10.14.sdk   -o CMakeFiles/cmTC_077c6.dir/HAVE_SYS_AUDIOIO_H.c.o   -c /Users/spinlock/src/wrmsr/cpython/cmake-build-debug/CMakeFiles/CheckIncludeFiles/HAVE_SYS_AUDIOIO_H.c
/Users/spinlock/src/wrmsr/cpython/cmake-build-debug/CMakeFiles/CheckIncludeFiles/HAVE_SYS_AUDIOIO_H.c:2:10: fatal error: 'sys/audioio.h' file not found
#include <sys/audioio.h>
         ^~~~~~~~~~~~~~~
1 error generated.
gmake[1]: *** [CMakeFiles/cmTC_077c6.dir/build.make:66: CMakeFiles/cmTC_077c6.dir/HAVE_SYS_AUDIOIO_H.c.o] Error 1
gmake[1]: Leaving directory '/Users/spinlock/src/wrmsr/cpython/cmake-build-debug/CMakeFiles/CMakeTmp'
gmake: *** [Makefile:121: cmTC_077c6/fast] Error 2

Source:
/* */
#include <sys/audioio.h>


int main(void){return 0;}

Determining if files sys/bsdtty.h exist failed with the following output:
Change Dir: /Users/spinlock/src/wrmsr/cpython/cmake-build-debug/CMakeFiles/CMakeTmp

Run Build Command:"/usr/local/bin/gmake" "cmTC_6632b/fast"
/usr/local/bin/gmake -f CMakeFiles/cmTC_6632b.dir/build.make CMakeFiles/cmTC_6632b.dir/build
gmake[1]: Entering directory '/Users/spinlock/src/wrmsr/cpython/cmake-build-debug/CMakeFiles/CMakeTmp'
Building C object CMakeFiles/cmTC_6632b.dir/HAVE_SYS_BSDTTY_H.c.o
/Applications/Xcode.app/Contents/Developer/Toolchains/XcodeDefault.xctoolchain/usr/bin/cc   -arch x86_64 -isysroot /Applications/Xcode.app/Contents/Developer/Platforms/MacOSX.platform/Developer/SDKs/MacOSX10.14.sdk   -o CMakeFiles/cmTC_6632b.dir/HAVE_SYS_BSDTTY_H.c.o   -c /Users/spinlock/src/wrmsr/cpython/cmake-build-debug/CMakeFiles/CheckIncludeFiles/HAVE_SYS_BSDTTY_H.c
/Users/spinlock/src/wrmsr/cpython/cmake-build-debug/CMakeFiles/CheckIncludeFiles/HAVE_SYS_BSDTTY_H.c:2:10: fatal error: 'sys/bsdtty.h' file not found
#include <sys/bsdtty.h>
         ^~~~~~~~~~~~~~
1 error generated.
gmake[1]: *** [CMakeFiles/cmTC_6632b.dir/build.make:66: CMakeFiles/cmTC_6632b.dir/HAVE_SYS_BSDTTY_H.c.o] Error 1
gmake[1]: Leaving directory '/Users/spinlock/src/wrmsr/cpython/cmake-build-debug/CMakeFiles/CMakeTmp'
gmake: *** [Makefile:121: cmTC_6632b/fast] Error 2

Source:
/* */
#include <sys/bsdtty.h>


int main(void){return 0;}

Determining if files sys/epoll.h exist failed with the following output:
Change Dir: /Users/spinlock/src/wrmsr/cpython/cmake-build-debug/CMakeFiles/CMakeTmp

Run Build Command:"/usr/local/bin/gmake" "cmTC_4b5a6/fast"
/usr/local/bin/gmake -f CMakeFiles/cmTC_4b5a6.dir/build.make CMakeFiles/cmTC_4b5a6.dir/build
gmake[1]: Entering directory '/Users/spinlock/src/wrmsr/cpython/cmake-build-debug/CMakeFiles/CMakeTmp'
Building C object CMakeFiles/cmTC_4b5a6.dir/HAVE_SYS_EPOLL_H.c.o
/Applications/Xcode.app/Contents/Developer/Toolchains/XcodeDefault.xctoolchain/usr/bin/cc   -arch x86_64 -isysroot /Applications/Xcode.app/Contents/Developer/Platforms/MacOSX.platform/Developer/SDKs/MacOSX10.14.sdk   -o CMakeFiles/cmTC_4b5a6.dir/HAVE_SYS_EPOLL_H.c.o   -c /Users/spinlock/src/wrmsr/cpython/cmake-build-debug/CMakeFiles/CheckIncludeFiles/HAVE_SYS_EPOLL_H.c
/Users/spinlock/src/wrmsr/cpython/cmake-build-debug/CMakeFiles/CheckIncludeFiles/HAVE_SYS_EPOLL_H.c:2:10: fatal error: 'sys/epoll.h' file not found
#include <sys/epoll.h>
         ^~~~~~~~~~~~~
1 error generated.
gmake[1]: *** [CMakeFiles/cmTC_4b5a6.dir/build.make:66: CMakeFiles/cmTC_4b5a6.dir/HAVE_SYS_EPOLL_H.c.o] Error 1
gmake[1]: Leaving directory '/Users/spinlock/src/wrmsr/cpython/cmake-build-debug/CMakeFiles/CMakeTmp'
gmake: *** [Makefile:121: cmTC_4b5a6/fast] Error 2

Source:
/* */
#include <sys/epoll.h>


int main(void){return 0;}

Determining if files sys/loadavg.h exist failed with the following output:
Change Dir: /Users/spinlock/src/wrmsr/cpython/cmake-build-debug/CMakeFiles/CMakeTmp

Run Build Command:"/usr/local/bin/gmake" "cmTC_81bf0/fast"
/usr/local/bin/gmake -f CMakeFiles/cmTC_81bf0.dir/build.make CMakeFiles/cmTC_81bf0.dir/build
gmake[1]: Entering directory '/Users/spinlock/src/wrmsr/cpython/cmake-build-debug/CMakeFiles/CMakeTmp'
Building C object CMakeFiles/cmTC_81bf0.dir/HAVE_SYS_LOADAVG_H.c.o
/Applications/Xcode.app/Contents/Developer/Toolchains/XcodeDefault.xctoolchain/usr/bin/cc   -arch x86_64 -isysroot /Applications/Xcode.app/Contents/Developer/Platforms/MacOSX.platform/Developer/SDKs/MacOSX10.14.sdk   -o CMakeFiles/cmTC_81bf0.dir/HAVE_SYS_LOADAVG_H.c.o   -c /Users/spinlock/src/wrmsr/cpython/cmake-build-debug/CMakeFiles/CheckIncludeFiles/HAVE_SYS_LOADAVG_H.c
/Users/spinlock/src/wrmsr/cpython/cmake-build-debug/CMakeFiles/CheckIncludeFiles/HAVE_SYS_LOADAVG_H.c:2:10: fatal error: 'sys/loadavg.h' file not found
#include <sys/loadavg.h>
         ^~~~~~~~~~~~~~~
1 error generated.
gmake[1]: *** [CMakeFiles/cmTC_81bf0.dir/build.make:66: CMakeFiles/cmTC_81bf0.dir/HAVE_SYS_LOADAVG_H.c.o] Error 1
gmake[1]: Leaving directory '/Users/spinlock/src/wrmsr/cpython/cmake-build-debug/CMakeFiles/CMakeTmp'
gmake: *** [Makefile:121: cmTC_81bf0/fast] Error 2

Source:
/* */
#include <sys/loadavg.h>


int main(void){return 0;}

Determining if files sys/sysmacros.h exist failed with the following output:
Change Dir: /Users/spinlock/src/wrmsr/cpython/cmake-build-debug/CMakeFiles/CMakeTmp

Run Build Command:"/usr/local/bin/gmake" "cmTC_e30fe/fast"
/usr/local/bin/gmake -f CMakeFiles/cmTC_e30fe.dir/build.make CMakeFiles/cmTC_e30fe.dir/build
gmake[1]: Entering directory '/Users/spinlock/src/wrmsr/cpython/cmake-build-debug/CMakeFiles/CMakeTmp'
Building C object CMakeFiles/cmTC_e30fe.dir/HAVE_SYS_SYSMACROS_H.c.o
/Applications/Xcode.app/Contents/Developer/Toolchains/XcodeDefault.xctoolchain/usr/bin/cc   -arch x86_64 -isysroot /Applications/Xcode.app/Contents/Developer/Platforms/MacOSX.platform/Developer/SDKs/MacOSX10.14.sdk   -o CMakeFiles/cmTC_e30fe.dir/HAVE_SYS_SYSMACROS_H.c.o   -c /Users/spinlock/src/wrmsr/cpython/cmake-build-debug/CMakeFiles/CheckIncludeFiles/HAVE_SYS_SYSMACROS_H.c
/Users/spinlock/src/wrmsr/cpython/cmake-build-debug/CMakeFiles/CheckIncludeFiles/HAVE_SYS_SYSMACROS_H.c:2:10: fatal error: 'sys/sysmacros.h' file not found
#include <sys/sysmacros.h>
         ^~~~~~~~~~~~~~~~~
1 error generated.
gmake[1]: *** [CMakeFiles/cmTC_e30fe.dir/build.make:66: CMakeFiles/cmTC_e30fe.dir/HAVE_SYS_SYSMACROS_H.c.o] Error 1
gmake[1]: Leaving directory '/Users/spinlock/src/wrmsr/cpython/cmake-build-debug/CMakeFiles/CMakeTmp'
gmake: *** [Makefile:121: cmTC_e30fe/fast] Error 2

Source:
/* */
#include <sys/sysmacros.h>


int main(void){return 0;}

Determining if files sys/mkdev.h exist failed with the following output:
Change Dir: /Users/spinlock/src/wrmsr/cpython/cmake-build-debug/CMakeFiles/CMakeTmp

Run Build Command:"/usr/local/bin/gmake" "cmTC_4e925/fast"
/usr/local/bin/gmake -f CMakeFiles/cmTC_4e925.dir/build.make CMakeFiles/cmTC_4e925.dir/build
gmake[1]: Entering directory '/Users/spinlock/src/wrmsr/cpython/cmake-build-debug/CMakeFiles/CMakeTmp'
Building C object CMakeFiles/cmTC_4e925.dir/HAVE_SYS_MKDEV_H.c.o
/Applications/Xcode.app/Contents/Developer/Toolchains/XcodeDefault.xctoolchain/usr/bin/cc   -arch x86_64 -isysroot /Applications/Xcode.app/Contents/Developer/Platforms/MacOSX.platform/Developer/SDKs/MacOSX10.14.sdk   -o CMakeFiles/cmTC_4e925.dir/HAVE_SYS_MKDEV_H.c.o   -c /Users/spinlock/src/wrmsr/cpython/cmake-build-debug/CMakeFiles/CheckIncludeFiles/HAVE_SYS_MKDEV_H.c
/Users/spinlock/src/wrmsr/cpython/cmake-build-debug/CMakeFiles/CheckIncludeFiles/HAVE_SYS_MKDEV_H.c:2:10: fatal error: 'sys/mkdev.h' file not found
#include <sys/mkdev.h>
         ^~~~~~~~~~~~~
1 error generated.
gmake[1]: *** [CMakeFiles/cmTC_4e925.dir/build.make:66: CMakeFiles/cmTC_4e925.dir/HAVE_SYS_MKDEV_H.c.o] Error 1
gmake[1]: Leaving directory '/Users/spinlock/src/wrmsr/cpython/cmake-build-debug/CMakeFiles/CMakeTmp'
gmake: *** [Makefile:121: cmTC_4e925/fast] Error 2

Source:
/* */
#include <sys/mkdev.h>


int main(void){return 0;}

Determining if files sys/modem.h exist failed with the following output:
Change Dir: /Users/spinlock/src/wrmsr/cpython/cmake-build-debug/CMakeFiles/CMakeTmp

Run Build Command:"/usr/local/bin/gmake" "cmTC_7a39b/fast"
/usr/local/bin/gmake -f CMakeFiles/cmTC_7a39b.dir/build.make CMakeFiles/cmTC_7a39b.dir/build
gmake[1]: Entering directory '/Users/spinlock/src/wrmsr/cpython/cmake-build-debug/CMakeFiles/CMakeTmp'
Building C object CMakeFiles/cmTC_7a39b.dir/HAVE_SYS_MODEM_H.c.o
/Applications/Xcode.app/Contents/Developer/Toolchains/XcodeDefault.xctoolchain/usr/bin/cc   -arch x86_64 -isysroot /Applications/Xcode.app/Contents/Developer/Platforms/MacOSX.platform/Developer/SDKs/MacOSX10.14.sdk   -o CMakeFiles/cmTC_7a39b.dir/HAVE_SYS_MODEM_H.c.o   -c /Users/spinlock/src/wrmsr/cpython/cmake-build-debug/CMakeFiles/CheckIncludeFiles/HAVE_SYS_MODEM_H.c
/Users/spinlock/src/wrmsr/cpython/cmake-build-debug/CMakeFiles/CheckIncludeFiles/HAVE_SYS_MODEM_H.c:2:10: fatal error: 'sys/modem.h' file not found
#include <sys/modem.h>
         ^~~~~~~~~~~~~
1 error generated.
gmake[1]: *** [CMakeFiles/cmTC_7a39b.dir/build.make:66: CMakeFiles/cmTC_7a39b.dir/HAVE_SYS_MODEM_H.c.o] Error 1
gmake[1]: Leaving directory '/Users/spinlock/src/wrmsr/cpython/cmake-build-debug/CMakeFiles/CMakeTmp'
gmake: *** [Makefile:121: cmTC_7a39b/fast] Error 2

Source:
/* */
#include <sys/modem.h>


int main(void){return 0;}

Determining if files sys/random.h exist failed with the following output:
Change Dir: /Users/spinlock/src/wrmsr/cpython/cmake-build-debug/CMakeFiles/CMakeTmp

Run Build Command:"/usr/local/bin/gmake" "cmTC_78acd/fast"
/usr/local/bin/gmake -f CMakeFiles/cmTC_78acd.dir/build.make CMakeFiles/cmTC_78acd.dir/build
gmake[1]: Entering directory '/Users/spinlock/src/wrmsr/cpython/cmake-build-debug/CMakeFiles/CMakeTmp'
Building C object CMakeFiles/cmTC_78acd.dir/HAVE_SYS_RANDOM_H.c.o
/Applications/Xcode.app/Contents/Developer/Toolchains/XcodeDefault.xctoolchain/usr/bin/cc   -arch x86_64 -isysroot /Applications/Xcode.app/Contents/Developer/Platforms/MacOSX.platform/Developer/SDKs/MacOSX10.14.sdk   -o CMakeFiles/cmTC_78acd.dir/HAVE_SYS_RANDOM_H.c.o   -c /Users/spinlock/src/wrmsr/cpython/cmake-build-debug/CMakeFiles/CheckIncludeFiles/HAVE_SYS_RANDOM_H.c
In file included from /Users/spinlock/src/wrmsr/cpython/cmake-build-debug/CMakeFiles/CheckIncludeFiles/HAVE_SYS_RANDOM_H.c:2:
/Applications/Xcode.app/Contents/Developer/Platforms/MacOSX.platform/Developer/SDKs/MacOSX10.14.sdk/usr/include/sys/random.h:36:17: error: expected parameter declarator
__OSX_AVAILABLE(10.12) __IOS_AVAILABLE(10.0) __TVOS_AVAILABLE(10.0) __WATCHOS_AVAILABLE(3.0)
                ^
/Applications/Xcode.app/Contents/Developer/Platforms/MacOSX.platform/Developer/SDKs/MacOSX10.14.sdk/usr/include/sys/random.h:36:17: error: expected ')'
/Applications/Xcode.app/Contents/Developer/Platforms/MacOSX.platform/Developer/SDKs/MacOSX10.14.sdk/usr/include/sys/random.h:36:16: note: to match this '('
__OSX_AVAILABLE(10.12) __IOS_AVAILABLE(10.0) __TVOS_AVAILABLE(10.0) __WATCHOS_AVAILABLE(3.0)
               ^
/Applications/Xcode.app/Contents/Developer/Platforms/MacOSX.platform/Developer/SDKs/MacOSX10.14.sdk/usr/include/sys/random.h:36:24: error: expected function body after function declarator
__OSX_AVAILABLE(10.12) __IOS_AVAILABLE(10.0) __TVOS_AVAILABLE(10.0) __WATCHOS_AVAILABLE(3.0)
                       ^
3 errors generated.
gmake[1]: *** [CMakeFiles/cmTC_78acd.dir/build.make:66: CMakeFiles/cmTC_78acd.dir/HAVE_SYS_RANDOM_H.c.o] Error 1
gmake[1]: Leaving directory '/Users/spinlock/src/wrmsr/cpython/cmake-build-debug/CMakeFiles/CMakeTmp'
gmake: *** [Makefile:121: cmTC_78acd/fast] Error 2

Source:
/* */
#include <sys/random.h>


int main(void){return 0;}

Determining if files sys/termio.h exist failed with the following output:
Change Dir: /Users/spinlock/src/wrmsr/cpython/cmake-build-debug/CMakeFiles/CMakeTmp

Run Build Command:"/usr/local/bin/gmake" "cmTC_dcf27/fast"
/usr/local/bin/gmake -f CMakeFiles/cmTC_dcf27.dir/build.make CMakeFiles/cmTC_dcf27.dir/build
gmake[1]: Entering directory '/Users/spinlock/src/wrmsr/cpython/cmake-build-debug/CMakeFiles/CMakeTmp'
Building C object CMakeFiles/cmTC_dcf27.dir/HAVE_SYS_TERMIO_H.c.o
/Applications/Xcode.app/Contents/Developer/Toolchains/XcodeDefault.xctoolchain/usr/bin/cc   -arch x86_64 -isysroot /Applications/Xcode.app/Contents/Developer/Platforms/MacOSX.platform/Developer/SDKs/MacOSX10.14.sdk   -o CMakeFiles/cmTC_dcf27.dir/HAVE_SYS_TERMIO_H.c.o   -c /Users/spinlock/src/wrmsr/cpython/cmake-build-debug/CMakeFiles/CheckIncludeFiles/HAVE_SYS_TERMIO_H.c
/Users/spinlock/src/wrmsr/cpython/cmake-build-debug/CMakeFiles/CheckIncludeFiles/HAVE_SYS_TERMIO_H.c:2:10: fatal error: 'sys/termio.h' file not found
#include <sys/termio.h>
         ^~~~~~~~~~~~~~
1 error generated.
gmake[1]: *** [CMakeFiles/cmTC_dcf27.dir/build.make:66: CMakeFiles/cmTC_dcf27.dir/HAVE_SYS_TERMIO_H.c.o] Error 1
gmake[1]: Leaving directory '/Users/spinlock/src/wrmsr/cpython/cmake-build-debug/CMakeFiles/CMakeTmp'
gmake: *** [Makefile:121: cmTC_dcf27/fast] Error 2

Source:
/* */
#include <sys/termio.h>


int main(void){return 0;}

Determining if files endian.h exist failed with the following output:
Change Dir: /Users/spinlock/src/wrmsr/cpython/cmake-build-debug/CMakeFiles/CMakeTmp

Run Build Command:"/usr/local/bin/gmake" "cmTC_37ce5/fast"
/usr/local/bin/gmake -f CMakeFiles/cmTC_37ce5.dir/build.make CMakeFiles/cmTC_37ce5.dir/build
gmake[1]: Entering directory '/Users/spinlock/src/wrmsr/cpython/cmake-build-debug/CMakeFiles/CMakeTmp'
Building C object CMakeFiles/cmTC_37ce5.dir/HAVE_ENDIAN_H.c.o
/Applications/Xcode.app/Contents/Developer/Toolchains/XcodeDefault.xctoolchain/usr/bin/cc   -arch x86_64 -isysroot /Applications/Xcode.app/Contents/Developer/Platforms/MacOSX.platform/Developer/SDKs/MacOSX10.14.sdk   -o CMakeFiles/cmTC_37ce5.dir/HAVE_ENDIAN_H.c.o   -c /Users/spinlock/src/wrmsr/cpython/cmake-build-debug/CMakeFiles/CheckIncludeFiles/HAVE_ENDIAN_H.c
/Users/spinlock/src/wrmsr/cpython/cmake-build-debug/CMakeFiles/CheckIncludeFiles/HAVE_ENDIAN_H.c:2:10: fatal error: 'endian.h' file not found
#include <endian.h>
         ^~~~~~~~~~
1 error generated.
gmake[1]: *** [CMakeFiles/cmTC_37ce5.dir/build.make:66: CMakeFiles/cmTC_37ce5.dir/HAVE_ENDIAN_H.c.o] Error 1
gmake[1]: Leaving directory '/Users/spinlock/src/wrmsr/cpython/cmake-build-debug/CMakeFiles/CMakeTmp'
gmake: *** [Makefile:121: cmTC_37ce5/fast] Error 2

Source:
/* */
#include <endian.h>


int main(void){return 0;}

Determining if files sys/devpoll.h exist failed with the following output:
Change Dir: /Users/spinlock/src/wrmsr/cpython/cmake-build-debug/CMakeFiles/CMakeTmp

Run Build Command:"/usr/local/bin/gmake" "cmTC_851da/fast"
/usr/local/bin/gmake -f CMakeFiles/cmTC_851da.dir/build.make CMakeFiles/cmTC_851da.dir/build
gmake[1]: Entering directory '/Users/spinlock/src/wrmsr/cpython/cmake-build-debug/CMakeFiles/CMakeTmp'
Building C object CMakeFiles/cmTC_851da.dir/HAVE_SYS_DEVPOLL_H.c.o
/Applications/Xcode.app/Contents/Developer/Toolchains/XcodeDefault.xctoolchain/usr/bin/cc   -arch x86_64 -isysroot /Applications/Xcode.app/Contents/Developer/Platforms/MacOSX.platform/Developer/SDKs/MacOSX10.14.sdk   -o CMakeFiles/cmTC_851da.dir/HAVE_SYS_DEVPOLL_H.c.o   -c /Users/spinlock/src/wrmsr/cpython/cmake-build-debug/CMakeFiles/CheckIncludeFiles/HAVE_SYS_DEVPOLL_H.c
/Users/spinlock/src/wrmsr/cpython/cmake-build-debug/CMakeFiles/CheckIncludeFiles/HAVE_SYS_DEVPOLL_H.c:2:10: fatal error: 'sys/devpoll.h' file not found
#include <sys/devpoll.h>
         ^~~~~~~~~~~~~~~
1 error generated.
gmake[1]: *** [CMakeFiles/cmTC_851da.dir/build.make:66: CMakeFiles/cmTC_851da.dir/HAVE_SYS_DEVPOLL_H.c.o] Error 1
gmake[1]: Leaving directory '/Users/spinlock/src/wrmsr/cpython/cmake-build-debug/CMakeFiles/CMakeTmp'
gmake: *** [Makefile:121: cmTC_851da/fast] Error 2

Source:
/* */
#include <sys/devpoll.h>


int main(void){return 0;}

Determining if files sys/endian.h exist failed with the following output:
Change Dir: /Users/spinlock/src/wrmsr/cpython/cmake-build-debug/CMakeFiles/CMakeTmp

Run Build Command:"/usr/local/bin/gmake" "cmTC_16626/fast"
/usr/local/bin/gmake -f CMakeFiles/cmTC_16626.dir/build.make CMakeFiles/cmTC_16626.dir/build
gmake[1]: Entering directory '/Users/spinlock/src/wrmsr/cpython/cmake-build-debug/CMakeFiles/CMakeTmp'
Building C object CMakeFiles/cmTC_16626.dir/HAVE_SYS_ENDIAN_H.c.o
/Applications/Xcode.app/Contents/Developer/Toolchains/XcodeDefault.xctoolchain/usr/bin/cc   -arch x86_64 -isysroot /Applications/Xcode.app/Contents/Developer/Platforms/MacOSX.platform/Developer/SDKs/MacOSX10.14.sdk   -o CMakeFiles/cmTC_16626.dir/HAVE_SYS_ENDIAN_H.c.o   -c /Users/spinlock/src/wrmsr/cpython/cmake-build-debug/CMakeFiles/CheckIncludeFiles/HAVE_SYS_ENDIAN_H.c
/Users/spinlock/src/wrmsr/cpython/cmake-build-debug/CMakeFiles/CheckIncludeFiles/HAVE_SYS_ENDIAN_H.c:2:10: fatal error: 'sys/endian.h' file not found
#include <sys/endian.h>
         ^~~~~~~~~~~~~~
1 error generated.
gmake[1]: *** [CMakeFiles/cmTC_16626.dir/build.make:66: CMakeFiles/cmTC_16626.dir/HAVE_SYS_ENDIAN_H.c.o] Error 1
gmake[1]: Leaving directory '/Users/spinlock/src/wrmsr/cpython/cmake-build-debug/CMakeFiles/CMakeTmp'
gmake: *** [Makefile:121: cmTC_16626/fast] Error 2

Source:
/* */
#include <sys/endian.h>


int main(void){return 0;}

Determining if files sys/sendfile.h exist failed with the following output:
Change Dir: /Users/spinlock/src/wrmsr/cpython/cmake-build-debug/CMakeFiles/CMakeTmp

Run Build Command:"/usr/local/bin/gmake" "cmTC_9744c/fast"
/usr/local/bin/gmake -f CMakeFiles/cmTC_9744c.dir/build.make CMakeFiles/cmTC_9744c.dir/build
gmake[1]: Entering directory '/Users/spinlock/src/wrmsr/cpython/cmake-build-debug/CMakeFiles/CMakeTmp'
Building C object CMakeFiles/cmTC_9744c.dir/HAVE_SYS_SENDFILE_H.c.o
/Applications/Xcode.app/Contents/Developer/Toolchains/XcodeDefault.xctoolchain/usr/bin/cc   -arch x86_64 -isysroot /Applications/Xcode.app/Contents/Developer/Platforms/MacOSX.platform/Developer/SDKs/MacOSX10.14.sdk   -o CMakeFiles/cmTC_9744c.dir/HAVE_SYS_SENDFILE_H.c.o   -c /Users/spinlock/src/wrmsr/cpython/cmake-build-debug/CMakeFiles/CheckIncludeFiles/HAVE_SYS_SENDFILE_H.c
/Users/spinlock/src/wrmsr/cpython/cmake-build-debug/CMakeFiles/CheckIncludeFiles/HAVE_SYS_SENDFILE_H.c:2:10: fatal error: 'sys/sendfile.h' file not found
#include <sys/sendfile.h>
         ^~~~~~~~~~~~~~~~
1 error generated.
gmake[1]: *** [CMakeFiles/cmTC_9744c.dir/build.make:66: CMakeFiles/cmTC_9744c.dir/HAVE_SYS_SENDFILE_H.c.o] Error 1
gmake[1]: Leaving directory '/Users/spinlock/src/wrmsr/cpython/cmake-build-debug/CMakeFiles/CMakeTmp'
gmake: *** [Makefile:121: cmTC_9744c/fast] Error 2

Source:
/* */
#include <sys/sendfile.h>


int main(void){return 0;}

Determining if the altzone exist failed with the following output:
Change Dir: /Users/spinlock/src/wrmsr/cpython/cmake-build-debug/CMakeFiles/CMakeTmp

Run Build Command:"/usr/local/bin/gmake" "cmTC_417ca/fast"
/usr/local/bin/gmake -f CMakeFiles/cmTC_417ca.dir/build.make CMakeFiles/cmTC_417ca.dir/build
gmake[1]: Entering directory '/Users/spinlock/src/wrmsr/cpython/cmake-build-debug/CMakeFiles/CMakeTmp'
Building C object CMakeFiles/cmTC_417ca.dir/CheckSymbolExists.c.o
/Applications/Xcode.app/Contents/Developer/Toolchains/XcodeDefault.xctoolchain/usr/bin/cc -D_ALL_SOURCE=1 -D_BSD_TYPES=1 -D_DARWIN_C_SOURCE=1 -D_FILE_OFFSET_BITS=64 -D_GNU_SOURCE=1 -D_LARGEFILE_SOURCE=1 -D_NETBSD_SOURCE=1 -D_POSIX_PTHREAD_SEMANTICS=1 -D_REENTRANT=1 -D_TANDEM_SOURCE=1 -D__BSD_VISIBLE=1 -D__EXTENSIONS__=1  -arch x86_64 -isysroot /Applications/Xcode.app/Contents/Developer/Platforms/MacOSX.platform/Developer/SDKs/MacOSX10.14.sdk   -o CMakeFiles/cmTC_417ca.dir/CheckSymbolExists.c.o   -c /Users/spinlock/src/wrmsr/cpython/cmake-build-debug/CMakeFiles/CMakeTmp/CheckSymbolExists.c
/Users/spinlock/src/wrmsr/cpython/cmake-build-debug/CMakeFiles/CMakeTmp/CheckSymbolExists.c:43:19: error: use of undeclared identifier 'altzone'
  return ((int*)(&altzone))[argc];
                  ^
1 error generated.
gmake[1]: *** [CMakeFiles/cmTC_417ca.dir/build.make:66: CMakeFiles/cmTC_417ca.dir/CheckSymbolExists.c.o] Error 1
gmake[1]: Leaving directory '/Users/spinlock/src/wrmsr/cpython/cmake-build-debug/CMakeFiles/CMakeTmp'
gmake: *** [Makefile:121: cmTC_417ca/fast] Error 2

File /Users/spinlock/src/wrmsr/cpython/cmake-build-debug/CMakeFiles/CMakeTmp/CheckSymbolExists.c:
/* */
#include <sys/event.h>
#include <sys/types.h>
#include <sys/time.h>
#include <sys/file.h>
#include <sys/poll.h>
#include <sys/statvfs.h>
#include <sys/stat.h>
#include <sys/lock.h>
#include <sys/timeb.h>
#include <sys/times.h>
#include <sys/uio.h>
#include <sys/utsname.h>
#include <sys/mman.h>
#include <sys/socket.h>
#include <sys/wait.h>
#include <pwd.h>
#include <grp.h>
#include <inttypes.h>
#include <locale.h>
#include <fcntl.h>
#include <signal.h>
#include <stdint.h>
#include <stdlib.h>
#include <string.h>
#include <util.h>
#include <unistd.h>
#include <utime.h>
#include <wchar.h>
#include <dirent.h>
#include <net/if.h>
#include <sched.h>
#include <sys/resource.h>
#include <sys/time.h>
#include <time.h>
#include <stdio.h>
#include <math.h>

int main(int argc, char** argv)
{
  (void)argv;
#ifndef altzone
  return ((int*)(&altzone))[argc];
#else
  (void)argc;
  return 0;
#endif
}

Determining if the bind_textdomain_codeset exist failed with the following output:
Change Dir: /Users/spinlock/src/wrmsr/cpython/cmake-build-debug/CMakeFiles/CMakeTmp

Run Build Command:"/usr/local/bin/gmake" "cmTC_f9f92/fast"
/usr/local/bin/gmake -f CMakeFiles/cmTC_f9f92.dir/build.make CMakeFiles/cmTC_f9f92.dir/build
gmake[1]: Entering directory '/Users/spinlock/src/wrmsr/cpython/cmake-build-debug/CMakeFiles/CMakeTmp'
Building C object CMakeFiles/cmTC_f9f92.dir/CheckSymbolExists.c.o
/Applications/Xcode.app/Contents/Developer/Toolchains/XcodeDefault.xctoolchain/usr/bin/cc -D_ALL_SOURCE=1 -D_BSD_TYPES=1 -D_DARWIN_C_SOURCE=1 -D_FILE_OFFSET_BITS=64 -D_GNU_SOURCE=1 -D_LARGEFILE_SOURCE=1 -D_NETBSD_SOURCE=1 -D_POSIX_PTHREAD_SEMANTICS=1 -D_REENTRANT=1 -D_TANDEM_SOURCE=1 -D__BSD_VISIBLE=1 -D__EXTENSIONS__=1  -arch x86_64 -isysroot /Applications/Xcode.app/Contents/Developer/Platforms/MacOSX.platform/Developer/SDKs/MacOSX10.14.sdk   -o CMakeFiles/cmTC_f9f92.dir/CheckSymbolExists.c.o   -c /Users/spinlock/src/wrmsr/cpython/cmake-build-debug/CMakeFiles/CMakeTmp/CheckSymbolExists.c
/Users/spinlock/src/wrmsr/cpython/cmake-build-debug/CMakeFiles/CMakeTmp/CheckSymbolExists.c:43:19: error: use of undeclared identifier 'bind_textdomain_codeset'
  return ((int*)(&bind_textdomain_codeset))[argc];
                  ^
1 error generated.
gmake[1]: *** [CMakeFiles/cmTC_f9f92.dir/build.make:66: CMakeFiles/cmTC_f9f92.dir/CheckSymbolExists.c.o] Error 1
gmake[1]: Leaving directory '/Users/spinlock/src/wrmsr/cpython/cmake-build-debug/CMakeFiles/CMakeTmp'
gmake: *** [Makefile:121: cmTC_f9f92/fast] Error 2

File /Users/spinlock/src/wrmsr/cpython/cmake-build-debug/CMakeFiles/CMakeTmp/CheckSymbolExists.c:
/* */
#include <sys/event.h>
#include <sys/types.h>
#include <sys/time.h>
#include <sys/file.h>
#include <sys/poll.h>
#include <sys/statvfs.h>
#include <sys/stat.h>
#include <sys/lock.h>
#include <sys/timeb.h>
#include <sys/times.h>
#include <sys/uio.h>
#include <sys/utsname.h>
#include <sys/mman.h>
#include <sys/socket.h>
#include <sys/wait.h>
#include <pwd.h>
#include <grp.h>
#include <inttypes.h>
#include <locale.h>
#include <fcntl.h>
#include <signal.h>
#include <stdint.h>
#include <stdlib.h>
#include <string.h>
#include <util.h>
#include <unistd.h>
#include <utime.h>
#include <wchar.h>
#include <dirent.h>
#include <net/if.h>
#include <sched.h>
#include <sys/resource.h>
#include <sys/time.h>
#include <time.h>
#include <stdio.h>
#include <math.h>

int main(int argc, char** argv)
{
  (void)argv;
#ifndef bind_textdomain_codeset
  return ((int*)(&bind_textdomain_codeset))[argc];
#else
  (void)argc;
  return 0;
#endif
}

Determining if the epoll_create exist failed with the following output:
Change Dir: /Users/spinlock/src/wrmsr/cpython/cmake-build-debug/CMakeFiles/CMakeTmp

Run Build Command:"/usr/local/bin/gmake" "cmTC_55253/fast"
/usr/local/bin/gmake -f CMakeFiles/cmTC_55253.dir/build.make CMakeFiles/cmTC_55253.dir/build
gmake[1]: Entering directory '/Users/spinlock/src/wrmsr/cpython/cmake-build-debug/CMakeFiles/CMakeTmp'
Building C object CMakeFiles/cmTC_55253.dir/CheckSymbolExists.c.o
/Applications/Xcode.app/Contents/Developer/Toolchains/XcodeDefault.xctoolchain/usr/bin/cc -D_ALL_SOURCE=1 -D_BSD_TYPES=1 -D_DARWIN_C_SOURCE=1 -D_FILE_OFFSET_BITS=64 -D_GNU_SOURCE=1 -D_LARGEFILE_SOURCE=1 -D_NETBSD_SOURCE=1 -D_POSIX_PTHREAD_SEMANTICS=1 -D_REENTRANT=1 -D_TANDEM_SOURCE=1 -D__BSD_VISIBLE=1 -D__EXTENSIONS__=1  -arch x86_64 -isysroot /Applications/Xcode.app/Contents/Developer/Platforms/MacOSX.platform/Developer/SDKs/MacOSX10.14.sdk   -o CMakeFiles/cmTC_55253.dir/CheckSymbolExists.c.o   -c /Users/spinlock/src/wrmsr/cpython/cmake-build-debug/CMakeFiles/CMakeTmp/CheckSymbolExists.c
/Users/spinlock/src/wrmsr/cpython/cmake-build-debug/CMakeFiles/CMakeTmp/CheckSymbolExists.c:43:19: error: use of undeclared identifier 'epoll_create'
  return ((int*)(&epoll_create))[argc];
                  ^
1 error generated.
gmake[1]: *** [CMakeFiles/cmTC_55253.dir/build.make:66: CMakeFiles/cmTC_55253.dir/CheckSymbolExists.c.o] Error 1
gmake[1]: Leaving directory '/Users/spinlock/src/wrmsr/cpython/cmake-build-debug/CMakeFiles/CMakeTmp'
gmake: *** [Makefile:121: cmTC_55253/fast] Error 2

File /Users/spinlock/src/wrmsr/cpython/cmake-build-debug/CMakeFiles/CMakeTmp/CheckSymbolExists.c:
/* */
#include <sys/event.h>
#include <sys/types.h>
#include <sys/time.h>
#include <sys/file.h>
#include <sys/poll.h>
#include <sys/statvfs.h>
#include <sys/stat.h>
#include <sys/lock.h>
#include <sys/timeb.h>
#include <sys/times.h>
#include <sys/uio.h>
#include <sys/utsname.h>
#include <sys/mman.h>
#include <sys/socket.h>
#include <sys/wait.h>
#include <pwd.h>
#include <grp.h>
#include <inttypes.h>
#include <locale.h>
#include <fcntl.h>
#include <signal.h>
#include <stdint.h>
#include <stdlib.h>
#include <string.h>
#include <util.h>
#include <unistd.h>
#include <utime.h>
#include <wchar.h>
#include <dirent.h>
#include <net/if.h>
#include <sched.h>
#include <sys/resource.h>
#include <sys/time.h>
#include <time.h>
#include <stdio.h>
#include <math.h>

int main(int argc, char** argv)
{
  (void)argv;
#ifndef epoll_create
  return ((int*)(&epoll_create))[argc];
#else
  (void)argc;
  return 0;
#endif
}

Determining if the epoll_create1 exist failed with the following output:
Change Dir: /Users/spinlock/src/wrmsr/cpython/cmake-build-debug/CMakeFiles/CMakeTmp

Run Build Command:"/usr/local/bin/gmake" "cmTC_f5e50/fast"
/usr/local/bin/gmake -f CMakeFiles/cmTC_f5e50.dir/build.make CMakeFiles/cmTC_f5e50.dir/build
gmake[1]: Entering directory '/Users/spinlock/src/wrmsr/cpython/cmake-build-debug/CMakeFiles/CMakeTmp'
Building C object CMakeFiles/cmTC_f5e50.dir/CheckSymbolExists.c.o
/Applications/Xcode.app/Contents/Developer/Toolchains/XcodeDefault.xctoolchain/usr/bin/cc -D_ALL_SOURCE=1 -D_BSD_TYPES=1 -D_DARWIN_C_SOURCE=1 -D_FILE_OFFSET_BITS=64 -D_GNU_SOURCE=1 -D_LARGEFILE_SOURCE=1 -D_NETBSD_SOURCE=1 -D_POSIX_PTHREAD_SEMANTICS=1 -D_REENTRANT=1 -D_TANDEM_SOURCE=1 -D__BSD_VISIBLE=1 -D__EXTENSIONS__=1  -arch x86_64 -isysroot /Applications/Xcode.app/Contents/Developer/Platforms/MacOSX.platform/Developer/SDKs/MacOSX10.14.sdk   -o CMakeFiles/cmTC_f5e50.dir/CheckSymbolExists.c.o   -c /Users/spinlock/src/wrmsr/cpython/cmake-build-debug/CMakeFiles/CMakeTmp/CheckSymbolExists.c
/Users/spinlock/src/wrmsr/cpython/cmake-build-debug/CMakeFiles/CMakeTmp/CheckSymbolExists.c:43:19: error: use of undeclared identifier 'epoll_create1'
  return ((int*)(&epoll_create1))[argc];
                  ^
1 error generated.
gmake[1]: *** [CMakeFiles/cmTC_f5e50.dir/build.make:66: CMakeFiles/cmTC_f5e50.dir/CheckSymbolExists.c.o] Error 1
gmake[1]: Leaving directory '/Users/spinlock/src/wrmsr/cpython/cmake-build-debug/CMakeFiles/CMakeTmp'
gmake: *** [Makefile:121: cmTC_f5e50/fast] Error 2

File /Users/spinlock/src/wrmsr/cpython/cmake-build-debug/CMakeFiles/CMakeTmp/CheckSymbolExists.c:
/* */
#include <sys/event.h>
#include <sys/types.h>
#include <sys/time.h>
#include <sys/file.h>
#include <sys/poll.h>
#include <sys/statvfs.h>
#include <sys/stat.h>
#include <sys/lock.h>
#include <sys/timeb.h>
#include <sys/times.h>
#include <sys/uio.h>
#include <sys/utsname.h>
#include <sys/mman.h>
#include <sys/socket.h>
#include <sys/wait.h>
#include <pwd.h>
#include <grp.h>
#include <inttypes.h>
#include <locale.h>
#include <fcntl.h>
#include <signal.h>
#include <stdint.h>
#include <stdlib.h>
#include <string.h>
#include <util.h>
#include <unistd.h>
#include <utime.h>
#include <wchar.h>
#include <dirent.h>
#include <net/if.h>
#include <sched.h>
#include <sys/resource.h>
#include <sys/time.h>
#include <time.h>
#include <stdio.h>
#include <math.h>

int main(int argc, char** argv)
{
  (void)argv;
#ifndef epoll_create1
  return ((int*)(&epoll_create1))[argc];
#else
  (void)argc;
  return 0;
#endif
}

Determining if the fdatasync exist failed with the following output:
Change Dir: /Users/spinlock/src/wrmsr/cpython/cmake-build-debug/CMakeFiles/CMakeTmp

Run Build Command:"/usr/local/bin/gmake" "cmTC_b5729/fast"
/usr/local/bin/gmake -f CMakeFiles/cmTC_b5729.dir/build.make CMakeFiles/cmTC_b5729.dir/build
gmake[1]: Entering directory '/Users/spinlock/src/wrmsr/cpython/cmake-build-debug/CMakeFiles/CMakeTmp'
Building C object CMakeFiles/cmTC_b5729.dir/CheckSymbolExists.c.o
/Applications/Xcode.app/Contents/Developer/Toolchains/XcodeDefault.xctoolchain/usr/bin/cc -D_ALL_SOURCE=1 -D_BSD_TYPES=1 -D_DARWIN_C_SOURCE=1 -D_FILE_OFFSET_BITS=64 -D_GNU_SOURCE=1 -D_LARGEFILE_SOURCE=1 -D_NETBSD_SOURCE=1 -D_POSIX_PTHREAD_SEMANTICS=1 -D_REENTRANT=1 -D_TANDEM_SOURCE=1 -D__BSD_VISIBLE=1 -D__EXTENSIONS__=1  -arch x86_64 -isysroot /Applications/Xcode.app/Contents/Developer/Platforms/MacOSX.platform/Developer/SDKs/MacOSX10.14.sdk   -o CMakeFiles/cmTC_b5729.dir/CheckSymbolExists.c.o   -c /Users/spinlock/src/wrmsr/cpython/cmake-build-debug/CMakeFiles/CMakeTmp/CheckSymbolExists.c
/Users/spinlock/src/wrmsr/cpython/cmake-build-debug/CMakeFiles/CMakeTmp/CheckSymbolExists.c:43:19: error: use of undeclared identifier 'fdatasync'
  return ((int*)(&fdatasync))[argc];
                  ^
1 error generated.
gmake[1]: *** [CMakeFiles/cmTC_b5729.dir/build.make:66: CMakeFiles/cmTC_b5729.dir/CheckSymbolExists.c.o] Error 1
gmake[1]: Leaving directory '/Users/spinlock/src/wrmsr/cpython/cmake-build-debug/CMakeFiles/CMakeTmp'
gmake: *** [Makefile:121: cmTC_b5729/fast] Error 2

File /Users/spinlock/src/wrmsr/cpython/cmake-build-debug/CMakeFiles/CMakeTmp/CheckSymbolExists.c:
/* */
#include <sys/event.h>
#include <sys/types.h>
#include <sys/time.h>
#include <sys/file.h>
#include <sys/poll.h>
#include <sys/statvfs.h>
#include <sys/stat.h>
#include <sys/lock.h>
#include <sys/timeb.h>
#include <sys/times.h>
#include <sys/uio.h>
#include <sys/utsname.h>
#include <sys/mman.h>
#include <sys/socket.h>
#include <sys/wait.h>
#include <pwd.h>
#include <grp.h>
#include <inttypes.h>
#include <locale.h>
#include <fcntl.h>
#include <signal.h>
#include <stdint.h>
#include <stdlib.h>
#include <string.h>
#include <util.h>
#include <unistd.h>
#include <utime.h>
#include <wchar.h>
#include <dirent.h>
#include <net/if.h>
#include <sched.h>
#include <sys/resource.h>
#include <sys/time.h>
#include <time.h>
#include <stdio.h>
#include <math.h>

int main(int argc, char** argv)
{
  (void)argv;
#ifndef fdatasync
  return ((int*)(&fdatasync))[argc];
#else
  (void)argc;
  return 0;
#endif
}

Determining if the __fpu_control exist failed with the following output:
Change Dir: /Users/spinlock/src/wrmsr/cpython/cmake-build-debug/CMakeFiles/CMakeTmp

Run Build Command:"/usr/local/bin/gmake" "cmTC_bc35d/fast"
/usr/local/bin/gmake -f CMakeFiles/cmTC_bc35d.dir/build.make CMakeFiles/cmTC_bc35d.dir/build
gmake[1]: Entering directory '/Users/spinlock/src/wrmsr/cpython/cmake-build-debug/CMakeFiles/CMakeTmp'
Building C object CMakeFiles/cmTC_bc35d.dir/CheckSymbolExists.c.o
/Applications/Xcode.app/Contents/Developer/Toolchains/XcodeDefault.xctoolchain/usr/bin/cc -D_ALL_SOURCE=1 -D_BSD_TYPES=1 -D_DARWIN_C_SOURCE=1 -D_FILE_OFFSET_BITS=64 -D_GNU_SOURCE=1 -D_LARGEFILE_SOURCE=1 -D_NETBSD_SOURCE=1 -D_POSIX_PTHREAD_SEMANTICS=1 -D_REENTRANT=1 -D_TANDEM_SOURCE=1 -D__BSD_VISIBLE=1 -D__EXTENSIONS__=1  -arch x86_64 -isysroot /Applications/Xcode.app/Contents/Developer/Platforms/MacOSX.platform/Developer/SDKs/MacOSX10.14.sdk   -o CMakeFiles/cmTC_bc35d.dir/CheckSymbolExists.c.o   -c /Users/spinlock/src/wrmsr/cpython/cmake-build-debug/CMakeFiles/CMakeTmp/CheckSymbolExists.c
/Users/spinlock/src/wrmsr/cpython/cmake-build-debug/CMakeFiles/CMakeTmp/CheckSymbolExists.c:43:19: error: use of undeclared identifier '__fpu_control'
  return ((int*)(&__fpu_control))[argc];
                  ^
1 error generated.
gmake[1]: *** [CMakeFiles/cmTC_bc35d.dir/build.make:66: CMakeFiles/cmTC_bc35d.dir/CheckSymbolExists.c.o] Error 1
gmake[1]: Leaving directory '/Users/spinlock/src/wrmsr/cpython/cmake-build-debug/CMakeFiles/CMakeTmp'
gmake: *** [Makefile:121: cmTC_bc35d/fast] Error 2

File /Users/spinlock/src/wrmsr/cpython/cmake-build-debug/CMakeFiles/CMakeTmp/CheckSymbolExists.c:
/* */
#include <sys/event.h>
#include <sys/types.h>
#include <sys/time.h>
#include <sys/file.h>
#include <sys/poll.h>
#include <sys/statvfs.h>
#include <sys/stat.h>
#include <sys/lock.h>
#include <sys/timeb.h>
#include <sys/times.h>
#include <sys/uio.h>
#include <sys/utsname.h>
#include <sys/mman.h>
#include <sys/socket.h>
#include <sys/wait.h>
#include <pwd.h>
#include <grp.h>
#include <inttypes.h>
#include <locale.h>
#include <fcntl.h>
#include <signal.h>
#include <stdint.h>
#include <stdlib.h>
#include <string.h>
#include <util.h>
#include <unistd.h>
#include <utime.h>
#include <wchar.h>
#include <dirent.h>
#include <net/if.h>
#include <sched.h>
#include <sys/resource.h>
#include <sys/time.h>
#include <time.h>
#include <stdio.h>
#include <math.h>

int main(int argc, char** argv)
{
  (void)argv;
#ifndef __fpu_control
  return ((int*)(&__fpu_control))[argc];
#else
  (void)argc;
  return 0;
#endif
}

Determining if the function __fpu_control exists in the ieee failed with the following output:
Change Dir: /Users/spinlock/src/wrmsr/cpython/cmake-build-debug/CMakeFiles/CMakeTmp

Run Build Command:"/usr/local/bin/gmake" "cmTC_9897c/fast"
/usr/local/bin/gmake -f CMakeFiles/cmTC_9897c.dir/build.make CMakeFiles/cmTC_9897c.dir/build
gmake[1]: Entering directory '/Users/spinlock/src/wrmsr/cpython/cmake-build-debug/CMakeFiles/CMakeTmp'
Building C object CMakeFiles/cmTC_9897c.dir/CheckFunctionExists.c.o
/Applications/Xcode.app/Contents/Developer/Toolchains/XcodeDefault.xctoolchain/usr/bin/cc -D_ALL_SOURCE=1 -D_BSD_TYPES=1 -D_DARWIN_C_SOURCE=1 -D_FILE_OFFSET_BITS=64 -D_GNU_SOURCE=1 -D_LARGEFILE_SOURCE=1 -D_NETBSD_SOURCE=1 -D_POSIX_PTHREAD_SEMANTICS=1 -D_REENTRANT=1 -D_TANDEM_SOURCE=1 -D__BSD_VISIBLE=1 -D__EXTENSIONS__=1  -DCHECK_FUNCTION_EXISTS=__fpu_control -arch x86_64 -isysroot /Applications/Xcode.app/Contents/Developer/Platforms/MacOSX.platform/Developer/SDKs/MacOSX10.14.sdk   -o CMakeFiles/cmTC_9897c.dir/CheckFunctionExists.c.o   -c /Applications/CLion.app/Contents/bin/cmake/mac/share/cmake-3.13/Modules/CheckFunctionExists.c
Linking C executable cmTC_9897c
/Applications/CLion.app/Contents/bin/cmake/mac/bin/cmake -E cmake_link_script CMakeFiles/cmTC_9897c.dir/link.txt --verbose=1
/Applications/Xcode.app/Contents/Developer/Toolchains/XcodeDefault.xctoolchain/usr/bin/cc  -DCHECK_FUNCTION_EXISTS=__fpu_control -arch x86_64 -isysroot /Applications/Xcode.app/Contents/Developer/Platforms/MacOSX.platform/Developer/SDKs/MacOSX10.14.sdk -Wl,-search_paths_first -Wl,-headerpad_max_install_names   CMakeFiles/cmTC_9897c.dir/CheckFunctionExists.c.o  -o cmTC_9897c -lieee 
ld: library not found for -lieee
clang: error: linker command failed with exit code 1 (use -v to see invocation)
gmake[1]: *** [CMakeFiles/cmTC_9897c.dir/build.make:87: cmTC_9897c] Error 1
gmake[1]: Leaving directory '/Users/spinlock/src/wrmsr/cpython/cmake-build-debug/CMakeFiles/CMakeTmp'
gmake: *** [Makefile:121: cmTC_9897c/fast] Error 2


Determining if the fseek64 exist failed with the following output:
Change Dir: /Users/spinlock/src/wrmsr/cpython/cmake-build-debug/CMakeFiles/CMakeTmp

Run Build Command:"/usr/local/bin/gmake" "cmTC_af576/fast"
/usr/local/bin/gmake -f CMakeFiles/cmTC_af576.dir/build.make CMakeFiles/cmTC_af576.dir/build
gmake[1]: Entering directory '/Users/spinlock/src/wrmsr/cpython/cmake-build-debug/CMakeFiles/CMakeTmp'
Building C object CMakeFiles/cmTC_af576.dir/CheckSymbolExists.c.o
/Applications/Xcode.app/Contents/Developer/Toolchains/XcodeDefault.xctoolchain/usr/bin/cc -D_ALL_SOURCE=1 -D_BSD_TYPES=1 -D_DARWIN_C_SOURCE=1 -D_FILE_OFFSET_BITS=64 -D_GNU_SOURCE=1 -D_LARGEFILE_SOURCE=1 -D_NETBSD_SOURCE=1 -D_POSIX_PTHREAD_SEMANTICS=1 -D_REENTRANT=1 -D_TANDEM_SOURCE=1 -D__BSD_VISIBLE=1 -D__EXTENSIONS__=1  -arch x86_64 -isysroot /Applications/Xcode.app/Contents/Developer/Platforms/MacOSX.platform/Developer/SDKs/MacOSX10.14.sdk   -o CMakeFiles/cmTC_af576.dir/CheckSymbolExists.c.o   -c /Users/spinlock/src/wrmsr/cpython/cmake-build-debug/CMakeFiles/CMakeTmp/CheckSymbolExists.c
/Users/spinlock/src/wrmsr/cpython/cmake-build-debug/CMakeFiles/CMakeTmp/CheckSymbolExists.c:43:19: error: use of undeclared identifier 'fseek64'
  return ((int*)(&fseek64))[argc];
                  ^
1 error generated.
gmake[1]: *** [CMakeFiles/cmTC_af576.dir/build.make:66: CMakeFiles/cmTC_af576.dir/CheckSymbolExists.c.o] Error 1
gmake[1]: Leaving directory '/Users/spinlock/src/wrmsr/cpython/cmake-build-debug/CMakeFiles/CMakeTmp'
gmake: *** [Makefile:121: cmTC_af576/fast] Error 2

File /Users/spinlock/src/wrmsr/cpython/cmake-build-debug/CMakeFiles/CMakeTmp/CheckSymbolExists.c:
/* */
#include <sys/event.h>
#include <sys/types.h>
#include <sys/time.h>
#include <sys/file.h>
#include <sys/poll.h>
#include <sys/statvfs.h>
#include <sys/stat.h>
#include <sys/lock.h>
#include <sys/timeb.h>
#include <sys/times.h>
#include <sys/uio.h>
#include <sys/utsname.h>
#include <sys/mman.h>
#include <sys/socket.h>
#include <sys/wait.h>
#include <pwd.h>
#include <grp.h>
#include <inttypes.h>
#include <locale.h>
#include <fcntl.h>
#include <signal.h>
#include <stdint.h>
#include <stdlib.h>
#include <string.h>
#include <util.h>
#include <unistd.h>
#include <utime.h>
#include <wchar.h>
#include <dirent.h>
#include <net/if.h>
#include <sched.h>
#include <sys/resource.h>
#include <sys/time.h>
#include <time.h>
#include <stdio.h>
#include <math.h>

int main(int argc, char** argv)
{
  (void)argv;
#ifndef fseek64
  return ((int*)(&fseek64))[argc];
#else
  (void)argc;
  return 0;
#endif
}

Determining if the ftell64 exist failed with the following output:
Change Dir: /Users/spinlock/src/wrmsr/cpython/cmake-build-debug/CMakeFiles/CMakeTmp

Run Build Command:"/usr/local/bin/gmake" "cmTC_e7622/fast"
/usr/local/bin/gmake -f CMakeFiles/cmTC_e7622.dir/build.make CMakeFiles/cmTC_e7622.dir/build
gmake[1]: Entering directory '/Users/spinlock/src/wrmsr/cpython/cmake-build-debug/CMakeFiles/CMakeTmp'
Building C object CMakeFiles/cmTC_e7622.dir/CheckSymbolExists.c.o
/Applications/Xcode.app/Contents/Developer/Toolchains/XcodeDefault.xctoolchain/usr/bin/cc -D_ALL_SOURCE=1 -D_BSD_TYPES=1 -D_DARWIN_C_SOURCE=1 -D_FILE_OFFSET_BITS=64 -D_GNU_SOURCE=1 -D_LARGEFILE_SOURCE=1 -D_NETBSD_SOURCE=1 -D_POSIX_PTHREAD_SEMANTICS=1 -D_REENTRANT=1 -D_TANDEM_SOURCE=1 -D__BSD_VISIBLE=1 -D__EXTENSIONS__=1  -arch x86_64 -isysroot /Applications/Xcode.app/Contents/Developer/Platforms/MacOSX.platform/Developer/SDKs/MacOSX10.14.sdk   -o CMakeFiles/cmTC_e7622.dir/CheckSymbolExists.c.o   -c /Users/spinlock/src/wrmsr/cpython/cmake-build-debug/CMakeFiles/CMakeTmp/CheckSymbolExists.c
/Users/spinlock/src/wrmsr/cpython/cmake-build-debug/CMakeFiles/CMakeTmp/CheckSymbolExists.c:43:19: error: use of undeclared identifier 'ftell64'
  return ((int*)(&ftell64))[argc];
                  ^
1 error generated.
gmake[1]: *** [CMakeFiles/cmTC_e7622.dir/build.make:66: CMakeFiles/cmTC_e7622.dir/CheckSymbolExists.c.o] Error 1
gmake[1]: Leaving directory '/Users/spinlock/src/wrmsr/cpython/cmake-build-debug/CMakeFiles/CMakeTmp'
gmake: *** [Makefile:121: cmTC_e7622/fast] Error 2

File /Users/spinlock/src/wrmsr/cpython/cmake-build-debug/CMakeFiles/CMakeTmp/CheckSymbolExists.c:
/* */
#include <sys/event.h>
#include <sys/types.h>
#include <sys/time.h>
#include <sys/file.h>
#include <sys/poll.h>
#include <sys/statvfs.h>
#include <sys/stat.h>
#include <sys/lock.h>
#include <sys/timeb.h>
#include <sys/times.h>
#include <sys/uio.h>
#include <sys/utsname.h>
#include <sys/mman.h>
#include <sys/socket.h>
#include <sys/wait.h>
#include <pwd.h>
#include <grp.h>
#include <inttypes.h>
#include <locale.h>
#include <fcntl.h>
#include <signal.h>
#include <stdint.h>
#include <stdlib.h>
#include <string.h>
#include <util.h>
#include <unistd.h>
#include <utime.h>
#include <wchar.h>
#include <dirent.h>
#include <net/if.h>
#include <sched.h>
#include <sys/resource.h>
#include <sys/time.h>
#include <time.h>
#include <stdio.h>
#include <math.h>

int main(int argc, char** argv)
{
  (void)argv;
#ifndef ftell64
  return ((int*)(&ftell64))[argc];
#else
  (void)argc;
  return 0;
#endif
}

Determining if the getresgid exist failed with the following output:
Change Dir: /Users/spinlock/src/wrmsr/cpython/cmake-build-debug/CMakeFiles/CMakeTmp

Run Build Command:"/usr/local/bin/gmake" "cmTC_65156/fast"
/usr/local/bin/gmake -f CMakeFiles/cmTC_65156.dir/build.make CMakeFiles/cmTC_65156.dir/build
gmake[1]: Entering directory '/Users/spinlock/src/wrmsr/cpython/cmake-build-debug/CMakeFiles/CMakeTmp'
Building C object CMakeFiles/cmTC_65156.dir/CheckSymbolExists.c.o
/Applications/Xcode.app/Contents/Developer/Toolchains/XcodeDefault.xctoolchain/usr/bin/cc -D_ALL_SOURCE=1 -D_BSD_TYPES=1 -D_DARWIN_C_SOURCE=1 -D_FILE_OFFSET_BITS=64 -D_GNU_SOURCE=1 -D_LARGEFILE_SOURCE=1 -D_NETBSD_SOURCE=1 -D_POSIX_PTHREAD_SEMANTICS=1 -D_REENTRANT=1 -D_TANDEM_SOURCE=1 -D__BSD_VISIBLE=1 -D__EXTENSIONS__=1  -arch x86_64 -isysroot /Applications/Xcode.app/Contents/Developer/Platforms/MacOSX.platform/Developer/SDKs/MacOSX10.14.sdk   -o CMakeFiles/cmTC_65156.dir/CheckSymbolExists.c.o   -c /Users/spinlock/src/wrmsr/cpython/cmake-build-debug/CMakeFiles/CMakeTmp/CheckSymbolExists.c
/Users/spinlock/src/wrmsr/cpython/cmake-build-debug/CMakeFiles/CMakeTmp/CheckSymbolExists.c:43:19: error: use of undeclared identifier 'getresgid'
  return ((int*)(&getresgid))[argc];
                  ^
1 error generated.
gmake[1]: *** [CMakeFiles/cmTC_65156.dir/build.make:66: CMakeFiles/cmTC_65156.dir/CheckSymbolExists.c.o] Error 1
gmake[1]: Leaving directory '/Users/spinlock/src/wrmsr/cpython/cmake-build-debug/CMakeFiles/CMakeTmp'
gmake: *** [Makefile:121: cmTC_65156/fast] Error 2

File /Users/spinlock/src/wrmsr/cpython/cmake-build-debug/CMakeFiles/CMakeTmp/CheckSymbolExists.c:
/* */
#include <sys/event.h>
#include <sys/types.h>
#include <sys/time.h>
#include <sys/file.h>
#include <sys/poll.h>
#include <sys/statvfs.h>
#include <sys/stat.h>
#include <sys/lock.h>
#include <sys/timeb.h>
#include <sys/times.h>
#include <sys/uio.h>
#include <sys/utsname.h>
#include <sys/mman.h>
#include <sys/socket.h>
#include <sys/wait.h>
#include <pwd.h>
#include <grp.h>
#include <inttypes.h>
#include <locale.h>
#include <fcntl.h>
#include <signal.h>
#include <stdint.h>
#include <stdlib.h>
#include <string.h>
#include <util.h>
#include <unistd.h>
#include <utime.h>
#include <wchar.h>
#include <dirent.h>
#include <net/if.h>
#include <sched.h>
#include <sys/resource.h>
#include <sys/time.h>
#include <time.h>
#include <stdio.h>
#include <math.h>

int main(int argc, char** argv)
{
  (void)argv;
#ifndef getresgid
  return ((int*)(&getresgid))[argc];
#else
  (void)argc;
  return 0;
#endif
}

Determining if the getresuid exist failed with the following output:
Change Dir: /Users/spinlock/src/wrmsr/cpython/cmake-build-debug/CMakeFiles/CMakeTmp

Run Build Command:"/usr/local/bin/gmake" "cmTC_3e0a1/fast"
/usr/local/bin/gmake -f CMakeFiles/cmTC_3e0a1.dir/build.make CMakeFiles/cmTC_3e0a1.dir/build
gmake[1]: Entering directory '/Users/spinlock/src/wrmsr/cpython/cmake-build-debug/CMakeFiles/CMakeTmp'
Building C object CMakeFiles/cmTC_3e0a1.dir/CheckSymbolExists.c.o
/Applications/Xcode.app/Contents/Developer/Toolchains/XcodeDefault.xctoolchain/usr/bin/cc -D_ALL_SOURCE=1 -D_BSD_TYPES=1 -D_DARWIN_C_SOURCE=1 -D_FILE_OFFSET_BITS=64 -D_GNU_SOURCE=1 -D_LARGEFILE_SOURCE=1 -D_NETBSD_SOURCE=1 -D_POSIX_PTHREAD_SEMANTICS=1 -D_REENTRANT=1 -D_TANDEM_SOURCE=1 -D__BSD_VISIBLE=1 -D__EXTENSIONS__=1  -arch x86_64 -isysroot /Applications/Xcode.app/Contents/Developer/Platforms/MacOSX.platform/Developer/SDKs/MacOSX10.14.sdk   -o CMakeFiles/cmTC_3e0a1.dir/CheckSymbolExists.c.o   -c /Users/spinlock/src/wrmsr/cpython/cmake-build-debug/CMakeFiles/CMakeTmp/CheckSymbolExists.c
/Users/spinlock/src/wrmsr/cpython/cmake-build-debug/CMakeFiles/CMakeTmp/CheckSymbolExists.c:43:19: error: use of undeclared identifier 'getresuid'
  return ((int*)(&getresuid))[argc];
                  ^
1 error generated.
gmake[1]: *** [CMakeFiles/cmTC_3e0a1.dir/build.make:66: CMakeFiles/cmTC_3e0a1.dir/CheckSymbolExists.c.o] Error 1
gmake[1]: Leaving directory '/Users/spinlock/src/wrmsr/cpython/cmake-build-debug/CMakeFiles/CMakeTmp'
gmake: *** [Makefile:121: cmTC_3e0a1/fast] Error 2

File /Users/spinlock/src/wrmsr/cpython/cmake-build-debug/CMakeFiles/CMakeTmp/CheckSymbolExists.c:
/* */
#include <sys/event.h>
#include <sys/types.h>
#include <sys/time.h>
#include <sys/file.h>
#include <sys/poll.h>
#include <sys/statvfs.h>
#include <sys/stat.h>
#include <sys/lock.h>
#include <sys/timeb.h>
#include <sys/times.h>
#include <sys/uio.h>
#include <sys/utsname.h>
#include <sys/mman.h>
#include <sys/socket.h>
#include <sys/wait.h>
#include <pwd.h>
#include <grp.h>
#include <inttypes.h>
#include <locale.h>
#include <fcntl.h>
#include <signal.h>
#include <stdint.h>
#include <stdlib.h>
#include <string.h>
#include <util.h>
#include <unistd.h>
#include <utime.h>
#include <wchar.h>
#include <dirent.h>
#include <net/if.h>
#include <sched.h>
#include <sys/resource.h>
#include <sys/time.h>
#include <time.h>
#include <stdio.h>
#include <math.h>

int main(int argc, char** argv)
{
  (void)argv;
#ifndef getresuid
  return ((int*)(&getresuid))[argc];
#else
  (void)argc;
  return 0;
#endif
}

Determining if the getspent exist failed with the following output:
Change Dir: /Users/spinlock/src/wrmsr/cpython/cmake-build-debug/CMakeFiles/CMakeTmp

Run Build Command:"/usr/local/bin/gmake" "cmTC_73d0a/fast"
/usr/local/bin/gmake -f CMakeFiles/cmTC_73d0a.dir/build.make CMakeFiles/cmTC_73d0a.dir/build
gmake[1]: Entering directory '/Users/spinlock/src/wrmsr/cpython/cmake-build-debug/CMakeFiles/CMakeTmp'
Building C object CMakeFiles/cmTC_73d0a.dir/CheckSymbolExists.c.o
/Applications/Xcode.app/Contents/Developer/Toolchains/XcodeDefault.xctoolchain/usr/bin/cc -D_ALL_SOURCE=1 -D_BSD_TYPES=1 -D_DARWIN_C_SOURCE=1 -D_FILE_OFFSET_BITS=64 -D_GNU_SOURCE=1 -D_LARGEFILE_SOURCE=1 -D_NETBSD_SOURCE=1 -D_POSIX_PTHREAD_SEMANTICS=1 -D_REENTRANT=1 -D_TANDEM_SOURCE=1 -D__BSD_VISIBLE=1 -D__EXTENSIONS__=1  -arch x86_64 -isysroot /Applications/Xcode.app/Contents/Developer/Platforms/MacOSX.platform/Developer/SDKs/MacOSX10.14.sdk   -o CMakeFiles/cmTC_73d0a.dir/CheckSymbolExists.c.o   -c /Users/spinlock/src/wrmsr/cpython/cmake-build-debug/CMakeFiles/CMakeTmp/CheckSymbolExists.c
/Users/spinlock/src/wrmsr/cpython/cmake-build-debug/CMakeFiles/CMakeTmp/CheckSymbolExists.c:43:19: error: use of undeclared identifier 'getspent'
  return ((int*)(&getspent))[argc];
                  ^
1 error generated.
gmake[1]: *** [CMakeFiles/cmTC_73d0a.dir/build.make:66: CMakeFiles/cmTC_73d0a.dir/CheckSymbolExists.c.o] Error 1
gmake[1]: Leaving directory '/Users/spinlock/src/wrmsr/cpython/cmake-build-debug/CMakeFiles/CMakeTmp'
gmake: *** [Makefile:121: cmTC_73d0a/fast] Error 2

File /Users/spinlock/src/wrmsr/cpython/cmake-build-debug/CMakeFiles/CMakeTmp/CheckSymbolExists.c:
/* */
#include <sys/event.h>
#include <sys/types.h>
#include <sys/time.h>
#include <sys/file.h>
#include <sys/poll.h>
#include <sys/statvfs.h>
#include <sys/stat.h>
#include <sys/lock.h>
#include <sys/timeb.h>
#include <sys/times.h>
#include <sys/uio.h>
#include <sys/utsname.h>
#include <sys/mman.h>
#include <sys/socket.h>
#include <sys/wait.h>
#include <pwd.h>
#include <grp.h>
#include <inttypes.h>
#include <locale.h>
#include <fcntl.h>
#include <signal.h>
#include <stdint.h>
#include <stdlib.h>
#include <string.h>
#include <util.h>
#include <unistd.h>
#include <utime.h>
#include <wchar.h>
#include <dirent.h>
#include <net/if.h>
#include <sched.h>
#include <sys/resource.h>
#include <sys/time.h>
#include <time.h>
#include <stdio.h>
#include <math.h>

int main(int argc, char** argv)
{
  (void)argv;
#ifndef getspent
  return ((int*)(&getspent))[argc];
#else
  (void)argc;
  return 0;
#endif
}

Determining if the getspnam exist failed with the following output:
Change Dir: /Users/spinlock/src/wrmsr/cpython/cmake-build-debug/CMakeFiles/CMakeTmp

Run Build Command:"/usr/local/bin/gmake" "cmTC_abd95/fast"
/usr/local/bin/gmake -f CMakeFiles/cmTC_abd95.dir/build.make CMakeFiles/cmTC_abd95.dir/build
gmake[1]: Entering directory '/Users/spinlock/src/wrmsr/cpython/cmake-build-debug/CMakeFiles/CMakeTmp'
Building C object CMakeFiles/cmTC_abd95.dir/CheckSymbolExists.c.o
/Applications/Xcode.app/Contents/Developer/Toolchains/XcodeDefault.xctoolchain/usr/bin/cc -D_ALL_SOURCE=1 -D_BSD_TYPES=1 -D_DARWIN_C_SOURCE=1 -D_FILE_OFFSET_BITS=64 -D_GNU_SOURCE=1 -D_LARGEFILE_SOURCE=1 -D_NETBSD_SOURCE=1 -D_POSIX_PTHREAD_SEMANTICS=1 -D_REENTRANT=1 -D_TANDEM_SOURCE=1 -D__BSD_VISIBLE=1 -D__EXTENSIONS__=1  -arch x86_64 -isysroot /Applications/Xcode.app/Contents/Developer/Platforms/MacOSX.platform/Developer/SDKs/MacOSX10.14.sdk   -o CMakeFiles/cmTC_abd95.dir/CheckSymbolExists.c.o   -c /Users/spinlock/src/wrmsr/cpython/cmake-build-debug/CMakeFiles/CMakeTmp/CheckSymbolExists.c
/Users/spinlock/src/wrmsr/cpython/cmake-build-debug/CMakeFiles/CMakeTmp/CheckSymbolExists.c:43:19: error: use of undeclared identifier 'getspnam'
  return ((int*)(&getspnam))[argc];
                  ^
1 error generated.
gmake[1]: *** [CMakeFiles/cmTC_abd95.dir/build.make:66: CMakeFiles/cmTC_abd95.dir/CheckSymbolExists.c.o] Error 1
gmake[1]: Leaving directory '/Users/spinlock/src/wrmsr/cpython/cmake-build-debug/CMakeFiles/CMakeTmp'
gmake: *** [Makefile:121: cmTC_abd95/fast] Error 2

File /Users/spinlock/src/wrmsr/cpython/cmake-build-debug/CMakeFiles/CMakeTmp/CheckSymbolExists.c:
/* */
#include <sys/event.h>
#include <sys/types.h>
#include <sys/time.h>
#include <sys/file.h>
#include <sys/poll.h>
#include <sys/statvfs.h>
#include <sys/stat.h>
#include <sys/lock.h>
#include <sys/timeb.h>
#include <sys/times.h>
#include <sys/uio.h>
#include <sys/utsname.h>
#include <sys/mman.h>
#include <sys/socket.h>
#include <sys/wait.h>
#include <pwd.h>
#include <grp.h>
#include <inttypes.h>
#include <locale.h>
#include <fcntl.h>
#include <signal.h>
#include <stdint.h>
#include <stdlib.h>
#include <string.h>
#include <util.h>
#include <unistd.h>
#include <utime.h>
#include <wchar.h>
#include <dirent.h>
#include <net/if.h>
#include <sched.h>
#include <sys/resource.h>
#include <sys/time.h>
#include <time.h>
#include <stdio.h>
#include <math.h>

int main(int argc, char** argv)
{
  (void)argv;
#ifndef getspnam
  return ((int*)(&getspnam))[argc];
#else
  (void)argc;
  return 0;
#endif
}

Determining if the mremap exist failed with the following output:
Change Dir: /Users/spinlock/src/wrmsr/cpython/cmake-build-debug/CMakeFiles/CMakeTmp

Run Build Command:"/usr/local/bin/gmake" "cmTC_ca7e7/fast"
/usr/local/bin/gmake -f CMakeFiles/cmTC_ca7e7.dir/build.make CMakeFiles/cmTC_ca7e7.dir/build
gmake[1]: Entering directory '/Users/spinlock/src/wrmsr/cpython/cmake-build-debug/CMakeFiles/CMakeTmp'
Building C object CMakeFiles/cmTC_ca7e7.dir/CheckSymbolExists.c.o
/Applications/Xcode.app/Contents/Developer/Toolchains/XcodeDefault.xctoolchain/usr/bin/cc -D_ALL_SOURCE=1 -D_BSD_TYPES=1 -D_DARWIN_C_SOURCE=1 -D_FILE_OFFSET_BITS=64 -D_GNU_SOURCE=1 -D_LARGEFILE_SOURCE=1 -D_NETBSD_SOURCE=1 -D_POSIX_PTHREAD_SEMANTICS=1 -D_REENTRANT=1 -D_TANDEM_SOURCE=1 -D__BSD_VISIBLE=1 -D__EXTENSIONS__=1  -arch x86_64 -isysroot /Applications/Xcode.app/Contents/Developer/Platforms/MacOSX.platform/Developer/SDKs/MacOSX10.14.sdk   -o CMakeFiles/cmTC_ca7e7.dir/CheckSymbolExists.c.o   -c /Users/spinlock/src/wrmsr/cpython/cmake-build-debug/CMakeFiles/CMakeTmp/CheckSymbolExists.c
/Users/spinlock/src/wrmsr/cpython/cmake-build-debug/CMakeFiles/CMakeTmp/CheckSymbolExists.c:43:19: error: use of undeclared identifier 'mremap'
  return ((int*)(&mremap))[argc];
                  ^
1 error generated.
gmake[1]: *** [CMakeFiles/cmTC_ca7e7.dir/build.make:66: CMakeFiles/cmTC_ca7e7.dir/CheckSymbolExists.c.o] Error 1
gmake[1]: Leaving directory '/Users/spinlock/src/wrmsr/cpython/cmake-build-debug/CMakeFiles/CMakeTmp'
gmake: *** [Makefile:121: cmTC_ca7e7/fast] Error 2

File /Users/spinlock/src/wrmsr/cpython/cmake-build-debug/CMakeFiles/CMakeTmp/CheckSymbolExists.c:
/* */
#include <sys/event.h>
#include <sys/types.h>
#include <sys/time.h>
#include <sys/file.h>
#include <sys/poll.h>
#include <sys/statvfs.h>
#include <sys/stat.h>
#include <sys/lock.h>
#include <sys/timeb.h>
#include <sys/times.h>
#include <sys/uio.h>
#include <sys/utsname.h>
#include <sys/mman.h>
#include <sys/socket.h>
#include <sys/wait.h>
#include <pwd.h>
#include <grp.h>
#include <inttypes.h>
#include <locale.h>
#include <fcntl.h>
#include <signal.h>
#include <stdint.h>
#include <stdlib.h>
#include <string.h>
#include <util.h>
#include <unistd.h>
#include <utime.h>
#include <wchar.h>
#include <dirent.h>
#include <net/if.h>
#include <sched.h>
#include <sys/resource.h>
#include <sys/time.h>
#include <time.h>
#include <stdio.h>
#include <math.h>

int main(int argc, char** argv)
{
  (void)argv;
#ifndef mremap
  return ((int*)(&mremap))[argc];
#else
  (void)argc;
  return 0;
#endif
}

Determining if the plock exist failed with the following output:
Change Dir: /Users/spinlock/src/wrmsr/cpython/cmake-build-debug/CMakeFiles/CMakeTmp

Run Build Command:"/usr/local/bin/gmake" "cmTC_0c876/fast"
/usr/local/bin/gmake -f CMakeFiles/cmTC_0c876.dir/build.make CMakeFiles/cmTC_0c876.dir/build
gmake[1]: Entering directory '/Users/spinlock/src/wrmsr/cpython/cmake-build-debug/CMakeFiles/CMakeTmp'
Building C object CMakeFiles/cmTC_0c876.dir/CheckSymbolExists.c.o
/Applications/Xcode.app/Contents/Developer/Toolchains/XcodeDefault.xctoolchain/usr/bin/cc -D_ALL_SOURCE=1 -D_BSD_TYPES=1 -D_DARWIN_C_SOURCE=1 -D_FILE_OFFSET_BITS=64 -D_GNU_SOURCE=1 -D_LARGEFILE_SOURCE=1 -D_NETBSD_SOURCE=1 -D_POSIX_PTHREAD_SEMANTICS=1 -D_REENTRANT=1 -D_TANDEM_SOURCE=1 -D__BSD_VISIBLE=1 -D__EXTENSIONS__=1  -arch x86_64 -isysroot /Applications/Xcode.app/Contents/Developer/Platforms/MacOSX.platform/Developer/SDKs/MacOSX10.14.sdk   -o CMakeFiles/cmTC_0c876.dir/CheckSymbolExists.c.o   -c /Users/spinlock/src/wrmsr/cpython/cmake-build-debug/CMakeFiles/CMakeTmp/CheckSymbolExists.c
/Users/spinlock/src/wrmsr/cpython/cmake-build-debug/CMakeFiles/CMakeTmp/CheckSymbolExists.c:43:19: error: use of undeclared identifier 'plock'
  return ((int*)(&plock))[argc];
                  ^
1 error generated.
gmake[1]: *** [CMakeFiles/cmTC_0c876.dir/build.make:66: CMakeFiles/cmTC_0c876.dir/CheckSymbolExists.c.o] Error 1
gmake[1]: Leaving directory '/Users/spinlock/src/wrmsr/cpython/cmake-build-debug/CMakeFiles/CMakeTmp'
gmake: *** [Makefile:121: cmTC_0c876/fast] Error 2

File /Users/spinlock/src/wrmsr/cpython/cmake-build-debug/CMakeFiles/CMakeTmp/CheckSymbolExists.c:
/* */
#include <sys/event.h>
#include <sys/types.h>
#include <sys/time.h>
#include <sys/file.h>
#include <sys/poll.h>
#include <sys/statvfs.h>
#include <sys/stat.h>
#include <sys/lock.h>
#include <sys/timeb.h>
#include <sys/times.h>
#include <sys/uio.h>
#include <sys/utsname.h>
#include <sys/mman.h>
#include <sys/socket.h>
#include <sys/wait.h>
#include <pwd.h>
#include <grp.h>
#include <inttypes.h>
#include <locale.h>
#include <fcntl.h>
#include <signal.h>
#include <stdint.h>
#include <stdlib.h>
#include <string.h>
#include <util.h>
#include <unistd.h>
#include <utime.h>
#include <wchar.h>
#include <dirent.h>
#include <net/if.h>
#include <sched.h>
#include <sys/resource.h>
#include <sys/time.h>
#include <time.h>
#include <stdio.h>
#include <math.h>

int main(int argc, char** argv)
{
  (void)argv;
#ifndef plock
  return ((int*)(&plock))[argc];
#else
  (void)argc;
  return 0;
#endif
}

Determining if the setresgid exist failed with the following output:
Change Dir: /Users/spinlock/src/wrmsr/cpython/cmake-build-debug/CMakeFiles/CMakeTmp

Run Build Command:"/usr/local/bin/gmake" "cmTC_f99ea/fast"
/usr/local/bin/gmake -f CMakeFiles/cmTC_f99ea.dir/build.make CMakeFiles/cmTC_f99ea.dir/build
gmake[1]: Entering directory '/Users/spinlock/src/wrmsr/cpython/cmake-build-debug/CMakeFiles/CMakeTmp'
Building C object CMakeFiles/cmTC_f99ea.dir/CheckSymbolExists.c.o
/Applications/Xcode.app/Contents/Developer/Toolchains/XcodeDefault.xctoolchain/usr/bin/cc -D_ALL_SOURCE=1 -D_BSD_TYPES=1 -D_DARWIN_C_SOURCE=1 -D_FILE_OFFSET_BITS=64 -D_GNU_SOURCE=1 -D_LARGEFILE_SOURCE=1 -D_NETBSD_SOURCE=1 -D_POSIX_PTHREAD_SEMANTICS=1 -D_REENTRANT=1 -D_TANDEM_SOURCE=1 -D__BSD_VISIBLE=1 -D__EXTENSIONS__=1  -arch x86_64 -isysroot /Applications/Xcode.app/Contents/Developer/Platforms/MacOSX.platform/Developer/SDKs/MacOSX10.14.sdk   -o CMakeFiles/cmTC_f99ea.dir/CheckSymbolExists.c.o   -c /Users/spinlock/src/wrmsr/cpython/cmake-build-debug/CMakeFiles/CMakeTmp/CheckSymbolExists.c
/Users/spinlock/src/wrmsr/cpython/cmake-build-debug/CMakeFiles/CMakeTmp/CheckSymbolExists.c:43:19: error: use of undeclared identifier 'setresgid'; did you mean 'setregid'?
  return ((int*)(&setresgid))[argc];
                  ^~~~~~~~~
                  setregid
/Applications/Xcode.app/Contents/Developer/Platforms/MacOSX.platform/Developer/SDKs/MacOSX10.14.sdk/usr/include/unistd.h:596:6: note: 'setregid' declared here
int      setregid(gid_t, gid_t) __DARWIN_ALIAS(setregid);
         ^
1 error generated.
gmake[1]: *** [CMakeFiles/cmTC_f99ea.dir/build.make:66: CMakeFiles/cmTC_f99ea.dir/CheckSymbolExists.c.o] Error 1
gmake[1]: Leaving directory '/Users/spinlock/src/wrmsr/cpython/cmake-build-debug/CMakeFiles/CMakeTmp'
gmake: *** [Makefile:121: cmTC_f99ea/fast] Error 2

File /Users/spinlock/src/wrmsr/cpython/cmake-build-debug/CMakeFiles/CMakeTmp/CheckSymbolExists.c:
/* */
#include <sys/event.h>
#include <sys/types.h>
#include <sys/time.h>
#include <sys/file.h>
#include <sys/poll.h>
#include <sys/statvfs.h>
#include <sys/stat.h>
#include <sys/lock.h>
#include <sys/timeb.h>
#include <sys/times.h>
#include <sys/uio.h>
#include <sys/utsname.h>
#include <sys/mman.h>
#include <sys/socket.h>
#include <sys/wait.h>
#include <pwd.h>
#include <grp.h>
#include <inttypes.h>
#include <locale.h>
#include <fcntl.h>
#include <signal.h>
#include <stdint.h>
#include <stdlib.h>
#include <string.h>
#include <util.h>
#include <unistd.h>
#include <utime.h>
#include <wchar.h>
#include <dirent.h>
#include <net/if.h>
#include <sched.h>
#include <sys/resource.h>
#include <sys/time.h>
#include <time.h>
#include <stdio.h>
#include <math.h>

int main(int argc, char** argv)
{
  (void)argv;
#ifndef setresgid
  return ((int*)(&setresgid))[argc];
#else
  (void)argc;
  return 0;
#endif
}

Determining if the setresuid exist failed with the following output:
Change Dir: /Users/spinlock/src/wrmsr/cpython/cmake-build-debug/CMakeFiles/CMakeTmp

Run Build Command:"/usr/local/bin/gmake" "cmTC_58bbb/fast"
/usr/local/bin/gmake -f CMakeFiles/cmTC_58bbb.dir/build.make CMakeFiles/cmTC_58bbb.dir/build
gmake[1]: Entering directory '/Users/spinlock/src/wrmsr/cpython/cmake-build-debug/CMakeFiles/CMakeTmp'
Building C object CMakeFiles/cmTC_58bbb.dir/CheckSymbolExists.c.o
/Applications/Xcode.app/Contents/Developer/Toolchains/XcodeDefault.xctoolchain/usr/bin/cc -D_ALL_SOURCE=1 -D_BSD_TYPES=1 -D_DARWIN_C_SOURCE=1 -D_FILE_OFFSET_BITS=64 -D_GNU_SOURCE=1 -D_LARGEFILE_SOURCE=1 -D_NETBSD_SOURCE=1 -D_POSIX_PTHREAD_SEMANTICS=1 -D_REENTRANT=1 -D_TANDEM_SOURCE=1 -D__BSD_VISIBLE=1 -D__EXTENSIONS__=1  -arch x86_64 -isysroot /Applications/Xcode.app/Contents/Developer/Platforms/MacOSX.platform/Developer/SDKs/MacOSX10.14.sdk   -o CMakeFiles/cmTC_58bbb.dir/CheckSymbolExists.c.o   -c /Users/spinlock/src/wrmsr/cpython/cmake-build-debug/CMakeFiles/CMakeTmp/CheckSymbolExists.c
/Users/spinlock/src/wrmsr/cpython/cmake-build-debug/CMakeFiles/CMakeTmp/CheckSymbolExists.c:43:19: error: use of undeclared identifier 'setresuid'; did you mean 'setreuid'?
  return ((int*)(&setresuid))[argc];
                  ^~~~~~~~~
                  setreuid
/Applications/Xcode.app/Contents/Developer/Platforms/MacOSX.platform/Developer/SDKs/MacOSX10.14.sdk/usr/include/unistd.h:598:6: note: 'setreuid' declared here
int      setreuid(uid_t, uid_t) __DARWIN_ALIAS(setreuid);
         ^
1 error generated.
gmake[1]: *** [CMakeFiles/cmTC_58bbb.dir/build.make:66: CMakeFiles/cmTC_58bbb.dir/CheckSymbolExists.c.o] Error 1
gmake[1]: Leaving directory '/Users/spinlock/src/wrmsr/cpython/cmake-build-debug/CMakeFiles/CMakeTmp'
gmake: *** [Makefile:121: cmTC_58bbb/fast] Error 2

File /Users/spinlock/src/wrmsr/cpython/cmake-build-debug/CMakeFiles/CMakeTmp/CheckSymbolExists.c:
/* */
#include <sys/event.h>
#include <sys/types.h>
#include <sys/time.h>
#include <sys/file.h>
#include <sys/poll.h>
#include <sys/statvfs.h>
#include <sys/stat.h>
#include <sys/lock.h>
#include <sys/timeb.h>
#include <sys/times.h>
#include <sys/uio.h>
#include <sys/utsname.h>
#include <sys/mman.h>
#include <sys/socket.h>
#include <sys/wait.h>
#include <pwd.h>
#include <grp.h>
#include <inttypes.h>
#include <locale.h>
#include <fcntl.h>
#include <signal.h>
#include <stdint.h>
#include <stdlib.h>
#include <string.h>
#include <util.h>
#include <unistd.h>
#include <utime.h>
#include <wchar.h>
#include <dirent.h>
#include <net/if.h>
#include <sched.h>
#include <sys/resource.h>
#include <sys/time.h>
#include <time.h>
#include <stdio.h>
#include <math.h>

int main(int argc, char** argv)
{
  (void)argv;
#ifndef setresuid
  return ((int*)(&setresuid))[argc];
#else
  (void)argc;
  return 0;
#endif
}

Determining if the tmpnam_r exist failed with the following output:
Change Dir: /Users/spinlock/src/wrmsr/cpython/cmake-build-debug/CMakeFiles/CMakeTmp

Run Build Command:"/usr/local/bin/gmake" "cmTC_1cd00/fast"
/usr/local/bin/gmake -f CMakeFiles/cmTC_1cd00.dir/build.make CMakeFiles/cmTC_1cd00.dir/build
gmake[1]: Entering directory '/Users/spinlock/src/wrmsr/cpython/cmake-build-debug/CMakeFiles/CMakeTmp'
Building C object CMakeFiles/cmTC_1cd00.dir/CheckSymbolExists.c.o
/Applications/Xcode.app/Contents/Developer/Toolchains/XcodeDefault.xctoolchain/usr/bin/cc -D_ALL_SOURCE=1 -D_BSD_TYPES=1 -D_DARWIN_C_SOURCE=1 -D_FILE_OFFSET_BITS=64 -D_GNU_SOURCE=1 -D_LARGEFILE_SOURCE=1 -D_NETBSD_SOURCE=1 -D_POSIX_PTHREAD_SEMANTICS=1 -D_REENTRANT=1 -D_TANDEM_SOURCE=1 -D__BSD_VISIBLE=1 -D__EXTENSIONS__=1  -arch x86_64 -isysroot /Applications/Xcode.app/Contents/Developer/Platforms/MacOSX.platform/Developer/SDKs/MacOSX10.14.sdk   -o CMakeFiles/cmTC_1cd00.dir/CheckSymbolExists.c.o   -c /Users/spinlock/src/wrmsr/cpython/cmake-build-debug/CMakeFiles/CMakeTmp/CheckSymbolExists.c
/Users/spinlock/src/wrmsr/cpython/cmake-build-debug/CMakeFiles/CMakeTmp/CheckSymbolExists.c:43:19: error: use of undeclared identifier 'tmpnam_r'; did you mean 'tmpnam'?
  return ((int*)(&tmpnam_r))[argc];
                  ^~~~~~~~
                  tmpnam
/Applications/Xcode.app/Contents/Developer/Platforms/MacOSX.platform/Developer/SDKs/MacOSX10.14.sdk/usr/include/stdio.h:188:7: note: 'tmpnam' declared here
char    *tmpnam(char *);
         ^
1 error generated.
gmake[1]: *** [CMakeFiles/cmTC_1cd00.dir/build.make:66: CMakeFiles/cmTC_1cd00.dir/CheckSymbolExists.c.o] Error 1
gmake[1]: Leaving directory '/Users/spinlock/src/wrmsr/cpython/cmake-build-debug/CMakeFiles/CMakeTmp'
gmake: *** [Makefile:121: cmTC_1cd00/fast] Error 2

File /Users/spinlock/src/wrmsr/cpython/cmake-build-debug/CMakeFiles/CMakeTmp/CheckSymbolExists.c:
/* */
#include <sys/event.h>
#include <sys/types.h>
#include <sys/time.h>
#include <sys/file.h>
#include <sys/poll.h>
#include <sys/statvfs.h>
#include <sys/stat.h>
#include <sys/lock.h>
#include <sys/timeb.h>
#include <sys/times.h>
#include <sys/uio.h>
#include <sys/utsname.h>
#include <sys/mman.h>
#include <sys/socket.h>
#include <sys/wait.h>
#include <pwd.h>
#include <grp.h>
#include <inttypes.h>
#include <locale.h>
#include <fcntl.h>
#include <signal.h>
#include <stdint.h>
#include <stdlib.h>
#include <string.h>
#include <util.h>
#include <unistd.h>
#include <utime.h>
#include <wchar.h>
#include <dirent.h>
#include <net/if.h>
#include <sched.h>
#include <sys/resource.h>
#include <sys/time.h>
#include <time.h>
#include <stdio.h>
#include <math.h>

int main(int argc, char** argv)
{
  (void)argv;
#ifndef tmpnam_r
  return ((int*)(&tmpnam_r))[argc];
#else
  (void)argc;
  return 0;
#endif
}

Determining if the _getpty exist failed with the following output:
Change Dir: /Users/spinlock/src/wrmsr/cpython/cmake-build-debug/CMakeFiles/CMakeTmp

Run Build Command:"/usr/local/bin/gmake" "cmTC_1d424/fast"
/usr/local/bin/gmake -f CMakeFiles/cmTC_1d424.dir/build.make CMakeFiles/cmTC_1d424.dir/build
gmake[1]: Entering directory '/Users/spinlock/src/wrmsr/cpython/cmake-build-debug/CMakeFiles/CMakeTmp'
Building C object CMakeFiles/cmTC_1d424.dir/CheckSymbolExists.c.o
/Applications/Xcode.app/Contents/Developer/Toolchains/XcodeDefault.xctoolchain/usr/bin/cc -D_ALL_SOURCE=1 -D_BSD_TYPES=1 -D_DARWIN_C_SOURCE=1 -D_FILE_OFFSET_BITS=64 -D_GNU_SOURCE=1 -D_LARGEFILE_SOURCE=1 -D_NETBSD_SOURCE=1 -D_POSIX_PTHREAD_SEMANTICS=1 -D_REENTRANT=1 -D_TANDEM_SOURCE=1 -D__BSD_VISIBLE=1 -D__EXTENSIONS__=1  -arch x86_64 -isysroot /Applications/Xcode.app/Contents/Developer/Platforms/MacOSX.platform/Developer/SDKs/MacOSX10.14.sdk   -o CMakeFiles/cmTC_1d424.dir/CheckSymbolExists.c.o   -c /Users/spinlock/src/wrmsr/cpython/cmake-build-debug/CMakeFiles/CMakeTmp/CheckSymbolExists.c
/Users/spinlock/src/wrmsr/cpython/cmake-build-debug/CMakeFiles/CMakeTmp/CheckSymbolExists.c:43:19: error: use of undeclared identifier '_getpty'
  return ((int*)(&_getpty))[argc];
                  ^
1 error generated.
gmake[1]: *** [CMakeFiles/cmTC_1d424.dir/build.make:66: CMakeFiles/cmTC_1d424.dir/CheckSymbolExists.c.o] Error 1
gmake[1]: Leaving directory '/Users/spinlock/src/wrmsr/cpython/cmake-build-debug/CMakeFiles/CMakeTmp'
gmake: *** [Makefile:121: cmTC_1d424/fast] Error 2

File /Users/spinlock/src/wrmsr/cpython/cmake-build-debug/CMakeFiles/CMakeTmp/CheckSymbolExists.c:
/* */
#include <sys/event.h>
#include <sys/types.h>
#include <sys/time.h>
#include <sys/file.h>
#include <sys/poll.h>
#include <sys/statvfs.h>
#include <sys/stat.h>
#include <sys/lock.h>
#include <sys/timeb.h>
#include <sys/times.h>
#include <sys/uio.h>
#include <sys/utsname.h>
#include <sys/mman.h>
#include <sys/socket.h>
#include <sys/wait.h>
#include <pwd.h>
#include <grp.h>
#include <inttypes.h>
#include <locale.h>
#include <fcntl.h>
#include <signal.h>
#include <stdint.h>
#include <stdlib.h>
#include <string.h>
#include <util.h>
#include <unistd.h>
#include <utime.h>
#include <wchar.h>
#include <dirent.h>
#include <net/if.h>
#include <sched.h>
#include <sys/resource.h>
#include <sys/time.h>
#include <time.h>
#include <stdio.h>
#include <math.h>

int main(int argc, char** argv)
{
  (void)argv;
#ifndef _getpty
  return ((int*)(&_getpty))[argc];
#else
  (void)argc;
  return 0;
#endif
}

Determining if the accept4 exist failed with the following output:
Change Dir: /Users/spinlock/src/wrmsr/cpython/cmake-build-debug/CMakeFiles/CMakeTmp

Run Build Command:"/usr/local/bin/gmake" "cmTC_367ff/fast"
/usr/local/bin/gmake -f CMakeFiles/cmTC_367ff.dir/build.make CMakeFiles/cmTC_367ff.dir/build
gmake[1]: Entering directory '/Users/spinlock/src/wrmsr/cpython/cmake-build-debug/CMakeFiles/CMakeTmp'
Building C object CMakeFiles/cmTC_367ff.dir/CheckSymbolExists.c.o
/Applications/Xcode.app/Contents/Developer/Toolchains/XcodeDefault.xctoolchain/usr/bin/cc -D_ALL_SOURCE=1 -D_BSD_TYPES=1 -D_DARWIN_C_SOURCE=1 -D_FILE_OFFSET_BITS=64 -D_GNU_SOURCE=1 -D_LARGEFILE_SOURCE=1 -D_NETBSD_SOURCE=1 -D_POSIX_PTHREAD_SEMANTICS=1 -D_REENTRANT=1 -D_TANDEM_SOURCE=1 -D__BSD_VISIBLE=1 -D__EXTENSIONS__=1  -arch x86_64 -isysroot /Applications/Xcode.app/Contents/Developer/Platforms/MacOSX.platform/Developer/SDKs/MacOSX10.14.sdk   -o CMakeFiles/cmTC_367ff.dir/CheckSymbolExists.c.o   -c /Users/spinlock/src/wrmsr/cpython/cmake-build-debug/CMakeFiles/CMakeTmp/CheckSymbolExists.c
/Users/spinlock/src/wrmsr/cpython/cmake-build-debug/CMakeFiles/CMakeTmp/CheckSymbolExists.c:43:19: error: use of undeclared identifier 'accept4'; did you mean 'accept'?
  return ((int*)(&accept4))[argc];
                  ^~~~~~~
                  accept
/Applications/Xcode.app/Contents/Developer/Platforms/MacOSX.platform/Developer/SDKs/MacOSX10.14.sdk/usr/include/sys/socket.h:686:5: note: 'accept' declared here
int     accept(int, struct sockaddr * __restrict, socklen_t * __restrict)
        ^
1 error generated.
gmake[1]: *** [CMakeFiles/cmTC_367ff.dir/build.make:66: CMakeFiles/cmTC_367ff.dir/CheckSymbolExists.c.o] Error 1
gmake[1]: Leaving directory '/Users/spinlock/src/wrmsr/cpython/cmake-build-debug/CMakeFiles/CMakeTmp'
gmake: *** [Makefile:121: cmTC_367ff/fast] Error 2

File /Users/spinlock/src/wrmsr/cpython/cmake-build-debug/CMakeFiles/CMakeTmp/CheckSymbolExists.c:
/* */
#include <sys/event.h>
#include <sys/types.h>
#include <sys/time.h>
#include <sys/file.h>
#include <sys/poll.h>
#include <sys/statvfs.h>
#include <sys/stat.h>
#include <sys/lock.h>
#include <sys/timeb.h>
#include <sys/times.h>
#include <sys/uio.h>
#include <sys/utsname.h>
#include <sys/mman.h>
#include <sys/socket.h>
#include <sys/wait.h>
#include <pwd.h>
#include <grp.h>
#include <inttypes.h>
#include <locale.h>
#include <fcntl.h>
#include <signal.h>
#include <stdint.h>
#include <stdlib.h>
#include <string.h>
#include <util.h>
#include <unistd.h>
#include <utime.h>
#include <wchar.h>
#include <dirent.h>
#include <net/if.h>
#include <sched.h>
#include <sys/resource.h>
#include <sys/time.h>
#include <time.h>
#include <stdio.h>
#include <math.h>

int main(int argc, char** argv)
{
  (void)argv;
#ifndef accept4
  return ((int*)(&accept4))[argc];
#else
  (void)argc;
  return 0;
#endif
}

Determining if the dup3 exist failed with the following output:
Change Dir: /Users/spinlock/src/wrmsr/cpython/cmake-build-debug/CMakeFiles/CMakeTmp

Run Build Command:"/usr/local/bin/gmake" "cmTC_2ef64/fast"
/usr/local/bin/gmake -f CMakeFiles/cmTC_2ef64.dir/build.make CMakeFiles/cmTC_2ef64.dir/build
gmake[1]: Entering directory '/Users/spinlock/src/wrmsr/cpython/cmake-build-debug/CMakeFiles/CMakeTmp'
Building C object CMakeFiles/cmTC_2ef64.dir/CheckSymbolExists.c.o
/Applications/Xcode.app/Contents/Developer/Toolchains/XcodeDefault.xctoolchain/usr/bin/cc -D_ALL_SOURCE=1 -D_BSD_TYPES=1 -D_DARWIN_C_SOURCE=1 -D_FILE_OFFSET_BITS=64 -D_GNU_SOURCE=1 -D_LARGEFILE_SOURCE=1 -D_NETBSD_SOURCE=1 -D_POSIX_PTHREAD_SEMANTICS=1 -D_REENTRANT=1 -D_TANDEM_SOURCE=1 -D__BSD_VISIBLE=1 -D__EXTENSIONS__=1  -arch x86_64 -isysroot /Applications/Xcode.app/Contents/Developer/Platforms/MacOSX.platform/Developer/SDKs/MacOSX10.14.sdk   -o CMakeFiles/cmTC_2ef64.dir/CheckSymbolExists.c.o   -c /Users/spinlock/src/wrmsr/cpython/cmake-build-debug/CMakeFiles/CMakeTmp/CheckSymbolExists.c
/Users/spinlock/src/wrmsr/cpython/cmake-build-debug/CMakeFiles/CMakeTmp/CheckSymbolExists.c:43:19: error: use of undeclared identifier 'dup3'
  return ((int*)(&dup3))[argc];
                  ^
1 error generated.
gmake[1]: *** [CMakeFiles/cmTC_2ef64.dir/build.make:66: CMakeFiles/cmTC_2ef64.dir/CheckSymbolExists.c.o] Error 1
gmake[1]: Leaving directory '/Users/spinlock/src/wrmsr/cpython/cmake-build-debug/CMakeFiles/CMakeTmp'
gmake: *** [Makefile:121: cmTC_2ef64/fast] Error 2

File /Users/spinlock/src/wrmsr/cpython/cmake-build-debug/CMakeFiles/CMakeTmp/CheckSymbolExists.c:
/* */
#include <sys/event.h>
#include <sys/types.h>
#include <sys/time.h>
#include <sys/file.h>
#include <sys/poll.h>
#include <sys/statvfs.h>
#include <sys/stat.h>
#include <sys/lock.h>
#include <sys/timeb.h>
#include <sys/times.h>
#include <sys/uio.h>
#include <sys/utsname.h>
#include <sys/mman.h>
#include <sys/socket.h>
#include <sys/wait.h>
#include <pwd.h>
#include <grp.h>
#include <inttypes.h>
#include <locale.h>
#include <fcntl.h>
#include <signal.h>
#include <stdint.h>
#include <stdlib.h>
#include <string.h>
#include <util.h>
#include <unistd.h>
#include <utime.h>
#include <wchar.h>
#include <dirent.h>
#include <net/if.h>
#include <sched.h>
#include <sys/resource.h>
#include <sys/time.h>
#include <time.h>
#include <stdio.h>
#include <math.h>

int main(int argc, char** argv)
{
  (void)argv;
#ifndef dup3
  return ((int*)(&dup3))[argc];
#else
  (void)argc;
  return 0;
#endif
}

Determining if the fexecve exist failed with the following output:
Change Dir: /Users/spinlock/src/wrmsr/cpython/cmake-build-debug/CMakeFiles/CMakeTmp

Run Build Command:"/usr/local/bin/gmake" "cmTC_12ce4/fast"
/usr/local/bin/gmake -f CMakeFiles/cmTC_12ce4.dir/build.make CMakeFiles/cmTC_12ce4.dir/build
gmake[1]: Entering directory '/Users/spinlock/src/wrmsr/cpython/cmake-build-debug/CMakeFiles/CMakeTmp'
Building C object CMakeFiles/cmTC_12ce4.dir/CheckSymbolExists.c.o
/Applications/Xcode.app/Contents/Developer/Toolchains/XcodeDefault.xctoolchain/usr/bin/cc -D_ALL_SOURCE=1 -D_BSD_TYPES=1 -D_DARWIN_C_SOURCE=1 -D_FILE_OFFSET_BITS=64 -D_GNU_SOURCE=1 -D_LARGEFILE_SOURCE=1 -D_NETBSD_SOURCE=1 -D_POSIX_PTHREAD_SEMANTICS=1 -D_REENTRANT=1 -D_TANDEM_SOURCE=1 -D__BSD_VISIBLE=1 -D__EXTENSIONS__=1  -arch x86_64 -isysroot /Applications/Xcode.app/Contents/Developer/Platforms/MacOSX.platform/Developer/SDKs/MacOSX10.14.sdk   -o CMakeFiles/cmTC_12ce4.dir/CheckSymbolExists.c.o   -c /Users/spinlock/src/wrmsr/cpython/cmake-build-debug/CMakeFiles/CMakeTmp/CheckSymbolExists.c
/Users/spinlock/src/wrmsr/cpython/cmake-build-debug/CMakeFiles/CMakeTmp/CheckSymbolExists.c:43:19: error: use of undeclared identifier 'fexecve'; did you mean 'execve'?
  return ((int*)(&fexecve))[argc];
                  ^~~~~~~
                  execve
/Applications/Xcode.app/Contents/Developer/Platforms/MacOSX.platform/Developer/SDKs/MacOSX10.14.sdk/usr/include/unistd.h:444:6: note: 'execve' declared here
int      execve(const char * __file, char * const * __argv, char * const * __envp) __WATCHOS_PROHIBITED __TVOS_PROHIBITED;
         ^
1 error generated.
gmake[1]: *** [CMakeFiles/cmTC_12ce4.dir/build.make:66: CMakeFiles/cmTC_12ce4.dir/CheckSymbolExists.c.o] Error 1
gmake[1]: Leaving directory '/Users/spinlock/src/wrmsr/cpython/cmake-build-debug/CMakeFiles/CMakeTmp'
gmake: *** [Makefile:121: cmTC_12ce4/fast] Error 2

File /Users/spinlock/src/wrmsr/cpython/cmake-build-debug/CMakeFiles/CMakeTmp/CheckSymbolExists.c:
/* */
#include <sys/event.h>
#include <sys/types.h>
#include <sys/time.h>
#include <sys/file.h>
#include <sys/poll.h>
#include <sys/statvfs.h>
#include <sys/stat.h>
#include <sys/lock.h>
#include <sys/timeb.h>
#include <sys/times.h>
#include <sys/uio.h>
#include <sys/utsname.h>
#include <sys/mman.h>
#include <sys/socket.h>
#include <sys/wait.h>
#include <pwd.h>
#include <grp.h>
#include <inttypes.h>
#include <locale.h>
#include <fcntl.h>
#include <signal.h>
#include <stdint.h>
#include <stdlib.h>
#include <string.h>
#include <util.h>
#include <unistd.h>
#include <utime.h>
#include <wchar.h>
#include <dirent.h>
#include <net/if.h>
#include <sched.h>
#include <sys/resource.h>
#include <sys/time.h>
#include <time.h>
#include <stdio.h>
#include <math.h>

int main(int argc, char** argv)
{
  (void)argv;
#ifndef fexecve
  return ((int*)(&fexecve))[argc];
#else
  (void)argc;
  return 0;
#endif
}

Determining if the futimesat exist failed with the following output:
Change Dir: /Users/spinlock/src/wrmsr/cpython/cmake-build-debug/CMakeFiles/CMakeTmp

Run Build Command:"/usr/local/bin/gmake" "cmTC_c4c5a/fast"
/usr/local/bin/gmake -f CMakeFiles/cmTC_c4c5a.dir/build.make CMakeFiles/cmTC_c4c5a.dir/build
gmake[1]: Entering directory '/Users/spinlock/src/wrmsr/cpython/cmake-build-debug/CMakeFiles/CMakeTmp'
Building C object CMakeFiles/cmTC_c4c5a.dir/CheckSymbolExists.c.o
/Applications/Xcode.app/Contents/Developer/Toolchains/XcodeDefault.xctoolchain/usr/bin/cc -D_ALL_SOURCE=1 -D_BSD_TYPES=1 -D_DARWIN_C_SOURCE=1 -D_FILE_OFFSET_BITS=64 -D_GNU_SOURCE=1 -D_LARGEFILE_SOURCE=1 -D_NETBSD_SOURCE=1 -D_POSIX_PTHREAD_SEMANTICS=1 -D_REENTRANT=1 -D_TANDEM_SOURCE=1 -D__BSD_VISIBLE=1 -D__EXTENSIONS__=1  -arch x86_64 -isysroot /Applications/Xcode.app/Contents/Developer/Platforms/MacOSX.platform/Developer/SDKs/MacOSX10.14.sdk   -o CMakeFiles/cmTC_c4c5a.dir/CheckSymbolExists.c.o   -c /Users/spinlock/src/wrmsr/cpython/cmake-build-debug/CMakeFiles/CMakeTmp/CheckSymbolExists.c
/Users/spinlock/src/wrmsr/cpython/cmake-build-debug/CMakeFiles/CMakeTmp/CheckSymbolExists.c:43:19: error: use of undeclared identifier 'futimesat'
  return ((int*)(&futimesat))[argc];
                  ^
1 error generated.
gmake[1]: *** [CMakeFiles/cmTC_c4c5a.dir/build.make:66: CMakeFiles/cmTC_c4c5a.dir/CheckSymbolExists.c.o] Error 1
gmake[1]: Leaving directory '/Users/spinlock/src/wrmsr/cpython/cmake-build-debug/CMakeFiles/CMakeTmp'
gmake: *** [Makefile:121: cmTC_c4c5a/fast] Error 2

File /Users/spinlock/src/wrmsr/cpython/cmake-build-debug/CMakeFiles/CMakeTmp/CheckSymbolExists.c:
/* */
#include <sys/event.h>
#include <sys/types.h>
#include <sys/time.h>
#include <sys/file.h>
#include <sys/poll.h>
#include <sys/statvfs.h>
#include <sys/stat.h>
#include <sys/lock.h>
#include <sys/timeb.h>
#include <sys/times.h>
#include <sys/uio.h>
#include <sys/utsname.h>
#include <sys/mman.h>
#include <sys/socket.h>
#include <sys/wait.h>
#include <pwd.h>
#include <grp.h>
#include <inttypes.h>
#include <locale.h>
#include <fcntl.h>
#include <signal.h>
#include <stdint.h>
#include <stdlib.h>
#include <string.h>
#include <util.h>
#include <unistd.h>
#include <utime.h>
#include <wchar.h>
#include <dirent.h>
#include <net/if.h>
#include <sched.h>
#include <sys/resource.h>
#include <sys/time.h>
#include <time.h>
#include <stdio.h>
#include <math.h>

int main(int argc, char** argv)
{
  (void)argv;
#ifndef futimesat
  return ((int*)(&futimesat))[argc];
#else
  (void)argc;
  return 0;
#endif
}

Determining if the getentropy exist failed with the following output:
Change Dir: /Users/spinlock/src/wrmsr/cpython/cmake-build-debug/CMakeFiles/CMakeTmp

Run Build Command:"/usr/local/bin/gmake" "cmTC_61856/fast"
/usr/local/bin/gmake -f CMakeFiles/cmTC_61856.dir/build.make CMakeFiles/cmTC_61856.dir/build
gmake[1]: Entering directory '/Users/spinlock/src/wrmsr/cpython/cmake-build-debug/CMakeFiles/CMakeTmp'
Building C object CMakeFiles/cmTC_61856.dir/CheckSymbolExists.c.o
/Applications/Xcode.app/Contents/Developer/Toolchains/XcodeDefault.xctoolchain/usr/bin/cc -D_ALL_SOURCE=1 -D_BSD_TYPES=1 -D_DARWIN_C_SOURCE=1 -D_FILE_OFFSET_BITS=64 -D_GNU_SOURCE=1 -D_LARGEFILE_SOURCE=1 -D_NETBSD_SOURCE=1 -D_POSIX_PTHREAD_SEMANTICS=1 -D_REENTRANT=1 -D_TANDEM_SOURCE=1 -D__BSD_VISIBLE=1 -D__EXTENSIONS__=1  -arch x86_64 -isysroot /Applications/Xcode.app/Contents/Developer/Platforms/MacOSX.platform/Developer/SDKs/MacOSX10.14.sdk   -o CMakeFiles/cmTC_61856.dir/CheckSymbolExists.c.o   -c /Users/spinlock/src/wrmsr/cpython/cmake-build-debug/CMakeFiles/CMakeTmp/CheckSymbolExists.c
/Users/spinlock/src/wrmsr/cpython/cmake-build-debug/CMakeFiles/CMakeTmp/CheckSymbolExists.c:43:19: error: use of undeclared identifier 'getentropy'
  return ((int*)(&getentropy))[argc];
                  ^
1 error generated.
gmake[1]: *** [CMakeFiles/cmTC_61856.dir/build.make:66: CMakeFiles/cmTC_61856.dir/CheckSymbolExists.c.o] Error 1
gmake[1]: Leaving directory '/Users/spinlock/src/wrmsr/cpython/cmake-build-debug/CMakeFiles/CMakeTmp'
gmake: *** [Makefile:121: cmTC_61856/fast] Error 2

File /Users/spinlock/src/wrmsr/cpython/cmake-build-debug/CMakeFiles/CMakeTmp/CheckSymbolExists.c:
/* */
#include <sys/event.h>
#include <sys/types.h>
#include <sys/time.h>
#include <sys/file.h>
#include <sys/poll.h>
#include <sys/statvfs.h>
#include <sys/stat.h>
#include <sys/lock.h>
#include <sys/timeb.h>
#include <sys/times.h>
#include <sys/uio.h>
#include <sys/utsname.h>
#include <sys/mman.h>
#include <sys/socket.h>
#include <sys/wait.h>
#include <pwd.h>
#include <grp.h>
#include <inttypes.h>
#include <locale.h>
#include <fcntl.h>
#include <signal.h>
#include <stdint.h>
#include <stdlib.h>
#include <string.h>
#include <util.h>
#include <unistd.h>
#include <utime.h>
#include <wchar.h>
#include <dirent.h>
#include <net/if.h>
#include <sched.h>
#include <sys/resource.h>
#include <sys/time.h>
#include <time.h>
#include <stdio.h>
#include <math.h>

int main(int argc, char** argv)
{
  (void)argv;
#ifndef getentropy
  return ((int*)(&getentropy))[argc];
#else
  (void)argc;
  return 0;
#endif
}

Determining if the htole64 exist failed with the following output:
Change Dir: /Users/spinlock/src/wrmsr/cpython/cmake-build-debug/CMakeFiles/CMakeTmp

Run Build Command:"/usr/local/bin/gmake" "cmTC_a373a/fast"
/usr/local/bin/gmake -f CMakeFiles/cmTC_a373a.dir/build.make CMakeFiles/cmTC_a373a.dir/build
gmake[1]: Entering directory '/Users/spinlock/src/wrmsr/cpython/cmake-build-debug/CMakeFiles/CMakeTmp'
Building C object CMakeFiles/cmTC_a373a.dir/CheckSymbolExists.c.o
/Applications/Xcode.app/Contents/Developer/Toolchains/XcodeDefault.xctoolchain/usr/bin/cc -D_ALL_SOURCE=1 -D_BSD_TYPES=1 -D_DARWIN_C_SOURCE=1 -D_FILE_OFFSET_BITS=64 -D_GNU_SOURCE=1 -D_LARGEFILE_SOURCE=1 -D_NETBSD_SOURCE=1 -D_POSIX_PTHREAD_SEMANTICS=1 -D_REENTRANT=1 -D_TANDEM_SOURCE=1 -D__BSD_VISIBLE=1 -D__EXTENSIONS__=1  -arch x86_64 -isysroot /Applications/Xcode.app/Contents/Developer/Platforms/MacOSX.platform/Developer/SDKs/MacOSX10.14.sdk   -o CMakeFiles/cmTC_a373a.dir/CheckSymbolExists.c.o   -c /Users/spinlock/src/wrmsr/cpython/cmake-build-debug/CMakeFiles/CMakeTmp/CheckSymbolExists.c
/Users/spinlock/src/wrmsr/cpython/cmake-build-debug/CMakeFiles/CMakeTmp/CheckSymbolExists.c:43:19: error: use of undeclared identifier 'htole64'
  return ((int*)(&htole64))[argc];
                  ^
1 error generated.
gmake[1]: *** [CMakeFiles/cmTC_a373a.dir/build.make:66: CMakeFiles/cmTC_a373a.dir/CheckSymbolExists.c.o] Error 1
gmake[1]: Leaving directory '/Users/spinlock/src/wrmsr/cpython/cmake-build-debug/CMakeFiles/CMakeTmp'
gmake: *** [Makefile:121: cmTC_a373a/fast] Error 2

File /Users/spinlock/src/wrmsr/cpython/cmake-build-debug/CMakeFiles/CMakeTmp/CheckSymbolExists.c:
/* */
#include <sys/event.h>
#include <sys/types.h>
#include <sys/time.h>
#include <sys/file.h>
#include <sys/poll.h>
#include <sys/statvfs.h>
#include <sys/stat.h>
#include <sys/lock.h>
#include <sys/timeb.h>
#include <sys/times.h>
#include <sys/uio.h>
#include <sys/utsname.h>
#include <sys/mman.h>
#include <sys/socket.h>
#include <sys/wait.h>
#include <pwd.h>
#include <grp.h>
#include <inttypes.h>
#include <locale.h>
#include <fcntl.h>
#include <signal.h>
#include <stdint.h>
#include <stdlib.h>
#include <string.h>
#include <util.h>
#include <unistd.h>
#include <utime.h>
#include <wchar.h>
#include <dirent.h>
#include <net/if.h>
#include <sched.h>
#include <sys/resource.h>
#include <sys/time.h>
#include <time.h>
#include <stdio.h>
#include <math.h>

int main(int argc, char** argv)
{
  (void)argv;
#ifndef htole64
  return ((int*)(&htole64))[argc];
#else
  (void)argc;
  return 0;
#endif
}

Determining if the memrchr exist failed with the following output:
Change Dir: /Users/spinlock/src/wrmsr/cpython/cmake-build-debug/CMakeFiles/CMakeTmp

Run Build Command:"/usr/local/bin/gmake" "cmTC_60388/fast"
/usr/local/bin/gmake -f CMakeFiles/cmTC_60388.dir/build.make CMakeFiles/cmTC_60388.dir/build
gmake[1]: Entering directory '/Users/spinlock/src/wrmsr/cpython/cmake-build-debug/CMakeFiles/CMakeTmp'
Building C object CMakeFiles/cmTC_60388.dir/CheckSymbolExists.c.o
/Applications/Xcode.app/Contents/Developer/Toolchains/XcodeDefault.xctoolchain/usr/bin/cc -D_ALL_SOURCE=1 -D_BSD_TYPES=1 -D_DARWIN_C_SOURCE=1 -D_FILE_OFFSET_BITS=64 -D_GNU_SOURCE=1 -D_LARGEFILE_SOURCE=1 -D_NETBSD_SOURCE=1 -D_POSIX_PTHREAD_SEMANTICS=1 -D_REENTRANT=1 -D_TANDEM_SOURCE=1 -D__BSD_VISIBLE=1 -D__EXTENSIONS__=1  -arch x86_64 -isysroot /Applications/Xcode.app/Contents/Developer/Platforms/MacOSX.platform/Developer/SDKs/MacOSX10.14.sdk   -o CMakeFiles/cmTC_60388.dir/CheckSymbolExists.c.o   -c /Users/spinlock/src/wrmsr/cpython/cmake-build-debug/CMakeFiles/CMakeTmp/CheckSymbolExists.c
/Users/spinlock/src/wrmsr/cpython/cmake-build-debug/CMakeFiles/CMakeTmp/CheckSymbolExists.c:43:19: error: use of undeclared identifier 'memrchr'; did you mean 'memchr'?
  return ((int*)(&memrchr))[argc];
                  ^~~~~~~
                  memchr
/Applications/Xcode.app/Contents/Developer/Platforms/MacOSX.platform/Developer/SDKs/MacOSX10.14.sdk/usr/include/string.h:70:7: note: 'memchr' declared here
void    *memchr(const void *__s, int __c, size_t __n);
         ^
1 error generated.
gmake[1]: *** [CMakeFiles/cmTC_60388.dir/build.make:66: CMakeFiles/cmTC_60388.dir/CheckSymbolExists.c.o] Error 1
gmake[1]: Leaving directory '/Users/spinlock/src/wrmsr/cpython/cmake-build-debug/CMakeFiles/CMakeTmp'
gmake: *** [Makefile:121: cmTC_60388/fast] Error 2

File /Users/spinlock/src/wrmsr/cpython/cmake-build-debug/CMakeFiles/CMakeTmp/CheckSymbolExists.c:
/* */
#include <sys/event.h>
#include <sys/types.h>
#include <sys/time.h>
#include <sys/file.h>
#include <sys/poll.h>
#include <sys/statvfs.h>
#include <sys/stat.h>
#include <sys/lock.h>
#include <sys/timeb.h>
#include <sys/times.h>
#include <sys/uio.h>
#include <sys/utsname.h>
#include <sys/mman.h>
#include <sys/socket.h>
#include <sys/wait.h>
#include <pwd.h>
#include <grp.h>
#include <inttypes.h>
#include <locale.h>
#include <fcntl.h>
#include <signal.h>
#include <stdint.h>
#include <stdlib.h>
#include <string.h>
#include <util.h>
#include <unistd.h>
#include <utime.h>
#include <wchar.h>
#include <dirent.h>
#include <net/if.h>
#include <sched.h>
#include <sys/resource.h>
#include <sys/time.h>
#include <time.h>
#include <stdio.h>
#include <math.h>

int main(int argc, char** argv)
{
  (void)argv;
#ifndef memrchr
  return ((int*)(&memrchr))[argc];
#else
  (void)argc;
  return 0;
#endif
}

Determining if the mkfifoat exist failed with the following output:
Change Dir: /Users/spinlock/src/wrmsr/cpython/cmake-build-debug/CMakeFiles/CMakeTmp

Run Build Command:"/usr/local/bin/gmake" "cmTC_47dd6/fast"
/usr/local/bin/gmake -f CMakeFiles/cmTC_47dd6.dir/build.make CMakeFiles/cmTC_47dd6.dir/build
gmake[1]: Entering directory '/Users/spinlock/src/wrmsr/cpython/cmake-build-debug/CMakeFiles/CMakeTmp'
Building C object CMakeFiles/cmTC_47dd6.dir/CheckSymbolExists.c.o
/Applications/Xcode.app/Contents/Developer/Toolchains/XcodeDefault.xctoolchain/usr/bin/cc -D_ALL_SOURCE=1 -D_BSD_TYPES=1 -D_DARWIN_C_SOURCE=1 -D_FILE_OFFSET_BITS=64 -D_GNU_SOURCE=1 -D_LARGEFILE_SOURCE=1 -D_NETBSD_SOURCE=1 -D_POSIX_PTHREAD_SEMANTICS=1 -D_REENTRANT=1 -D_TANDEM_SOURCE=1 -D__BSD_VISIBLE=1 -D__EXTENSIONS__=1  -arch x86_64 -isysroot /Applications/Xcode.app/Contents/Developer/Platforms/MacOSX.platform/Developer/SDKs/MacOSX10.14.sdk   -o CMakeFiles/cmTC_47dd6.dir/CheckSymbolExists.c.o   -c /Users/spinlock/src/wrmsr/cpython/cmake-build-debug/CMakeFiles/CMakeTmp/CheckSymbolExists.c
/Users/spinlock/src/wrmsr/cpython/cmake-build-debug/CMakeFiles/CMakeTmp/CheckSymbolExists.c:43:19: error: use of undeclared identifier 'mkfifoat'; did you mean 'mkfifo'?
  return ((int*)(&mkfifoat))[argc];
                  ^~~~~~~~
                  mkfifo
/Applications/Xcode.app/Contents/Developer/Platforms/MacOSX.platform/Developer/SDKs/MacOSX10.14.sdk/usr/include/sys/stat.h:360:5: note: 'mkfifo' declared here
int     mkfifo(const char *, mode_t);
        ^
1 error generated.
gmake[1]: *** [CMakeFiles/cmTC_47dd6.dir/build.make:66: CMakeFiles/cmTC_47dd6.dir/CheckSymbolExists.c.o] Error 1
gmake[1]: Leaving directory '/Users/spinlock/src/wrmsr/cpython/cmake-build-debug/CMakeFiles/CMakeTmp'
gmake: *** [Makefile:121: cmTC_47dd6/fast] Error 2

File /Users/spinlock/src/wrmsr/cpython/cmake-build-debug/CMakeFiles/CMakeTmp/CheckSymbolExists.c:
/* */
#include <sys/event.h>
#include <sys/types.h>
#include <sys/time.h>
#include <sys/file.h>
#include <sys/poll.h>
#include <sys/statvfs.h>
#include <sys/stat.h>
#include <sys/lock.h>
#include <sys/timeb.h>
#include <sys/times.h>
#include <sys/uio.h>
#include <sys/utsname.h>
#include <sys/mman.h>
#include <sys/socket.h>
#include <sys/wait.h>
#include <pwd.h>
#include <grp.h>
#include <inttypes.h>
#include <locale.h>
#include <fcntl.h>
#include <signal.h>
#include <stdint.h>
#include <stdlib.h>
#include <string.h>
#include <util.h>
#include <unistd.h>
#include <utime.h>
#include <wchar.h>
#include <dirent.h>
#include <net/if.h>
#include <sched.h>
#include <sys/resource.h>
#include <sys/time.h>
#include <time.h>
#include <stdio.h>
#include <math.h>

int main(int argc, char** argv)
{
  (void)argv;
#ifndef mkfifoat
  return ((int*)(&mkfifoat))[argc];
#else
  (void)argc;
  return 0;
#endif
}

Determining if the mknodat exist failed with the following output:
Change Dir: /Users/spinlock/src/wrmsr/cpython/cmake-build-debug/CMakeFiles/CMakeTmp

Run Build Command:"/usr/local/bin/gmake" "cmTC_01b21/fast"
/usr/local/bin/gmake -f CMakeFiles/cmTC_01b21.dir/build.make CMakeFiles/cmTC_01b21.dir/build
gmake[1]: Entering directory '/Users/spinlock/src/wrmsr/cpython/cmake-build-debug/CMakeFiles/CMakeTmp'
Building C object CMakeFiles/cmTC_01b21.dir/CheckSymbolExists.c.o
/Applications/Xcode.app/Contents/Developer/Toolchains/XcodeDefault.xctoolchain/usr/bin/cc -D_ALL_SOURCE=1 -D_BSD_TYPES=1 -D_DARWIN_C_SOURCE=1 -D_FILE_OFFSET_BITS=64 -D_GNU_SOURCE=1 -D_LARGEFILE_SOURCE=1 -D_NETBSD_SOURCE=1 -D_POSIX_PTHREAD_SEMANTICS=1 -D_REENTRANT=1 -D_TANDEM_SOURCE=1 -D__BSD_VISIBLE=1 -D__EXTENSIONS__=1  -arch x86_64 -isysroot /Applications/Xcode.app/Contents/Developer/Platforms/MacOSX.platform/Developer/SDKs/MacOSX10.14.sdk   -o CMakeFiles/cmTC_01b21.dir/CheckSymbolExists.c.o   -c /Users/spinlock/src/wrmsr/cpython/cmake-build-debug/CMakeFiles/CMakeTmp/CheckSymbolExists.c
/Users/spinlock/src/wrmsr/cpython/cmake-build-debug/CMakeFiles/CMakeTmp/CheckSymbolExists.c:43:19: error: use of undeclared identifier 'mknodat'; did you mean 'mknod'?
  return ((int*)(&mknodat))[argc];
                  ^~~~~~~
                  mknod
/Applications/Xcode.app/Contents/Developer/Platforms/MacOSX.platform/Developer/SDKs/MacOSX10.14.sdk/usr/include/unistd.h:671:6: note: 'mknod' declared here
int      mknod(const char *, mode_t, dev_t);
         ^
1 error generated.
gmake[1]: *** [CMakeFiles/cmTC_01b21.dir/build.make:66: CMakeFiles/cmTC_01b21.dir/CheckSymbolExists.c.o] Error 1
gmake[1]: Leaving directory '/Users/spinlock/src/wrmsr/cpython/cmake-build-debug/CMakeFiles/CMakeTmp'
gmake: *** [Makefile:121: cmTC_01b21/fast] Error 2

File /Users/spinlock/src/wrmsr/cpython/cmake-build-debug/CMakeFiles/CMakeTmp/CheckSymbolExists.c:
/* */
#include <sys/event.h>
#include <sys/types.h>
#include <sys/time.h>
#include <sys/file.h>
#include <sys/poll.h>
#include <sys/statvfs.h>
#include <sys/stat.h>
#include <sys/lock.h>
#include <sys/timeb.h>
#include <sys/times.h>
#include <sys/uio.h>
#include <sys/utsname.h>
#include <sys/mman.h>
#include <sys/socket.h>
#include <sys/wait.h>
#include <pwd.h>
#include <grp.h>
#include <inttypes.h>
#include <locale.h>
#include <fcntl.h>
#include <signal.h>
#include <stdint.h>
#include <stdlib.h>
#include <string.h>
#include <util.h>
#include <unistd.h>
#include <utime.h>
#include <wchar.h>
#include <dirent.h>
#include <net/if.h>
#include <sched.h>
#include <sys/resource.h>
#include <sys/time.h>
#include <time.h>
#include <stdio.h>
#include <math.h>

int main(int argc, char** argv)
{
  (void)argv;
#ifndef mknodat
  return ((int*)(&mknodat))[argc];
#else
  (void)argc;
  return 0;
#endif
}

Determining if the pipe2 exist failed with the following output:
Change Dir: /Users/spinlock/src/wrmsr/cpython/cmake-build-debug/CMakeFiles/CMakeTmp

Run Build Command:"/usr/local/bin/gmake" "cmTC_3e8b3/fast"
/usr/local/bin/gmake -f CMakeFiles/cmTC_3e8b3.dir/build.make CMakeFiles/cmTC_3e8b3.dir/build
gmake[1]: Entering directory '/Users/spinlock/src/wrmsr/cpython/cmake-build-debug/CMakeFiles/CMakeTmp'
Building C object CMakeFiles/cmTC_3e8b3.dir/CheckSymbolExists.c.o
/Applications/Xcode.app/Contents/Developer/Toolchains/XcodeDefault.xctoolchain/usr/bin/cc -D_ALL_SOURCE=1 -D_BSD_TYPES=1 -D_DARWIN_C_SOURCE=1 -D_FILE_OFFSET_BITS=64 -D_GNU_SOURCE=1 -D_LARGEFILE_SOURCE=1 -D_NETBSD_SOURCE=1 -D_POSIX_PTHREAD_SEMANTICS=1 -D_REENTRANT=1 -D_TANDEM_SOURCE=1 -D__BSD_VISIBLE=1 -D__EXTENSIONS__=1  -arch x86_64 -isysroot /Applications/Xcode.app/Contents/Developer/Platforms/MacOSX.platform/Developer/SDKs/MacOSX10.14.sdk   -o CMakeFiles/cmTC_3e8b3.dir/CheckSymbolExists.c.o   -c /Users/spinlock/src/wrmsr/cpython/cmake-build-debug/CMakeFiles/CMakeTmp/CheckSymbolExists.c
/Users/spinlock/src/wrmsr/cpython/cmake-build-debug/CMakeFiles/CMakeTmp/CheckSymbolExists.c:43:19: error: use of undeclared identifier 'pipe2'; did you mean 'pipe'?
  return ((int*)(&pipe2))[argc];
                  ^~~~~
                  pipe
/Applications/Xcode.app/Contents/Developer/Platforms/MacOSX.platform/Developer/SDKs/MacOSX10.14.sdk/usr/include/unistd.h:469:6: note: 'pipe' declared here
int      pipe(int [2]);
         ^
1 error generated.
gmake[1]: *** [CMakeFiles/cmTC_3e8b3.dir/build.make:66: CMakeFiles/cmTC_3e8b3.dir/CheckSymbolExists.c.o] Error 1
gmake[1]: Leaving directory '/Users/spinlock/src/wrmsr/cpython/cmake-build-debug/CMakeFiles/CMakeTmp'
gmake: *** [Makefile:121: cmTC_3e8b3/fast] Error 2

File /Users/spinlock/src/wrmsr/cpython/cmake-build-debug/CMakeFiles/CMakeTmp/CheckSymbolExists.c:
/* */
#include <sys/event.h>
#include <sys/types.h>
#include <sys/time.h>
#include <sys/file.h>
#include <sys/poll.h>
#include <sys/statvfs.h>
#include <sys/stat.h>
#include <sys/lock.h>
#include <sys/timeb.h>
#include <sys/times.h>
#include <sys/uio.h>
#include <sys/utsname.h>
#include <sys/mman.h>
#include <sys/socket.h>
#include <sys/wait.h>
#include <pwd.h>
#include <grp.h>
#include <inttypes.h>
#include <locale.h>
#include <fcntl.h>
#include <signal.h>
#include <stdint.h>
#include <stdlib.h>
#include <string.h>
#include <util.h>
#include <unistd.h>
#include <utime.h>
#include <wchar.h>
#include <dirent.h>
#include <net/if.h>
#include <sched.h>
#include <sys/resource.h>
#include <sys/time.h>
#include <time.h>
#include <stdio.h>
#include <math.h>

int main(int argc, char** argv)
{
  (void)argv;
#ifndef pipe2
  return ((int*)(&pipe2))[argc];
#else
  (void)argc;
  return 0;
#endif
}

Determining if the posix_fadvise exist failed with the following output:
Change Dir: /Users/spinlock/src/wrmsr/cpython/cmake-build-debug/CMakeFiles/CMakeTmp

Run Build Command:"/usr/local/bin/gmake" "cmTC_35637/fast"
/usr/local/bin/gmake -f CMakeFiles/cmTC_35637.dir/build.make CMakeFiles/cmTC_35637.dir/build
gmake[1]: Entering directory '/Users/spinlock/src/wrmsr/cpython/cmake-build-debug/CMakeFiles/CMakeTmp'
Building C object CMakeFiles/cmTC_35637.dir/CheckSymbolExists.c.o
/Applications/Xcode.app/Contents/Developer/Toolchains/XcodeDefault.xctoolchain/usr/bin/cc -D_ALL_SOURCE=1 -D_BSD_TYPES=1 -D_DARWIN_C_SOURCE=1 -D_FILE_OFFSET_BITS=64 -D_GNU_SOURCE=1 -D_LARGEFILE_SOURCE=1 -D_NETBSD_SOURCE=1 -D_POSIX_PTHREAD_SEMANTICS=1 -D_REENTRANT=1 -D_TANDEM_SOURCE=1 -D__BSD_VISIBLE=1 -D__EXTENSIONS__=1  -arch x86_64 -isysroot /Applications/Xcode.app/Contents/Developer/Platforms/MacOSX.platform/Developer/SDKs/MacOSX10.14.sdk   -o CMakeFiles/cmTC_35637.dir/CheckSymbolExists.c.o   -c /Users/spinlock/src/wrmsr/cpython/cmake-build-debug/CMakeFiles/CMakeTmp/CheckSymbolExists.c
/Users/spinlock/src/wrmsr/cpython/cmake-build-debug/CMakeFiles/CMakeTmp/CheckSymbolExists.c:43:19: error: use of undeclared identifier 'posix_fadvise'; did you mean 'posix_madvise'?
  return ((int*)(&posix_fadvise))[argc];
                  ^~~~~~~~~~~~~
                  posix_madvise
/Applications/Xcode.app/Contents/Developer/Platforms/MacOSX.platform/Developer/SDKs/MacOSX10.14.sdk/usr/include/sys/mman.h:235:5: note: 'posix_madvise' declared here
int     posix_madvise(void *, size_t, int);
        ^
1 error generated.
gmake[1]: *** [CMakeFiles/cmTC_35637.dir/build.make:66: CMakeFiles/cmTC_35637.dir/CheckSymbolExists.c.o] Error 1
gmake[1]: Leaving directory '/Users/spinlock/src/wrmsr/cpython/cmake-build-debug/CMakeFiles/CMakeTmp'
gmake: *** [Makefile:121: cmTC_35637/fast] Error 2

File /Users/spinlock/src/wrmsr/cpython/cmake-build-debug/CMakeFiles/CMakeTmp/CheckSymbolExists.c:
/* */
#include <sys/event.h>
#include <sys/types.h>
#include <sys/time.h>
#include <sys/file.h>
#include <sys/poll.h>
#include <sys/statvfs.h>
#include <sys/stat.h>
#include <sys/lock.h>
#include <sys/timeb.h>
#include <sys/times.h>
#include <sys/uio.h>
#include <sys/utsname.h>
#include <sys/mman.h>
#include <sys/socket.h>
#include <sys/wait.h>
#include <pwd.h>
#include <grp.h>
#include <inttypes.h>
#include <locale.h>
#include <fcntl.h>
#include <signal.h>
#include <stdint.h>
#include <stdlib.h>
#include <string.h>
#include <util.h>
#include <unistd.h>
#include <utime.h>
#include <wchar.h>
#include <dirent.h>
#include <net/if.h>
#include <sched.h>
#include <sys/resource.h>
#include <sys/time.h>
#include <time.h>
#include <stdio.h>
#include <math.h>

int main(int argc, char** argv)
{
  (void)argv;
#ifndef posix_fadvise
  return ((int*)(&posix_fadvise))[argc];
#else
  (void)argc;
  return 0;
#endif
}

Determining if the posix_fallocate exist failed with the following output:
Change Dir: /Users/spinlock/src/wrmsr/cpython/cmake-build-debug/CMakeFiles/CMakeTmp

Run Build Command:"/usr/local/bin/gmake" "cmTC_af1f8/fast"
/usr/local/bin/gmake -f CMakeFiles/cmTC_af1f8.dir/build.make CMakeFiles/cmTC_af1f8.dir/build
gmake[1]: Entering directory '/Users/spinlock/src/wrmsr/cpython/cmake-build-debug/CMakeFiles/CMakeTmp'
Building C object CMakeFiles/cmTC_af1f8.dir/CheckSymbolExists.c.o
/Applications/Xcode.app/Contents/Developer/Toolchains/XcodeDefault.xctoolchain/usr/bin/cc -D_ALL_SOURCE=1 -D_BSD_TYPES=1 -D_DARWIN_C_SOURCE=1 -D_FILE_OFFSET_BITS=64 -D_GNU_SOURCE=1 -D_LARGEFILE_SOURCE=1 -D_NETBSD_SOURCE=1 -D_POSIX_PTHREAD_SEMANTICS=1 -D_REENTRANT=1 -D_TANDEM_SOURCE=1 -D__BSD_VISIBLE=1 -D__EXTENSIONS__=1  -arch x86_64 -isysroot /Applications/Xcode.app/Contents/Developer/Platforms/MacOSX.platform/Developer/SDKs/MacOSX10.14.sdk   -o CMakeFiles/cmTC_af1f8.dir/CheckSymbolExists.c.o   -c /Users/spinlock/src/wrmsr/cpython/cmake-build-debug/CMakeFiles/CMakeTmp/CheckSymbolExists.c
/Users/spinlock/src/wrmsr/cpython/cmake-build-debug/CMakeFiles/CMakeTmp/CheckSymbolExists.c:43:19: error: use of undeclared identifier 'posix_fallocate'
  return ((int*)(&posix_fallocate))[argc];
                  ^
1 error generated.
gmake[1]: *** [CMakeFiles/cmTC_af1f8.dir/build.make:66: CMakeFiles/cmTC_af1f8.dir/CheckSymbolExists.c.o] Error 1
gmake[1]: Leaving directory '/Users/spinlock/src/wrmsr/cpython/cmake-build-debug/CMakeFiles/CMakeTmp'
gmake: *** [Makefile:121: cmTC_af1f8/fast] Error 2

File /Users/spinlock/src/wrmsr/cpython/cmake-build-debug/CMakeFiles/CMakeTmp/CheckSymbolExists.c:
/* */
#include <sys/event.h>
#include <sys/types.h>
#include <sys/time.h>
#include <sys/file.h>
#include <sys/poll.h>
#include <sys/statvfs.h>
#include <sys/stat.h>
#include <sys/lock.h>
#include <sys/timeb.h>
#include <sys/times.h>
#include <sys/uio.h>
#include <sys/utsname.h>
#include <sys/mman.h>
#include <sys/socket.h>
#include <sys/wait.h>
#include <pwd.h>
#include <grp.h>
#include <inttypes.h>
#include <locale.h>
#include <fcntl.h>
#include <signal.h>
#include <stdint.h>
#include <stdlib.h>
#include <string.h>
#include <util.h>
#include <unistd.h>
#include <utime.h>
#include <wchar.h>
#include <dirent.h>
#include <net/if.h>
#include <sched.h>
#include <sys/resource.h>
#include <sys/time.h>
#include <time.h>
#include <stdio.h>
#include <math.h>

int main(int argc, char** argv)
{
  (void)argv;
#ifndef posix_fallocate
  return ((int*)(&posix_fallocate))[argc];
#else
  (void)argc;
  return 0;
#endif
}

Determining if the prlimit exist failed with the following output:
Change Dir: /Users/spinlock/src/wrmsr/cpython/cmake-build-debug/CMakeFiles/CMakeTmp

Run Build Command:"/usr/local/bin/gmake" "cmTC_d8db4/fast"
/usr/local/bin/gmake -f CMakeFiles/cmTC_d8db4.dir/build.make CMakeFiles/cmTC_d8db4.dir/build
gmake[1]: Entering directory '/Users/spinlock/src/wrmsr/cpython/cmake-build-debug/CMakeFiles/CMakeTmp'
Building C object CMakeFiles/cmTC_d8db4.dir/CheckSymbolExists.c.o
/Applications/Xcode.app/Contents/Developer/Toolchains/XcodeDefault.xctoolchain/usr/bin/cc -D_ALL_SOURCE=1 -D_BSD_TYPES=1 -D_DARWIN_C_SOURCE=1 -D_FILE_OFFSET_BITS=64 -D_GNU_SOURCE=1 -D_LARGEFILE_SOURCE=1 -D_NETBSD_SOURCE=1 -D_POSIX_PTHREAD_SEMANTICS=1 -D_REENTRANT=1 -D_TANDEM_SOURCE=1 -D__BSD_VISIBLE=1 -D__EXTENSIONS__=1  -arch x86_64 -isysroot /Applications/Xcode.app/Contents/Developer/Platforms/MacOSX.platform/Developer/SDKs/MacOSX10.14.sdk   -o CMakeFiles/cmTC_d8db4.dir/CheckSymbolExists.c.o   -c /Users/spinlock/src/wrmsr/cpython/cmake-build-debug/CMakeFiles/CMakeTmp/CheckSymbolExists.c
/Users/spinlock/src/wrmsr/cpython/cmake-build-debug/CMakeFiles/CMakeTmp/CheckSymbolExists.c:43:19: error: use of undeclared identifier 'prlimit'
  return ((int*)(&prlimit))[argc];
                  ^
1 error generated.
gmake[1]: *** [CMakeFiles/cmTC_d8db4.dir/build.make:66: CMakeFiles/cmTC_d8db4.dir/CheckSymbolExists.c.o] Error 1
gmake[1]: Leaving directory '/Users/spinlock/src/wrmsr/cpython/cmake-build-debug/CMakeFiles/CMakeTmp'
gmake: *** [Makefile:121: cmTC_d8db4/fast] Error 2

File /Users/spinlock/src/wrmsr/cpython/cmake-build-debug/CMakeFiles/CMakeTmp/CheckSymbolExists.c:
/* */
#include <sys/event.h>
#include <sys/types.h>
#include <sys/time.h>
#include <sys/file.h>
#include <sys/poll.h>
#include <sys/statvfs.h>
#include <sys/stat.h>
#include <sys/lock.h>
#include <sys/timeb.h>
#include <sys/times.h>
#include <sys/uio.h>
#include <sys/utsname.h>
#include <sys/mman.h>
#include <sys/socket.h>
#include <sys/wait.h>
#include <pwd.h>
#include <grp.h>
#include <inttypes.h>
#include <locale.h>
#include <fcntl.h>
#include <signal.h>
#include <stdint.h>
#include <stdlib.h>
#include <string.h>
#include <util.h>
#include <unistd.h>
#include <utime.h>
#include <wchar.h>
#include <dirent.h>
#include <net/if.h>
#include <sched.h>
#include <sys/resource.h>
#include <sys/time.h>
#include <time.h>
#include <stdio.h>
#include <math.h>

int main(int argc, char** argv)
{
  (void)argv;
#ifndef prlimit
  return ((int*)(&prlimit))[argc];
#else
  (void)argc;
  return 0;
#endif
}

Determining if the sched_rr_get_interval exist failed with the following output:
Change Dir: /Users/spinlock/src/wrmsr/cpython/cmake-build-debug/CMakeFiles/CMakeTmp

Run Build Command:"/usr/local/bin/gmake" "cmTC_697b5/fast"
/usr/local/bin/gmake -f CMakeFiles/cmTC_697b5.dir/build.make CMakeFiles/cmTC_697b5.dir/build
gmake[1]: Entering directory '/Users/spinlock/src/wrmsr/cpython/cmake-build-debug/CMakeFiles/CMakeTmp'
Building C object CMakeFiles/cmTC_697b5.dir/CheckSymbolExists.c.o
/Applications/Xcode.app/Contents/Developer/Toolchains/XcodeDefault.xctoolchain/usr/bin/cc -D_ALL_SOURCE=1 -D_BSD_TYPES=1 -D_DARWIN_C_SOURCE=1 -D_FILE_OFFSET_BITS=64 -D_GNU_SOURCE=1 -D_LARGEFILE_SOURCE=1 -D_NETBSD_SOURCE=1 -D_POSIX_PTHREAD_SEMANTICS=1 -D_REENTRANT=1 -D_TANDEM_SOURCE=1 -D__BSD_VISIBLE=1 -D__EXTENSIONS__=1  -arch x86_64 -isysroot /Applications/Xcode.app/Contents/Developer/Platforms/MacOSX.platform/Developer/SDKs/MacOSX10.14.sdk   -o CMakeFiles/cmTC_697b5.dir/CheckSymbolExists.c.o   -c /Users/spinlock/src/wrmsr/cpython/cmake-build-debug/CMakeFiles/CMakeTmp/CheckSymbolExists.c
/Users/spinlock/src/wrmsr/cpython/cmake-build-debug/CMakeFiles/CMakeTmp/CheckSymbolExists.c:43:19: error: use of undeclared identifier 'sched_rr_get_interval'
  return ((int*)(&sched_rr_get_interval))[argc];
                  ^
1 error generated.
gmake[1]: *** [CMakeFiles/cmTC_697b5.dir/build.make:66: CMakeFiles/cmTC_697b5.dir/CheckSymbolExists.c.o] Error 1
gmake[1]: Leaving directory '/Users/spinlock/src/wrmsr/cpython/cmake-build-debug/CMakeFiles/CMakeTmp'
gmake: *** [Makefile:121: cmTC_697b5/fast] Error 2

File /Users/spinlock/src/wrmsr/cpython/cmake-build-debug/CMakeFiles/CMakeTmp/CheckSymbolExists.c:
/* */
#include <sys/event.h>
#include <sys/types.h>
#include <sys/time.h>
#include <sys/file.h>
#include <sys/poll.h>
#include <sys/statvfs.h>
#include <sys/stat.h>
#include <sys/lock.h>
#include <sys/timeb.h>
#include <sys/times.h>
#include <sys/uio.h>
#include <sys/utsname.h>
#include <sys/mman.h>
#include <sys/socket.h>
#include <sys/wait.h>
#include <pwd.h>
#include <grp.h>
#include <inttypes.h>
#include <locale.h>
#include <fcntl.h>
#include <signal.h>
#include <stdint.h>
#include <stdlib.h>
#include <string.h>
#include <util.h>
#include <unistd.h>
#include <utime.h>
#include <wchar.h>
#include <dirent.h>
#include <net/if.h>
#include <sched.h>
#include <sys/resource.h>
#include <sys/time.h>
#include <time.h>
#include <stdio.h>
#include <math.h>

int main(int argc, char** argv)
{
  (void)argv;
#ifndef sched_rr_get_interval
  return ((int*)(&sched_rr_get_interval))[argc];
#else
  (void)argc;
  return 0;
#endif
}

Determining if the sched_setaffinity exist failed with the following output:
Change Dir: /Users/spinlock/src/wrmsr/cpython/cmake-build-debug/CMakeFiles/CMakeTmp

Run Build Command:"/usr/local/bin/gmake" "cmTC_0d045/fast"
/usr/local/bin/gmake -f CMakeFiles/cmTC_0d045.dir/build.make CMakeFiles/cmTC_0d045.dir/build
gmake[1]: Entering directory '/Users/spinlock/src/wrmsr/cpython/cmake-build-debug/CMakeFiles/CMakeTmp'
Building C object CMakeFiles/cmTC_0d045.dir/CheckSymbolExists.c.o
/Applications/Xcode.app/Contents/Developer/Toolchains/XcodeDefault.xctoolchain/usr/bin/cc -D_ALL_SOURCE=1 -D_BSD_TYPES=1 -D_DARWIN_C_SOURCE=1 -D_FILE_OFFSET_BITS=64 -D_GNU_SOURCE=1 -D_LARGEFILE_SOURCE=1 -D_NETBSD_SOURCE=1 -D_POSIX_PTHREAD_SEMANTICS=1 -D_REENTRANT=1 -D_TANDEM_SOURCE=1 -D__BSD_VISIBLE=1 -D__EXTENSIONS__=1  -arch x86_64 -isysroot /Applications/Xcode.app/Contents/Developer/Platforms/MacOSX.platform/Developer/SDKs/MacOSX10.14.sdk   -o CMakeFiles/cmTC_0d045.dir/CheckSymbolExists.c.o   -c /Users/spinlock/src/wrmsr/cpython/cmake-build-debug/CMakeFiles/CMakeTmp/CheckSymbolExists.c
/Users/spinlock/src/wrmsr/cpython/cmake-build-debug/CMakeFiles/CMakeTmp/CheckSymbolExists.c:43:19: error: use of undeclared identifier 'sched_setaffinity'
  return ((int*)(&sched_setaffinity))[argc];
                  ^
1 error generated.
gmake[1]: *** [CMakeFiles/cmTC_0d045.dir/build.make:66: CMakeFiles/cmTC_0d045.dir/CheckSymbolExists.c.o] Error 1
gmake[1]: Leaving directory '/Users/spinlock/src/wrmsr/cpython/cmake-build-debug/CMakeFiles/CMakeTmp'
gmake: *** [Makefile:121: cmTC_0d045/fast] Error 2

File /Users/spinlock/src/wrmsr/cpython/cmake-build-debug/CMakeFiles/CMakeTmp/CheckSymbolExists.c:
/* */
#include <sys/event.h>
#include <sys/types.h>
#include <sys/time.h>
#include <sys/file.h>
#include <sys/poll.h>
#include <sys/statvfs.h>
#include <sys/stat.h>
#include <sys/lock.h>
#include <sys/timeb.h>
#include <sys/times.h>
#include <sys/uio.h>
#include <sys/utsname.h>
#include <sys/mman.h>
#include <sys/socket.h>
#include <sys/wait.h>
#include <pwd.h>
#include <grp.h>
#include <inttypes.h>
#include <locale.h>
#include <fcntl.h>
#include <signal.h>
#include <stdint.h>
#include <stdlib.h>
#include <string.h>
#include <util.h>
#include <unistd.h>
#include <utime.h>
#include <wchar.h>
#include <dirent.h>
#include <net/if.h>
#include <sched.h>
#include <sys/resource.h>
#include <sys/time.h>
#include <time.h>
#include <stdio.h>
#include <math.h>

int main(int argc, char** argv)
{
  (void)argv;
#ifndef sched_setaffinity
  return ((int*)(&sched_setaffinity))[argc];
#else
  (void)argc;
  return 0;
#endif
}

Determining if the sched_setparam exist failed with the following output:
Change Dir: /Users/spinlock/src/wrmsr/cpython/cmake-build-debug/CMakeFiles/CMakeTmp

Run Build Command:"/usr/local/bin/gmake" "cmTC_f790f/fast"
/usr/local/bin/gmake -f CMakeFiles/cmTC_f790f.dir/build.make CMakeFiles/cmTC_f790f.dir/build
gmake[1]: Entering directory '/Users/spinlock/src/wrmsr/cpython/cmake-build-debug/CMakeFiles/CMakeTmp'
Building C object CMakeFiles/cmTC_f790f.dir/CheckSymbolExists.c.o
/Applications/Xcode.app/Contents/Developer/Toolchains/XcodeDefault.xctoolchain/usr/bin/cc -D_ALL_SOURCE=1 -D_BSD_TYPES=1 -D_DARWIN_C_SOURCE=1 -D_FILE_OFFSET_BITS=64 -D_GNU_SOURCE=1 -D_LARGEFILE_SOURCE=1 -D_NETBSD_SOURCE=1 -D_POSIX_PTHREAD_SEMANTICS=1 -D_REENTRANT=1 -D_TANDEM_SOURCE=1 -D__BSD_VISIBLE=1 -D__EXTENSIONS__=1  -arch x86_64 -isysroot /Applications/Xcode.app/Contents/Developer/Platforms/MacOSX.platform/Developer/SDKs/MacOSX10.14.sdk   -o CMakeFiles/cmTC_f790f.dir/CheckSymbolExists.c.o   -c /Users/spinlock/src/wrmsr/cpython/cmake-build-debug/CMakeFiles/CMakeTmp/CheckSymbolExists.c
/Users/spinlock/src/wrmsr/cpython/cmake-build-debug/CMakeFiles/CMakeTmp/CheckSymbolExists.c:43:19: error: use of undeclared identifier 'sched_setparam'
  return ((int*)(&sched_setparam))[argc];
                  ^
1 error generated.
gmake[1]: *** [CMakeFiles/cmTC_f790f.dir/build.make:66: CMakeFiles/cmTC_f790f.dir/CheckSymbolExists.c.o] Error 1
gmake[1]: Leaving directory '/Users/spinlock/src/wrmsr/cpython/cmake-build-debug/CMakeFiles/CMakeTmp'
gmake: *** [Makefile:121: cmTC_f790f/fast] Error 2

File /Users/spinlock/src/wrmsr/cpython/cmake-build-debug/CMakeFiles/CMakeTmp/CheckSymbolExists.c:
/* */
#include <sys/event.h>
#include <sys/types.h>
#include <sys/time.h>
#include <sys/file.h>
#include <sys/poll.h>
#include <sys/statvfs.h>
#include <sys/stat.h>
#include <sys/lock.h>
#include <sys/timeb.h>
#include <sys/times.h>
#include <sys/uio.h>
#include <sys/utsname.h>
#include <sys/mman.h>
#include <sys/socket.h>
#include <sys/wait.h>
#include <pwd.h>
#include <grp.h>
#include <inttypes.h>
#include <locale.h>
#include <fcntl.h>
#include <signal.h>
#include <stdint.h>
#include <stdlib.h>
#include <string.h>
#include <util.h>
#include <unistd.h>
#include <utime.h>
#include <wchar.h>
#include <dirent.h>
#include <net/if.h>
#include <sched.h>
#include <sys/resource.h>
#include <sys/time.h>
#include <time.h>
#include <stdio.h>
#include <math.h>

int main(int argc, char** argv)
{
  (void)argv;
#ifndef sched_setparam
  return ((int*)(&sched_setparam))[argc];
#else
  (void)argc;
  return 0;
#endif
}

Determining if the sched_setscheduler exist failed with the following output:
Change Dir: /Users/spinlock/src/wrmsr/cpython/cmake-build-debug/CMakeFiles/CMakeTmp

Run Build Command:"/usr/local/bin/gmake" "cmTC_df714/fast"
/usr/local/bin/gmake -f CMakeFiles/cmTC_df714.dir/build.make CMakeFiles/cmTC_df714.dir/build
gmake[1]: Entering directory '/Users/spinlock/src/wrmsr/cpython/cmake-build-debug/CMakeFiles/CMakeTmp'
Building C object CMakeFiles/cmTC_df714.dir/CheckSymbolExists.c.o
/Applications/Xcode.app/Contents/Developer/Toolchains/XcodeDefault.xctoolchain/usr/bin/cc -D_ALL_SOURCE=1 -D_BSD_TYPES=1 -D_DARWIN_C_SOURCE=1 -D_FILE_OFFSET_BITS=64 -D_GNU_SOURCE=1 -D_LARGEFILE_SOURCE=1 -D_NETBSD_SOURCE=1 -D_POSIX_PTHREAD_SEMANTICS=1 -D_REENTRANT=1 -D_TANDEM_SOURCE=1 -D__BSD_VISIBLE=1 -D__EXTENSIONS__=1  -arch x86_64 -isysroot /Applications/Xcode.app/Contents/Developer/Platforms/MacOSX.platform/Developer/SDKs/MacOSX10.14.sdk   -o CMakeFiles/cmTC_df714.dir/CheckSymbolExists.c.o   -c /Users/spinlock/src/wrmsr/cpython/cmake-build-debug/CMakeFiles/CMakeTmp/CheckSymbolExists.c
/Users/spinlock/src/wrmsr/cpython/cmake-build-debug/CMakeFiles/CMakeTmp/CheckSymbolExists.c:43:19: error: use of undeclared identifier 'sched_setscheduler'
  return ((int*)(&sched_setscheduler))[argc];
                  ^
1 error generated.
gmake[1]: *** [CMakeFiles/cmTC_df714.dir/build.make:66: CMakeFiles/cmTC_df714.dir/CheckSymbolExists.c.o] Error 1
gmake[1]: Leaving directory '/Users/spinlock/src/wrmsr/cpython/cmake-build-debug/CMakeFiles/CMakeTmp'
gmake: *** [Makefile:121: cmTC_df714/fast] Error 2

File /Users/spinlock/src/wrmsr/cpython/cmake-build-debug/CMakeFiles/CMakeTmp/CheckSymbolExists.c:
/* */
#include <sys/event.h>
#include <sys/types.h>
#include <sys/time.h>
#include <sys/file.h>
#include <sys/poll.h>
#include <sys/statvfs.h>
#include <sys/stat.h>
#include <sys/lock.h>
#include <sys/timeb.h>
#include <sys/times.h>
#include <sys/uio.h>
#include <sys/utsname.h>
#include <sys/mman.h>
#include <sys/socket.h>
#include <sys/wait.h>
#include <pwd.h>
#include <grp.h>
#include <inttypes.h>
#include <locale.h>
#include <fcntl.h>
#include <signal.h>
#include <stdint.h>
#include <stdlib.h>
#include <string.h>
#include <util.h>
#include <unistd.h>
#include <utime.h>
#include <wchar.h>
#include <dirent.h>
#include <net/if.h>
#include <sched.h>
#include <sys/resource.h>
#include <sys/time.h>
#include <time.h>
#include <stdio.h>
#include <math.h>

int main(int argc, char** argv)
{
  (void)argv;
#ifndef sched_setscheduler
  return ((int*)(&sched_setscheduler))[argc];
#else
  (void)argc;
  return 0;
#endif
}

Determining if the sigtimedwait exist failed with the following output:
Change Dir: /Users/spinlock/src/wrmsr/cpython/cmake-build-debug/CMakeFiles/CMakeTmp

Run Build Command:"/usr/local/bin/gmake" "cmTC_ff75d/fast"
/usr/local/bin/gmake -f CMakeFiles/cmTC_ff75d.dir/build.make CMakeFiles/cmTC_ff75d.dir/build
gmake[1]: Entering directory '/Users/spinlock/src/wrmsr/cpython/cmake-build-debug/CMakeFiles/CMakeTmp'
Building C object CMakeFiles/cmTC_ff75d.dir/CheckSymbolExists.c.o
/Applications/Xcode.app/Contents/Developer/Toolchains/XcodeDefault.xctoolchain/usr/bin/cc -D_ALL_SOURCE=1 -D_BSD_TYPES=1 -D_DARWIN_C_SOURCE=1 -D_FILE_OFFSET_BITS=64 -D_GNU_SOURCE=1 -D_LARGEFILE_SOURCE=1 -D_NETBSD_SOURCE=1 -D_POSIX_PTHREAD_SEMANTICS=1 -D_REENTRANT=1 -D_TANDEM_SOURCE=1 -D__BSD_VISIBLE=1 -D__EXTENSIONS__=1  -arch x86_64 -isysroot /Applications/Xcode.app/Contents/Developer/Platforms/MacOSX.platform/Developer/SDKs/MacOSX10.14.sdk   -o CMakeFiles/cmTC_ff75d.dir/CheckSymbolExists.c.o   -c /Users/spinlock/src/wrmsr/cpython/cmake-build-debug/CMakeFiles/CMakeTmp/CheckSymbolExists.c
/Users/spinlock/src/wrmsr/cpython/cmake-build-debug/CMakeFiles/CMakeTmp/CheckSymbolExists.c:43:19: error: use of undeclared identifier 'sigtimedwait'
  return ((int*)(&sigtimedwait))[argc];
                  ^
1 error generated.
gmake[1]: *** [CMakeFiles/cmTC_ff75d.dir/build.make:66: CMakeFiles/cmTC_ff75d.dir/CheckSymbolExists.c.o] Error 1
gmake[1]: Leaving directory '/Users/spinlock/src/wrmsr/cpython/cmake-build-debug/CMakeFiles/CMakeTmp'
gmake: *** [Makefile:121: cmTC_ff75d/fast] Error 2

File /Users/spinlock/src/wrmsr/cpython/cmake-build-debug/CMakeFiles/CMakeTmp/CheckSymbolExists.c:
/* */
#include <sys/event.h>
#include <sys/types.h>
#include <sys/time.h>
#include <sys/file.h>
#include <sys/poll.h>
#include <sys/statvfs.h>
#include <sys/stat.h>
#include <sys/lock.h>
#include <sys/timeb.h>
#include <sys/times.h>
#include <sys/uio.h>
#include <sys/utsname.h>
#include <sys/mman.h>
#include <sys/socket.h>
#include <sys/wait.h>
#include <pwd.h>
#include <grp.h>
#include <inttypes.h>
#include <locale.h>
#include <fcntl.h>
#include <signal.h>
#include <stdint.h>
#include <stdlib.h>
#include <string.h>
#include <util.h>
#include <unistd.h>
#include <utime.h>
#include <wchar.h>
#include <dirent.h>
#include <net/if.h>
#include <sched.h>
#include <sys/resource.h>
#include <sys/time.h>
#include <time.h>
#include <stdio.h>
#include <math.h>

int main(int argc, char** argv)
{
  (void)argv;
#ifndef sigtimedwait
  return ((int*)(&sigtimedwait))[argc];
#else
  (void)argc;
  return 0;
#endif
}

Determining if the sigwaitinfo exist failed with the following output:
Change Dir: /Users/spinlock/src/wrmsr/cpython/cmake-build-debug/CMakeFiles/CMakeTmp

Run Build Command:"/usr/local/bin/gmake" "cmTC_593ca/fast"
/usr/local/bin/gmake -f CMakeFiles/cmTC_593ca.dir/build.make CMakeFiles/cmTC_593ca.dir/build
gmake[1]: Entering directory '/Users/spinlock/src/wrmsr/cpython/cmake-build-debug/CMakeFiles/CMakeTmp'
Building C object CMakeFiles/cmTC_593ca.dir/CheckSymbolExists.c.o
/Applications/Xcode.app/Contents/Developer/Toolchains/XcodeDefault.xctoolchain/usr/bin/cc -D_ALL_SOURCE=1 -D_BSD_TYPES=1 -D_DARWIN_C_SOURCE=1 -D_FILE_OFFSET_BITS=64 -D_GNU_SOURCE=1 -D_LARGEFILE_SOURCE=1 -D_NETBSD_SOURCE=1 -D_POSIX_PTHREAD_SEMANTICS=1 -D_REENTRANT=1 -D_TANDEM_SOURCE=1 -D__BSD_VISIBLE=1 -D__EXTENSIONS__=1  -arch x86_64 -isysroot /Applications/Xcode.app/Contents/Developer/Platforms/MacOSX.platform/Developer/SDKs/MacOSX10.14.sdk   -o CMakeFiles/cmTC_593ca.dir/CheckSymbolExists.c.o   -c /Users/spinlock/src/wrmsr/cpython/cmake-build-debug/CMakeFiles/CMakeTmp/CheckSymbolExists.c
/Users/spinlock/src/wrmsr/cpython/cmake-build-debug/CMakeFiles/CMakeTmp/CheckSymbolExists.c:43:19: error: use of undeclared identifier 'sigwaitinfo'
  return ((int*)(&sigwaitinfo))[argc];
                  ^
1 error generated.
gmake[1]: *** [CMakeFiles/cmTC_593ca.dir/build.make:66: CMakeFiles/cmTC_593ca.dir/CheckSymbolExists.c.o] Error 1
gmake[1]: Leaving directory '/Users/spinlock/src/wrmsr/cpython/cmake-build-debug/CMakeFiles/CMakeTmp'
gmake: *** [Makefile:121: cmTC_593ca/fast] Error 2

File /Users/spinlock/src/wrmsr/cpython/cmake-build-debug/CMakeFiles/CMakeTmp/CheckSymbolExists.c:
/* */
#include <sys/event.h>
#include <sys/types.h>
#include <sys/time.h>
#include <sys/file.h>
#include <sys/poll.h>
#include <sys/statvfs.h>
#include <sys/stat.h>
#include <sys/lock.h>
#include <sys/timeb.h>
#include <sys/times.h>
#include <sys/uio.h>
#include <sys/utsname.h>
#include <sys/mman.h>
#include <sys/socket.h>
#include <sys/wait.h>
#include <pwd.h>
#include <grp.h>
#include <inttypes.h>
#include <locale.h>
#include <fcntl.h>
#include <signal.h>
#include <stdint.h>
#include <stdlib.h>
#include <string.h>
#include <util.h>
#include <unistd.h>
#include <utime.h>
#include <wchar.h>
#include <dirent.h>
#include <net/if.h>
#include <sched.h>
#include <sys/resource.h>
#include <sys/time.h>
#include <time.h>
#include <stdio.h>
#include <math.h>

int main(int argc, char** argv)
{
  (void)argv;
#ifndef sigwaitinfo
  return ((int*)(&sigwaitinfo))[argc];
#else
  (void)argc;
  return 0;
#endif
}

Performing C SOURCE FILE Test HAVE_STAT_TV_NSEC failed with the following output:
Change Dir: /Users/spinlock/src/wrmsr/cpython/cmake-build-debug/CMakeFiles/CMakeTmp

Run Build Command:"/usr/local/bin/gmake" "cmTC_798e5/fast"
/usr/local/bin/gmake -f CMakeFiles/cmTC_798e5.dir/build.make CMakeFiles/cmTC_798e5.dir/build
gmake[1]: Entering directory '/Users/spinlock/src/wrmsr/cpython/cmake-build-debug/CMakeFiles/CMakeTmp'
Building C object CMakeFiles/cmTC_798e5.dir/src.c.o
/Applications/Xcode.app/Contents/Developer/Toolchains/XcodeDefault.xctoolchain/usr/bin/cc -D_ALL_SOURCE=1 -D_BSD_TYPES=1 -D_DARWIN_C_SOURCE=1 -D_FILE_OFFSET_BITS=64 -D_GNU_SOURCE=1 -D_LARGEFILE_SOURCE=1 -D_NETBSD_SOURCE=1 -D_POSIX_PTHREAD_SEMANTICS=1 -D_REENTRANT=1 -D_TANDEM_SOURCE=1 -D__BSD_VISIBLE=1 -D__EXTENSIONS__=1  -DHAVE_STAT_TV_NSEC -arch x86_64 -isysroot /Applications/Xcode.app/Contents/Developer/Platforms/MacOSX.platform/Developer/SDKs/MacOSX10.14.sdk   -o CMakeFiles/cmTC_798e5.dir/src.c.o   -c /Users/spinlock/src/wrmsr/cpython/cmake-build-debug/CMakeFiles/CMakeTmp/src.c
/Users/spinlock/src/wrmsr/cpython/cmake-build-debug/CMakeFiles/CMakeTmp/src.c:41:37: error: no member named 'st_mtim' in 'struct stat'
   (void)sizeof(((struct stat *)0)->st_mtim.tv_nsec);
                ~~~~~~~~~~~~~~~~~~  ^
1 error generated.
gmake[1]: *** [CMakeFiles/cmTC_798e5.dir/build.make:66: CMakeFiles/cmTC_798e5.dir/src.c.o] Error 1
gmake[1]: Leaving directory '/Users/spinlock/src/wrmsr/cpython/cmake-build-debug/CMakeFiles/CMakeTmp'
gmake: *** [Makefile:121: cmTC_798e5/fast] Error 2

Source file was:

#include <sys/event.h>
#include <sys/types.h>
#include <sys/time.h>
#include <sys/file.h>
#include <sys/poll.h>
#include <sys/statvfs.h>
#include <sys/stat.h>
#include <sys/lock.h>
#include <sys/timeb.h>
#include <sys/times.h>
#include <sys/uio.h>
#include <sys/utsname.h>
#include <sys/mman.h>
#include <sys/socket.h>
#include <sys/wait.h>
#include <pwd.h>
#include <grp.h>
#include <inttypes.h>
#include <locale.h>
#include <fcntl.h>
#include <signal.h>
#include <stdint.h>
#include <stdlib.h>
#include <string.h>
#include <util.h>
#include <unistd.h>
#include <utime.h>
#include <wchar.h>
#include <dirent.h>
#include <net/if.h>
#include <sched.h>
#include <sys/resource.h>
#include <sys/time.h>
#include <time.h>
#include <stdio.h>
#include <math.h>

int main()
{
   (void)sizeof(((struct stat *)0)->st_mtim.tv_nsec);
   return 0;
}

Performing C SOURCE FILE Test HAVE_MMAP_DEV_ZERO failed with the following compile output:
Change Dir: /Users/spinlock/src/wrmsr/cpython/cmake-build-debug/CMakeFiles/CMakeTmp

Run Build Command:"/usr/local/bin/gmake" "cmTC_ec82d/fast"
/usr/local/bin/gmake -f CMakeFiles/cmTC_ec82d.dir/build.make CMakeFiles/cmTC_ec82d.dir/build
gmake[1]: Entering directory '/Users/spinlock/src/wrmsr/cpython/cmake-build-debug/CMakeFiles/CMakeTmp'
Building C object CMakeFiles/cmTC_ec82d.dir/src.c.o
/Applications/Xcode.app/Contents/Developer/Toolchains/XcodeDefault.xctoolchain/usr/bin/cc -D_ALL_SOURCE=1 -D_BSD_TYPES=1 -D_DARWIN_C_SOURCE=1 -D_FILE_OFFSET_BITS=64 -D_GNU_SOURCE=1 -D_LARGEFILE_SOURCE=1 -D_NETBSD_SOURCE=1 -D_POSIX_PTHREAD_SEMANTICS=1 -D_REENTRANT=1 -D_TANDEM_SOURCE=1 -D__BSD_VISIBLE=1 -D__EXTENSIONS__=1  -DHAVE_MMAP_DEV_ZERO -arch x86_64 -isysroot /Applications/Xcode.app/Contents/Developer/Platforms/MacOSX.platform/Developer/SDKs/MacOSX10.14.sdk   -o CMakeFiles/cmTC_ec82d.dir/src.c.o   -c /Users/spinlock/src/wrmsr/cpython/cmake-build-debug/CMakeFiles/CMakeTmp/src.c
Linking C executable cmTC_ec82d
/Applications/CLion.app/Contents/bin/cmake/mac/bin/cmake -E cmake_link_script CMakeFiles/cmTC_ec82d.dir/link.txt --verbose=1
/Applications/Xcode.app/Contents/Developer/Toolchains/XcodeDefault.xctoolchain/usr/bin/cc  -DHAVE_MMAP_DEV_ZERO -arch x86_64 -isysroot /Applications/Xcode.app/Contents/Developer/Platforms/MacOSX.platform/Developer/SDKs/MacOSX10.14.sdk -Wl,-search_paths_first -Wl,-headerpad_max_install_names   CMakeFiles/cmTC_ec82d.dir/src.c.o  -o cmTC_ec82d 
gmake[1]: Leaving directory '/Users/spinlock/src/wrmsr/cpython/cmake-build-debug/CMakeFiles/CMakeTmp'

...and run output:

Return value: 1
Source file was:

#include <stdlib.h>
#include <sys/types.h>
#include <sys/mman.h>
#include <fcntl.h>
int main(void) {
  int devzero;
  void *retval;
  devzero = open("/dev/zero", O_RDWR);
  if (-1 == devzero) {
    exit(1);
  }
  retval = mmap(NULL, 4096, PROT_READ|PROT_WRITE, MAP_SHARED, devzero, 0);
  if (retval == (void *)-1) {
    exit(1);
  }
  exit(0);
}
Determining if the gethostbyname_r exist failed with the following output:
Change Dir: /Users/spinlock/src/wrmsr/cpython/cmake-build-debug/CMakeFiles/CMakeTmp

Run Build Command:"/usr/local/bin/gmake" "cmTC_7a565/fast"
/usr/local/bin/gmake -f CMakeFiles/cmTC_7a565.dir/build.make CMakeFiles/cmTC_7a565.dir/build
gmake[1]: Entering directory '/Users/spinlock/src/wrmsr/cpython/cmake-build-debug/CMakeFiles/CMakeTmp'
Building C object CMakeFiles/cmTC_7a565.dir/CheckSymbolExists.c.o
/Applications/Xcode.app/Contents/Developer/Toolchains/XcodeDefault.xctoolchain/usr/bin/cc -D_ALL_SOURCE=1 -D_BSD_TYPES=1 -D_DARWIN_C_SOURCE=1 -D_FILE_OFFSET_BITS=64 -D_GNU_SOURCE=1 -D_LARGEFILE_SOURCE=1 -D_NETBSD_SOURCE=1 -D_POSIX_PTHREAD_SEMANTICS=1 -D_REENTRANT=1 -D_TANDEM_SOURCE=1 -D__BSD_VISIBLE=1 -D__EXTENSIONS__=1  -arch x86_64 -isysroot /Applications/Xcode.app/Contents/Developer/Platforms/MacOSX.platform/Developer/SDKs/MacOSX10.14.sdk   -o CMakeFiles/cmTC_7a565.dir/CheckSymbolExists.c.o   -c /Users/spinlock/src/wrmsr/cpython/cmake-build-debug/CMakeFiles/CMakeTmp/CheckSymbolExists.c
/Users/spinlock/src/wrmsr/cpython/cmake-build-debug/CMakeFiles/CMakeTmp/CheckSymbolExists.c:46:19: error: use of undeclared identifier 'gethostbyname_r'
  return ((int*)(&gethostbyname_r))[argc];
                  ^
1 error generated.
gmake[1]: *** [CMakeFiles/cmTC_7a565.dir/build.make:66: CMakeFiles/cmTC_7a565.dir/CheckSymbolExists.c.o] Error 1
gmake[1]: Leaving directory '/Users/spinlock/src/wrmsr/cpython/cmake-build-debug/CMakeFiles/CMakeTmp'
gmake: *** [Makefile:121: cmTC_7a565/fast] Error 2

File /Users/spinlock/src/wrmsr/cpython/cmake-build-debug/CMakeFiles/CMakeTmp/CheckSymbolExists.c:
/* */
#include <sys/event.h>
#include <sys/types.h>
#include <sys/time.h>
#include <sys/file.h>
#include <sys/poll.h>
#include <sys/statvfs.h>
#include <sys/stat.h>
#include <sys/lock.h>
#include <sys/timeb.h>
#include <sys/times.h>
#include <sys/uio.h>
#include <sys/utsname.h>
#include <sys/mman.h>
#include <sys/socket.h>
#include <sys/wait.h>
#include <pwd.h>
#include <grp.h>
#include <inttypes.h>
#include <locale.h>
#include <fcntl.h>
#include <signal.h>
#include <stdint.h>
#include <stdlib.h>
#include <string.h>
#include <util.h>
#include <unistd.h>
#include <utime.h>
#include <wchar.h>
#include <dirent.h>
#include <net/if.h>
#include <sched.h>
#include <sys/resource.h>
#include <sys/time.h>
#include <time.h>
#include <stdio.h>
#include <math.h>
#include <netdb.h>
#include <netinet/in.h>
#include <arpa/inet.h>

int main(int argc, char** argv)
{
  (void)argv;
#ifndef gethostbyname_r
  return ((int*)(&gethostbyname_r))[argc];
#else
  (void)argc;
  return 0;
#endif
}

Determining if the sem_timedwait exist failed with the following output:
Change Dir: /Users/spinlock/src/wrmsr/cpython/cmake-build-debug/CMakeFiles/CMakeTmp

Run Build Command:"/usr/local/bin/gmake" "cmTC_59da2/fast"
/usr/local/bin/gmake -f CMakeFiles/cmTC_59da2.dir/build.make CMakeFiles/cmTC_59da2.dir/build
gmake[1]: Entering directory '/Users/spinlock/src/wrmsr/cpython/cmake-build-debug/CMakeFiles/CMakeTmp'
Building C object CMakeFiles/cmTC_59da2.dir/CheckSymbolExists.c.o
/Applications/Xcode.app/Contents/Developer/Toolchains/XcodeDefault.xctoolchain/usr/bin/cc -D_ALL_SOURCE=1 -D_BSD_TYPES=1 -D_DARWIN_C_SOURCE=1 -D_FILE_OFFSET_BITS=64 -D_GNU_SOURCE=1 -D_LARGEFILE_SOURCE=1 -D_NETBSD_SOURCE=1 -D_POSIX_PTHREAD_SEMANTICS=1 -D_REENTRANT=1 -D_TANDEM_SOURCE=1 -D__BSD_VISIBLE=1 -D__EXTENSIONS__=1  -arch x86_64 -isysroot /Applications/Xcode.app/Contents/Developer/Platforms/MacOSX.platform/Developer/SDKs/MacOSX10.14.sdk   -o CMakeFiles/cmTC_59da2.dir/CheckSymbolExists.c.o   -c /Users/spinlock/src/wrmsr/cpython/cmake-build-debug/CMakeFiles/CMakeTmp/CheckSymbolExists.c
/Users/spinlock/src/wrmsr/cpython/cmake-build-debug/CMakeFiles/CMakeTmp/CheckSymbolExists.c:45:19: error: use of undeclared identifier 'sem_timedwait'; did you mean 'sem_trywait'?
  return ((int*)(&sem_timedwait))[argc];
                  ^~~~~~~~~~~~~
                  sem_trywait
/Applications/Xcode.app/Contents/Developer/Platforms/MacOSX.platform/Developer/SDKs/MacOSX10.14.sdk/usr/include/sys/semaphore.h:58:5: note: 'sem_trywait' declared here
int sem_trywait(sem_t *);
    ^
1 error generated.
gmake[1]: *** [CMakeFiles/cmTC_59da2.dir/build.make:66: CMakeFiles/cmTC_59da2.dir/CheckSymbolExists.c.o] Error 1
gmake[1]: Leaving directory '/Users/spinlock/src/wrmsr/cpython/cmake-build-debug/CMakeFiles/CMakeTmp'
gmake: *** [Makefile:121: cmTC_59da2/fast] Error 2

File /Users/spinlock/src/wrmsr/cpython/cmake-build-debug/CMakeFiles/CMakeTmp/CheckSymbolExists.c:
/* */
#include <sys/event.h>
#include <sys/types.h>
#include <sys/time.h>
#include <sys/file.h>
#include <sys/poll.h>
#include <sys/statvfs.h>
#include <sys/stat.h>
#include <sys/lock.h>
#include <sys/timeb.h>
#include <sys/times.h>
#include <sys/uio.h>
#include <sys/utsname.h>
#include <sys/mman.h>
#include <sys/socket.h>
#include <sys/wait.h>
#include <pwd.h>
#include <grp.h>
#include <inttypes.h>
#include <locale.h>
#include <fcntl.h>
#include <signal.h>
#include <stdint.h>
#include <stdlib.h>
#include <string.h>
#include <util.h>
#include <unistd.h>
#include <utime.h>
#include <wchar.h>
#include <dirent.h>
#include <net/if.h>
#include <sched.h>
#include <sys/resource.h>
#include <sys/time.h>
#include <time.h>
#include <stdio.h>
#include <math.h>
#include <pthread.h>
#include <semaphore.h>

int main(int argc, char** argv)
{
  (void)argv;
#ifndef sem_timedwait
  return ((int*)(&sem_timedwait))[argc];
#else
  (void)argc;
  return 0;
#endif
}

Determining if the rl_catch_signals exist failed with the following output:
Change Dir: /Users/spinlock/src/wrmsr/cpython/cmake-build-debug/CMakeFiles/CMakeTmp

Run Build Command:"/usr/local/bin/gmake" "cmTC_7789f/fast"
/usr/local/bin/gmake -f CMakeFiles/cmTC_7789f.dir/build.make CMakeFiles/cmTC_7789f.dir/build
gmake[1]: Entering directory '/Users/spinlock/src/wrmsr/cpython/cmake-build-debug/CMakeFiles/CMakeTmp'
Building C object CMakeFiles/cmTC_7789f.dir/CheckSymbolExists.c.o
/Applications/Xcode.app/Contents/Developer/Toolchains/XcodeDefault.xctoolchain/usr/bin/cc -D_ALL_SOURCE=1 -D_BSD_TYPES=1 -D_DARWIN_C_SOURCE=1 -D_FILE_OFFSET_BITS=64 -D_GNU_SOURCE=1 -D_LARGEFILE_SOURCE=1 -D_NETBSD_SOURCE=1 -D_POSIX_PTHREAD_SEMANTICS=1 -D_REENTRANT=1 -D_TANDEM_SOURCE=1 -D__BSD_VISIBLE=1 -D__EXTENSIONS__=1  -arch x86_64 -isysroot /Applications/Xcode.app/Contents/Developer/Platforms/MacOSX.platform/Developer/SDKs/MacOSX10.14.sdk   -o CMakeFiles/cmTC_7789f.dir/CheckSymbolExists.c.o   -c /Users/spinlock/src/wrmsr/cpython/cmake-build-debug/CMakeFiles/CMakeTmp/CheckSymbolExists.c
/Users/spinlock/src/wrmsr/cpython/cmake-build-debug/CMakeFiles/CMakeTmp/CheckSymbolExists.c:44:19: error: use of undeclared identifier 'rl_catch_signals'
  return ((int*)(&rl_catch_signals))[argc];
                  ^
1 error generated.
gmake[1]: *** [CMakeFiles/cmTC_7789f.dir/build.make:66: CMakeFiles/cmTC_7789f.dir/CheckSymbolExists.c.o] Error 1
gmake[1]: Leaving directory '/Users/spinlock/src/wrmsr/cpython/cmake-build-debug/CMakeFiles/CMakeTmp'
gmake: *** [Makefile:121: cmTC_7789f/fast] Error 2

File /Users/spinlock/src/wrmsr/cpython/cmake-build-debug/CMakeFiles/CMakeTmp/CheckSymbolExists.c:
/* */
#include <sys/event.h>
#include <sys/types.h>
#include <sys/time.h>
#include <sys/file.h>
#include <sys/poll.h>
#include <sys/statvfs.h>
#include <sys/stat.h>
#include <sys/lock.h>
#include <sys/timeb.h>
#include <sys/times.h>
#include <sys/uio.h>
#include <sys/utsname.h>
#include <sys/mman.h>
#include <sys/socket.h>
#include <sys/wait.h>
#include <pwd.h>
#include <grp.h>
#include <inttypes.h>
#include <locale.h>
#include <fcntl.h>
#include <signal.h>
#include <stdint.h>
#include <stdlib.h>
#include <string.h>
#include <util.h>
#include <unistd.h>
#include <utime.h>
#include <wchar.h>
#include <dirent.h>
#include <net/if.h>
#include <sched.h>
#include <sys/resource.h>
#include <sys/time.h>
#include <time.h>
#include <stdio.h>
#include <math.h>
#include <readline/readline.h>

int main(int argc, char** argv)
{
  (void)argv;
#ifndef rl_catch_signals
  return ((int*)(&rl_catch_signals))[argc];
#else
  (void)argc;
  return 0;
#endif
}

Determining if the rl_completion_suppress_append exist failed with the following output:
Change Dir: /Users/spinlock/src/wrmsr/cpython/cmake-build-debug/CMakeFiles/CMakeTmp

Run Build Command:"/usr/local/bin/gmake" "cmTC_e695d/fast"
/usr/local/bin/gmake -f CMakeFiles/cmTC_e695d.dir/build.make CMakeFiles/cmTC_e695d.dir/build
gmake[1]: Entering directory '/Users/spinlock/src/wrmsr/cpython/cmake-build-debug/CMakeFiles/CMakeTmp'
Building C object CMakeFiles/cmTC_e695d.dir/CheckSymbolExists.c.o
/Applications/Xcode.app/Contents/Developer/Toolchains/XcodeDefault.xctoolchain/usr/bin/cc -D_ALL_SOURCE=1 -D_BSD_TYPES=1 -D_DARWIN_C_SOURCE=1 -D_FILE_OFFSET_BITS=64 -D_GNU_SOURCE=1 -D_LARGEFILE_SOURCE=1 -D_NETBSD_SOURCE=1 -D_POSIX_PTHREAD_SEMANTICS=1 -D_REENTRANT=1 -D_TANDEM_SOURCE=1 -D__BSD_VISIBLE=1 -D__EXTENSIONS__=1  -arch x86_64 -isysroot /Applications/Xcode.app/Contents/Developer/Platforms/MacOSX.platform/Developer/SDKs/MacOSX10.14.sdk   -o CMakeFiles/cmTC_e695d.dir/CheckSymbolExists.c.o   -c /Users/spinlock/src/wrmsr/cpython/cmake-build-debug/CMakeFiles/CMakeTmp/CheckSymbolExists.c
/Users/spinlock/src/wrmsr/cpython/cmake-build-debug/CMakeFiles/CMakeTmp/CheckSymbolExists.c:44:19: error: use of undeclared identifier 'rl_completion_suppress_append'
  return ((int*)(&rl_completion_suppress_append))[argc];
                  ^
1 error generated.
gmake[1]: *** [CMakeFiles/cmTC_e695d.dir/build.make:66: CMakeFiles/cmTC_e695d.dir/CheckSymbolExists.c.o] Error 1
gmake[1]: Leaving directory '/Users/spinlock/src/wrmsr/cpython/cmake-build-debug/CMakeFiles/CMakeTmp'
gmake: *** [Makefile:121: cmTC_e695d/fast] Error 2

File /Users/spinlock/src/wrmsr/cpython/cmake-build-debug/CMakeFiles/CMakeTmp/CheckSymbolExists.c:
/* */
#include <sys/event.h>
#include <sys/types.h>
#include <sys/time.h>
#include <sys/file.h>
#include <sys/poll.h>
#include <sys/statvfs.h>
#include <sys/stat.h>
#include <sys/lock.h>
#include <sys/timeb.h>
#include <sys/times.h>
#include <sys/uio.h>
#include <sys/utsname.h>
#include <sys/mman.h>
#include <sys/socket.h>
#include <sys/wait.h>
#include <pwd.h>
#include <grp.h>
#include <inttypes.h>
#include <locale.h>
#include <fcntl.h>
#include <signal.h>
#include <stdint.h>
#include <stdlib.h>
#include <string.h>
#include <util.h>
#include <unistd.h>
#include <utime.h>
#include <wchar.h>
#include <dirent.h>
#include <net/if.h>
#include <sched.h>
#include <sys/resource.h>
#include <sys/time.h>
#include <time.h>
#include <stdio.h>
#include <math.h>
#include <readline/readline.h>

int main(int argc, char** argv)
{
  (void)argv;
#ifndef rl_completion_suppress_append
  return ((int*)(&rl_completion_suppress_append))[argc];
#else
  (void)argc;
  return 0;
#endif
}

Determining if the rl_resize_terminal exist failed with the following output:
Change Dir: /Users/spinlock/src/wrmsr/cpython/cmake-build-debug/CMakeFiles/CMakeTmp

Run Build Command:"/usr/local/bin/gmake" "cmTC_cb840/fast"
/usr/local/bin/gmake -f CMakeFiles/cmTC_cb840.dir/build.make CMakeFiles/cmTC_cb840.dir/build
gmake[1]: Entering directory '/Users/spinlock/src/wrmsr/cpython/cmake-build-debug/CMakeFiles/CMakeTmp'
Building C object CMakeFiles/cmTC_cb840.dir/CheckSymbolExists.c.o
/Applications/Xcode.app/Contents/Developer/Toolchains/XcodeDefault.xctoolchain/usr/bin/cc -D_ALL_SOURCE=1 -D_BSD_TYPES=1 -D_DARWIN_C_SOURCE=1 -D_FILE_OFFSET_BITS=64 -D_GNU_SOURCE=1 -D_LARGEFILE_SOURCE=1 -D_NETBSD_SOURCE=1 -D_POSIX_PTHREAD_SEMANTICS=1 -D_REENTRANT=1 -D_TANDEM_SOURCE=1 -D__BSD_VISIBLE=1 -D__EXTENSIONS__=1  -arch x86_64 -isysroot /Applications/Xcode.app/Contents/Developer/Platforms/MacOSX.platform/Developer/SDKs/MacOSX10.14.sdk   -o CMakeFiles/cmTC_cb840.dir/CheckSymbolExists.c.o   -c /Users/spinlock/src/wrmsr/cpython/cmake-build-debug/CMakeFiles/CMakeTmp/CheckSymbolExists.c
/Users/spinlock/src/wrmsr/cpython/cmake-build-debug/CMakeFiles/CMakeTmp/CheckSymbolExists.c:44:19: error: use of undeclared identifier 'rl_resize_terminal'; did you mean 'rl_reset_terminal'?
  return ((int*)(&rl_resize_terminal))[argc];
                  ^~~~~~~~~~~~~~~~~~
                  rl_reset_terminal
/Applications/Xcode.app/Contents/Developer/Platforms/MacOSX.platform/Developer/SDKs/MacOSX10.14.sdk/usr/include/readline/readline.h:181:8: note: 'rl_reset_terminal' declared here
void             rl_reset_terminal(const char *);
                 ^
1 error generated.
gmake[1]: *** [CMakeFiles/cmTC_cb840.dir/build.make:66: CMakeFiles/cmTC_cb840.dir/CheckSymbolExists.c.o] Error 1
gmake[1]: Leaving directory '/Users/spinlock/src/wrmsr/cpython/cmake-build-debug/CMakeFiles/CMakeTmp'
gmake: *** [Makefile:121: cmTC_cb840/fast] Error 2

File /Users/spinlock/src/wrmsr/cpython/cmake-build-debug/CMakeFiles/CMakeTmp/CheckSymbolExists.c:
/* */
#include <sys/event.h>
#include <sys/types.h>
#include <sys/time.h>
#include <sys/file.h>
#include <sys/poll.h>
#include <sys/statvfs.h>
#include <sys/stat.h>
#include <sys/lock.h>
#include <sys/timeb.h>
#include <sys/times.h>
#include <sys/uio.h>
#include <sys/utsname.h>
#include <sys/mman.h>
#include <sys/socket.h>
#include <sys/wait.h>
#include <pwd.h>
#include <grp.h>
#include <inttypes.h>
#include <locale.h>
#include <fcntl.h>
#include <signal.h>
#include <stdint.h>
#include <stdlib.h>
#include <string.h>
#include <util.h>
#include <unistd.h>
#include <utime.h>
#include <wchar.h>
#include <dirent.h>
#include <net/if.h>
#include <sched.h>
#include <sys/resource.h>
#include <sys/time.h>
#include <time.h>
#include <stdio.h>
#include <math.h>
#include <readline/readline.h>

int main(int argc, char** argv)
{
  (void)argv;
#ifndef rl_resize_terminal
  return ((int*)(&rl_resize_terminal))[argc];
#else
  (void)argc;
  return 0;
#endif
}

Performing C SOURCE FILE Test WINDOW_HAS_FLAGS failed with the following output:
Change Dir: /Users/spinlock/src/wrmsr/cpython/cmake-build-debug/CMakeFiles/CMakeTmp

Run Build Command:"/usr/local/bin/gmake" "cmTC_70f42/fast"
/usr/local/bin/gmake -f CMakeFiles/cmTC_70f42.dir/build.make CMakeFiles/cmTC_70f42.dir/build
gmake[1]: Entering directory '/Users/spinlock/src/wrmsr/cpython/cmake-build-debug/CMakeFiles/CMakeTmp'
Building C object CMakeFiles/cmTC_70f42.dir/src.c.o
/Applications/Xcode.app/Contents/Developer/Toolchains/XcodeDefault.xctoolchain/usr/bin/cc -D_ALL_SOURCE=1 -D_BSD_TYPES=1 -D_DARWIN_C_SOURCE=1 -D_FILE_OFFSET_BITS=64 -D_GNU_SOURCE=1 -D_LARGEFILE_SOURCE=1 -D_NETBSD_SOURCE=1 -D_POSIX_PTHREAD_SEMANTICS=1 -D_REENTRANT=1 -D_TANDEM_SOURCE=1 -D__BSD_VISIBLE=1 -D__EXTENSIONS__=1  -DWINDOW_HAS_FLAGS -arch x86_64 -isysroot /Applications/Xcode.app/Contents/Developer/Platforms/MacOSX.platform/Developer/SDKs/MacOSX10.14.sdk   -o CMakeFiles/cmTC_70f42.dir/src.c.o   -c /Users/spinlock/src/wrmsr/cpython/cmake-build-debug/CMakeFiles/CMakeTmp/src.c
/Users/spinlock/src/wrmsr/cpython/cmake-build-debug/CMakeFiles/CMakeTmp/src.c:42:30: error: incomplete definition of type 'struct _win_st'
   (void)sizeof(((WINDOW *)0)->_flags);
                ~~~~~~~~~~~~~^
/Applications/Xcode.app/Contents/Developer/Platforms/MacOSX.platform/Developer/SDKs/MacOSX10.14.sdk/usr/include/curses.h:322:16: note: forward declaration of 'struct _win_st'
typedef struct _win_st WINDOW;
               ^
1 error generated.
gmake[1]: *** [CMakeFiles/cmTC_70f42.dir/build.make:66: CMakeFiles/cmTC_70f42.dir/src.c.o] Error 1
gmake[1]: Leaving directory '/Users/spinlock/src/wrmsr/cpython/cmake-build-debug/CMakeFiles/CMakeTmp'
gmake: *** [Makefile:121: cmTC_70f42/fast] Error 2

Source file was:

#include <sys/event.h>
#include <sys/types.h>
#include <sys/time.h>
#include <sys/file.h>
#include <sys/poll.h>
#include <sys/statvfs.h>
#include <sys/stat.h>
#include <sys/lock.h>
#include <sys/timeb.h>
#include <sys/times.h>
#include <sys/uio.h>
#include <sys/utsname.h>
#include <sys/mman.h>
#include <sys/socket.h>
#include <sys/wait.h>
#include <pwd.h>
#include <grp.h>
#include <inttypes.h>
#include <locale.h>
#include <fcntl.h>
#include <signal.h>
#include <stdint.h>
#include <stdlib.h>
#include <string.h>
#include <util.h>
#include <unistd.h>
#include <utime.h>
#include <wchar.h>
#include <dirent.h>
#include <net/if.h>
#include <sched.h>
#include <sys/resource.h>
#include <sys/time.h>
#include <time.h>
#include <stdio.h>
#include <math.h>
#include <curses.h>

int main()
{
   (void)sizeof(((WINDOW *)0)->_flags);
   return 0;
}

Performing C SOURCE FILE Test NOT_VA_LIST_IS_ARRAY failed with the following output:
Change Dir: /Users/spinlock/src/wrmsr/cpython/cmake-build-debug/CMakeFiles/CMakeTmp

Run Build Command:"/usr/local/bin/gmake" "cmTC_fb780/fast"
/usr/local/bin/gmake -f CMakeFiles/cmTC_fb780.dir/build.make CMakeFiles/cmTC_fb780.dir/build
gmake[1]: Entering directory '/Users/spinlock/src/wrmsr/cpython/cmake-build-debug/CMakeFiles/CMakeTmp'
Building C object CMakeFiles/cmTC_fb780.dir/src.c.o
/Applications/Xcode.app/Contents/Developer/Toolchains/XcodeDefault.xctoolchain/usr/bin/cc -D_ALL_SOURCE=1 -D_BSD_TYPES=1 -D_DARWIN_C_SOURCE=1 -D_FILE_OFFSET_BITS=64 -D_GNU_SOURCE=1 -D_LARGEFILE_SOURCE=1 -D_NETBSD_SOURCE=1 -D_POSIX_PTHREAD_SEMANTICS=1 -D_REENTRANT=1 -D_TANDEM_SOURCE=1 -D__BSD_VISIBLE=1 -D__EXTENSIONS__=1  -DNOT_VA_LIST_IS_ARRAY -arch x86_64 -isysroot /Applications/Xcode.app/Contents/Developer/Platforms/MacOSX.platform/Developer/SDKs/MacOSX10.14.sdk   -o CMakeFiles/cmTC_fb780.dir/src.c.o   -c /Users/spinlock/src/wrmsr/cpython/cmake-build-debug/CMakeFiles/CMakeTmp/src.c
/Users/spinlock/src/wrmsr/cpython/cmake-build-debug/CMakeFiles/CMakeTmp/src.c:2:42: error: array type 'va_list' (aka '__builtin_va_list') is not assignable
 int main() {va_list list1, list2; list1 = list2;}
                                   ~~~~~ ^
1 error generated.
gmake[1]: *** [CMakeFiles/cmTC_fb780.dir/build.make:66: CMakeFiles/cmTC_fb780.dir/src.c.o] Error 1
gmake[1]: Leaving directory '/Users/spinlock/src/wrmsr/cpython/cmake-build-debug/CMakeFiles/CMakeTmp'
gmake: *** [Makefile:121: cmTC_fb780/fast] Error 2

Source file was:
#include <stdarg.h>
 int main() {va_list list1, list2; list1 = list2;}
Performing C SOURCE FILE Test GETPGRP_HAVE_ARG failed with the following output:
Change Dir: /Users/spinlock/src/wrmsr/cpython/cmake-build-debug/CMakeFiles/CMakeTmp

Run Build Command:"/usr/local/bin/gmake" "cmTC_267dd/fast"
/usr/local/bin/gmake -f CMakeFiles/cmTC_267dd.dir/build.make CMakeFiles/cmTC_267dd.dir/build
gmake[1]: Entering directory '/Users/spinlock/src/wrmsr/cpython/cmake-build-debug/CMakeFiles/CMakeTmp'
Building C object CMakeFiles/cmTC_267dd.dir/src.c.o
/Applications/Xcode.app/Contents/Developer/Toolchains/XcodeDefault.xctoolchain/usr/bin/cc -D_ALL_SOURCE=1 -D_BSD_TYPES=1 -D_DARWIN_C_SOURCE=1 -D_FILE_OFFSET_BITS=64 -D_GNU_SOURCE=1 -D_LARGEFILE_SOURCE=1 -D_NETBSD_SOURCE=1 -D_POSIX_PTHREAD_SEMANTICS=1 -D_REENTRANT=1 -D_TANDEM_SOURCE=1 -D__BSD_VISIBLE=1 -D__EXTENSIONS__=1  -DGETPGRP_HAVE_ARG -arch x86_64 -isysroot /Applications/Xcode.app/Contents/Developer/Platforms/MacOSX.platform/Developer/SDKs/MacOSX10.14.sdk   -o CMakeFiles/cmTC_267dd.dir/src.c.o   -c /Users/spinlock/src/wrmsr/cpython/cmake-build-debug/CMakeFiles/CMakeTmp/src.c
/Users/spinlock/src/wrmsr/cpython/cmake-build-debug/CMakeFiles/CMakeTmp/src.c:2:22: error: too many arguments to function call, expected 0, have 1
 int main() {getpgrp(0);}
             ~~~~~~~ ^
/Applications/Xcode.app/Contents/Developer/Platforms/MacOSX.platform/Developer/SDKs/MacOSX10.14.sdk/usr/include/unistd.h:458:1: note: 'getpgrp' declared here
pid_t    getpgrp(void);
^
1 error generated.
gmake[1]: *** [CMakeFiles/cmTC_267dd.dir/build.make:66: CMakeFiles/cmTC_267dd.dir/src.c.o] Error 1
gmake[1]: Leaving directory '/Users/spinlock/src/wrmsr/cpython/cmake-build-debug/CMakeFiles/CMakeTmp'
gmake: *** [Makefile:121: cmTC_267dd/fast] Error 2

Source file was:
#include <unistd.h>
 int main() {getpgrp(0);}
Performing C SOURCE FILE Test SETPGRP_HAVE_ARG failed with the following output:
Change Dir: /Users/spinlock/src/wrmsr/cpython/cmake-build-debug/CMakeFiles/CMakeTmp

Run Build Command:"/usr/local/bin/gmake" "cmTC_5946b/fast"
/usr/local/bin/gmake -f CMakeFiles/cmTC_5946b.dir/build.make CMakeFiles/cmTC_5946b.dir/build
gmake[1]: Entering directory '/Users/spinlock/src/wrmsr/cpython/cmake-build-debug/CMakeFiles/CMakeTmp'
Building C object CMakeFiles/cmTC_5946b.dir/src.c.o
/Applications/Xcode.app/Contents/Developer/Toolchains/XcodeDefault.xctoolchain/usr/bin/cc -D_ALL_SOURCE=1 -D_BSD_TYPES=1 -D_DARWIN_C_SOURCE=1 -D_FILE_OFFSET_BITS=64 -D_GNU_SOURCE=1 -D_LARGEFILE_SOURCE=1 -D_NETBSD_SOURCE=1 -D_POSIX_PTHREAD_SEMANTICS=1 -D_REENTRANT=1 -D_TANDEM_SOURCE=1 -D__BSD_VISIBLE=1 -D__EXTENSIONS__=1  -DSETPGRP_HAVE_ARG -arch x86_64 -isysroot /Applications/Xcode.app/Contents/Developer/Platforms/MacOSX.platform/Developer/SDKs/MacOSX10.14.sdk   -o CMakeFiles/cmTC_5946b.dir/src.c.o   -c /Users/spinlock/src/wrmsr/cpython/cmake-build-debug/CMakeFiles/CMakeTmp/src.c
/Users/spinlock/src/wrmsr/cpython/cmake-build-debug/CMakeFiles/CMakeTmp/src.c:2:22: error: too many arguments to function call, expected 0, have 2
 int main() {setpgrp(0, 0);}
             ~~~~~~~ ^~~~
/Applications/Xcode.app/Contents/Developer/Platforms/MacOSX.platform/Developer/SDKs/MacOSX10.14.sdk/usr/include/unistd.h:591:1: note: 'setpgrp' declared here
pid_t    setpgrp(void) __DARWIN_ALIAS(setpgrp);
^
1 error generated.
gmake[1]: *** [CMakeFiles/cmTC_5946b.dir/build.make:66: CMakeFiles/cmTC_5946b.dir/src.c.o] Error 1
gmake[1]: Leaving directory '/Users/spinlock/src/wrmsr/cpython/cmake-build-debug/CMakeFiles/CMakeTmp'
gmake: *** [Makefile:121: cmTC_5946b/fast] Error 2

Source file was:
#include <unistd.h>
 int main() {setpgrp(0, 0);}
Performing C SOURCE FILE Test HAVE_BROKEN_NICE failed with the following compile output:
Change Dir: /Users/spinlock/src/wrmsr/cpython/cmake-build-debug/CMakeFiles/CMakeTmp

Run Build Command:"/usr/local/bin/gmake" "cmTC_d077d/fast"
/usr/local/bin/gmake -f CMakeFiles/cmTC_d077d.dir/build.make CMakeFiles/cmTC_d077d.dir/build
gmake[1]: Entering directory '/Users/spinlock/src/wrmsr/cpython/cmake-build-debug/CMakeFiles/CMakeTmp'
Building C object CMakeFiles/cmTC_d077d.dir/src.c.o
/Applications/Xcode.app/Contents/Developer/Toolchains/XcodeDefault.xctoolchain/usr/bin/cc -D_ALL_SOURCE=1 -D_BSD_TYPES=1 -D_DARWIN_C_SOURCE=1 -D_FILE_OFFSET_BITS=64 -D_GNU_SOURCE=1 -D_LARGEFILE_SOURCE=1 -D_NETBSD_SOURCE=1 -D_POSIX_PTHREAD_SEMANTICS=1 -D_REENTRANT=1 -D_TANDEM_SOURCE=1 -D__BSD_VISIBLE=1 -D__EXTENSIONS__=1  -DHAVE_BROKEN_NICE -arch x86_64 -isysroot /Applications/Xcode.app/Contents/Developer/Platforms/MacOSX.platform/Developer/SDKs/MacOSX10.14.sdk   -o CMakeFiles/cmTC_d077d.dir/src.c.o   -c /Users/spinlock/src/wrmsr/cpython/cmake-build-debug/CMakeFiles/CMakeTmp/src.c
/Users/spinlock/src/wrmsr/cpython/cmake-build-debug/CMakeFiles/CMakeTmp/src.c:4:44: warning: implicitly declaring library function 'exit' with type 'void (int) __attribute__((noreturn))' [-Wimplicit-function-declaration]
        if (val1 != -1 && val1 == nice(2)) exit(0);
                                           ^
/Users/spinlock/src/wrmsr/cpython/cmake-build-debug/CMakeFiles/CMakeTmp/src.c:4:44: note: include the header <stdlib.h> or explicitly provide a declaration for 'exit'
1 warning generated.
Linking C executable cmTC_d077d
/Applications/CLion.app/Contents/bin/cmake/mac/bin/cmake -E cmake_link_script CMakeFiles/cmTC_d077d.dir/link.txt --verbose=1
/Applications/Xcode.app/Contents/Developer/Toolchains/XcodeDefault.xctoolchain/usr/bin/cc  -DHAVE_BROKEN_NICE -arch x86_64 -isysroot /Applications/Xcode.app/Contents/Developer/Platforms/MacOSX.platform/Developer/SDKs/MacOSX10.14.sdk -Wl,-search_paths_first -Wl,-headerpad_max_install_names   CMakeFiles/cmTC_d077d.dir/src.c.o  -o cmTC_d077d 
gmake[1]: Leaving directory '/Users/spinlock/src/wrmsr/cpython/cmake-build-debug/CMakeFiles/CMakeTmp'

...and run output:

Return value: 1
Source file was:
#include <unistd.h>
 int main() {
        int val1 = nice(1); 
        if (val1 != -1 && val1 == nice(2)) exit(0);
        exit(1);}
Performing C SOURCE FILE Test HAVE_BROKEN_POLL failed with the following compile output:
Change Dir: /Users/spinlock/src/wrmsr/cpython/cmake-build-debug/CMakeFiles/CMakeTmp

Run Build Command:"/usr/local/bin/gmake" "cmTC_919ef/fast"
/usr/local/bin/gmake -f CMakeFiles/cmTC_919ef.dir/build.make CMakeFiles/cmTC_919ef.dir/build
gmake[1]: Entering directory '/Users/spinlock/src/wrmsr/cpython/cmake-build-debug/CMakeFiles/CMakeTmp'
Building C object CMakeFiles/cmTC_919ef.dir/src.c.o
/Applications/Xcode.app/Contents/Developer/Toolchains/XcodeDefault.xctoolchain/usr/bin/cc -D_ALL_SOURCE=1 -D_BSD_TYPES=1 -D_DARWIN_C_SOURCE=1 -D_FILE_OFFSET_BITS=64 -D_GNU_SOURCE=1 -D_LARGEFILE_SOURCE=1 -D_NETBSD_SOURCE=1 -D_POSIX_PTHREAD_SEMANTICS=1 -D_REENTRANT=1 -D_TANDEM_SOURCE=1 -D__BSD_VISIBLE=1 -D__EXTENSIONS__=1  -DHAVE_BROKEN_POLL -arch x86_64 -isysroot /Applications/Xcode.app/Contents/Developer/Platforms/MacOSX.platform/Developer/SDKs/MacOSX10.14.sdk   -o CMakeFiles/cmTC_919ef.dir/src.c.o   -c /Users/spinlock/src/wrmsr/cpython/cmake-build-debug/CMakeFiles/CMakeTmp/src.c
/Users/spinlock/src/wrmsr/cpython/cmake-build-debug/CMakeFiles/CMakeTmp/src.c:3:68: warning: implicit declaration of function 'close' is invalid in C99 [-Wimplicit-function-declaration]
    struct pollfd poll_struct = { 42, POLLIN|POLLPRI|POLLOUT, 0 }; close (42);
                                                                   ^
/Users/spinlock/src/wrmsr/cpython/cmake-build-debug/CMakeFiles/CMakeTmp/src.c:5:26: warning: implicitly declaring library function 'exit' with type 'void (int) __attribute__((noreturn))' [-Wimplicit-function-declaration]
    if (poll_test < 0) { exit(0); }
                         ^
/Users/spinlock/src/wrmsr/cpython/cmake-build-debug/CMakeFiles/CMakeTmp/src.c:5:26: note: include the header <stdlib.h> or explicitly provide a declaration for 'exit'
2 warnings generated.
Linking C executable cmTC_919ef
/Applications/CLion.app/Contents/bin/cmake/mac/bin/cmake -E cmake_link_script CMakeFiles/cmTC_919ef.dir/link.txt --verbose=1
/Applications/Xcode.app/Contents/Developer/Toolchains/XcodeDefault.xctoolchain/usr/bin/cc  -DHAVE_BROKEN_POLL -arch x86_64 -isysroot /Applications/Xcode.app/Contents/Developer/Platforms/MacOSX.platform/Developer/SDKs/MacOSX10.14.sdk -Wl,-search_paths_first -Wl,-headerpad_max_install_names   CMakeFiles/cmTC_919ef.dir/src.c.o  -o cmTC_919ef 
gmake[1]: Leaving directory '/Users/spinlock/src/wrmsr/cpython/cmake-build-debug/CMakeFiles/CMakeTmp'

...and run output:

Return value: 1
Source file was:
 #include <poll.h>
    int main () {
    struct pollfd poll_struct = { 42, POLLIN|POLLPRI|POLLOUT, 0 }; close (42);
    int poll_test = poll (&poll_struct, 1, 0);
    if (poll_test < 0) { exit(0); }
    else if (poll_test == 0 && poll_struct.revents != POLLNVAL) { exit(0); }
    else { exit(1); } }
Performing C SOURCE FILE Test HAVE_LINUX_CAN_RAW_FD_FRAMES failed with the following output:
Change Dir: /Users/spinlock/src/wrmsr/cpython/cmake-build-debug/CMakeFiles/CMakeTmp

Run Build Command:"/usr/local/bin/gmake" "cmTC_a4daf/fast"
/usr/local/bin/gmake -f CMakeFiles/cmTC_a4daf.dir/build.make CMakeFiles/cmTC_a4daf.dir/build
gmake[1]: Entering directory '/Users/spinlock/src/wrmsr/cpython/cmake-build-debug/CMakeFiles/CMakeTmp'
Building C object CMakeFiles/cmTC_a4daf.dir/src.c.o
/Applications/Xcode.app/Contents/Developer/Toolchains/XcodeDefault.xctoolchain/usr/bin/cc -D_ALL_SOURCE=1 -D_BSD_TYPES=1 -D_DARWIN_C_SOURCE=1 -D_FILE_OFFSET_BITS=64 -D_GNU_SOURCE=1 -D_LARGEFILE_SOURCE=1 -D_NETBSD_SOURCE=1 -D_POSIX_PTHREAD_SEMANTICS=1 -D_REENTRANT=1 -D_TANDEM_SOURCE=1 -D__BSD_VISIBLE=1 -D__EXTENSIONS__=1  -DHAVE_LINUX_CAN_RAW_FD_FRAMES -arch x86_64 -isysroot /Applications/Xcode.app/Contents/Developer/Platforms/MacOSX.platform/Developer/SDKs/MacOSX10.14.sdk   -o CMakeFiles/cmTC_a4daf.dir/src.c.o   -c /Users/spinlock/src/wrmsr/cpython/cmake-build-debug/CMakeFiles/CMakeTmp/src.c
/Users/spinlock/src/wrmsr/cpython/cmake-build-debug/CMakeFiles/CMakeTmp/src.c:1:10: fatal error: 'linux/can/raw.h' file not found
#include <linux/can/raw.h>
         ^~~~~~~~~~~~~~~~~
1 error generated.
gmake[1]: *** [CMakeFiles/cmTC_a4daf.dir/build.make:66: CMakeFiles/cmTC_a4daf.dir/src.c.o] Error 1
gmake[1]: Leaving directory '/Users/spinlock/src/wrmsr/cpython/cmake-build-debug/CMakeFiles/CMakeTmp'
gmake: *** [Makefile:121: cmTC_a4daf/fast] Error 2

Source file was:
#include <linux/can/raw.h>
 int main () { int can_raw_fd_frames = CAN_RAW_FD_FRAMES; }
